2024-02-23 20:26:16.251 [info] Log level: Info
2024-02-23 20:26:16.251 [info] Validating found git in: "git"
2024-02-23 20:26:16.251 [info] Using git "2.43.0" from "git"
2024-02-23 20:26:16.251 [info] > git rev-parse --show-toplevel [9ms]
2024-02-23 20:26:16.277 [info] > git rev-parse --git-dir --git-common-dir [3ms]
2024-02-23 20:26:16.375 [info] Open repository: /home/sivasli_58/Documents/PROJECTS/MTahir_Bot
2024-02-23 20:26:16.781 [info] > git rev-parse --show-toplevel [87ms]
2024-02-23 20:26:16.786 [info] > git config --get commit.template [98ms]
2024-02-23 20:26:16.868 [info] > git rev-parse --show-toplevel [61ms]
2024-02-23 20:26:16.877 [info] > git for-each-ref --format=%(refname)%00%(upstream:short)%00%(objectname)%00%(upstream:track)%00%(upstream:remotename)%00%(upstream:remoteref) refs/heads/master refs/remotes/master [11ms]
2024-02-23 20:26:16.901 [info] > git status -z -uall [9ms]
2024-02-23 20:26:16.938 [info] > git config --get commit.template [8ms]
2024-02-23 20:26:17.060 [info] > git for-each-ref --format=%(refname)%00%(upstream:short)%00%(objectname)%00%(upstream:track)%00%(upstream:remotename)%00%(upstream:remoteref) refs/heads/master refs/remotes/master [104ms]
2024-02-23 20:26:17.389 [info] > git check-ignore -v -z --stdin [44ms]
2024-02-23 20:26:17.393 [info] > git status -z -uall [6ms]
2024-02-23 20:26:21.501 [info] > git show --textconv :prototype1.py [14ms]
2024-02-23 20:26:21.504 [info] > git ls-files --stage -- /home/sivasli_58/Documents/PROJECTS/MTahir_Bot/prototype1.py [5ms]
2024-02-23 20:26:21.522 [info] > git cat-file -s 85609942db2581e9e0d6dd0adc374e49f2673fda [3ms]
2024-02-23 20:26:22.194 [info] > git fetch [1302ms]
2024-02-23 20:26:22.194 [info] Missing or invalid credentials.
Skip silent fetch commands
Missing or invalid credentials.
Skip silent fetch commands
remote: Repository not found.
fatal: Authentication failed for 'https://github.com/SivasliFerhat58/mtd-bot.git/'
2024-02-23 20:26:22.241 [info] > git config --get commit.template [24ms]
2024-02-23 20:26:22.244 [info] > git for-each-ref --format=%(refname)%00%(upstream:short)%00%(objectname)%00%(upstream:track)%00%(upstream:remotename)%00%(upstream:remoteref) refs/heads/master refs/remotes/master [5ms]
2024-02-23 20:26:22.273 [info] > git status -z -uall [7ms]
2024-02-23 20:28:00.322 [info] > git ls-files --stage -- /home/sivasli_58/Documents/PROJECTS/MTahir_Bot/chapter.json [3ms]
2024-02-23 20:28:00.333 [info] > git show --textconv :chapter.json [29ms]
2024-02-23 20:28:00.336 [info] > git cat-file -s 5f124ea21e0cd4118d63904947d6ff619b092056 [5ms]
2024-02-23 20:29:16.857 [info] > git config --get commit.template [2ms]
2024-02-23 20:29:16.870 [info] > git for-each-ref --format=%(refname)%00%(upstream:short)%00%(objectname)%00%(upstream:track)%00%(upstream:remotename)%00%(upstream:remoteref) refs/heads/master refs/remotes/master [1ms]
2024-02-23 20:29:16.885 [info] > git status -z -uall [2ms]
2024-02-23 20:29:57.130 [info] > git config --get commit.template [16ms]
2024-02-23 20:29:57.131 [info] > git for-each-ref --format=%(refname)%00%(upstream:short)%00%(objectname)%00%(upstream:track)%00%(upstream:remotename)%00%(upstream:remoteref) refs/heads/master refs/remotes/master [3ms]
2024-02-23 20:29:57.147 [info] > git status -z -uall [2ms]
2024-02-23 20:30:40.542 [info] > git show --textconv :prototype1.py [12ms]
2024-02-23 20:30:40.545 [info] > git ls-files --stage -- /home/sivasli_58/Documents/PROJECTS/MTahir_Bot/prototype1.py [4ms]
2024-02-23 20:30:40.556 [info] > git cat-file -s 85609942db2581e9e0d6dd0adc374e49f2673fda [1ms]
2024-02-23 20:31:15.548 [info] > git show --textconv :chapter.json [10ms]
2024-02-23 20:31:15.549 [info] > git ls-files --stage -- /home/sivasli_58/Documents/PROJECTS/MTahir_Bot/chapter.json [1ms]
2024-02-23 20:31:15.560 [info] > git cat-file -s 5f124ea21e0cd4118d63904947d6ff619b092056 [1ms]
2024-02-23 20:31:17.285 [info] > git show --textconv :prototype1.py [16ms]
2024-02-23 20:31:17.326 [info] > git show --textconv :chapter.json [22ms]
2024-02-23 20:31:17.326 [info] > git ls-files --stage -- /home/sivasli_58/Documents/PROJECTS/MTahir_Bot/chapter.json [5ms]
2024-02-23 20:31:17.342 [info] > git ls-files --stage -- /home/sivasli_58/Documents/PROJECTS/MTahir_Bot/prototype1.py [58ms]
2024-02-23 20:31:17.360 [info] > git cat-file -s 85609942db2581e9e0d6dd0adc374e49f2673fda [3ms]
2024-02-23 20:31:17.362 [info] > git cat-file -s 5f124ea21e0cd4118d63904947d6ff619b092056 [22ms]
2024-02-23 20:31:48.341 [info] > git show --textconv :settings.json [14ms]
2024-02-23 20:31:48.342 [info] > git ls-files --stage -- /home/sivasli_58/Documents/PROJECTS/MTahir_Bot/settings.json [3ms]
2024-02-23 20:31:48.356 [info] > git cat-file -s 793f6d148a363f39e77b7afb77570fa6409ed875 [2ms]
2024-02-23 20:31:50.216 [info] > git show --textconv :chapter.json [11ms]
2024-02-23 20:31:50.217 [info] > git ls-files --stage -- /home/sivasli_58/Documents/PROJECTS/MTahir_Bot/chapter.json [1ms]
2024-02-23 20:31:50.229 [info] > git cat-file -s 5f124ea21e0cd4118d63904947d6ff619b092056 [2ms]
2024-02-23 20:31:56.224 [info] > git show --textconv :points.json [20ms]
2024-02-23 20:31:56.227 [info] > git ls-files --stage -- /home/sivasli_58/Documents/PROJECTS/MTahir_Bot/points.json [4ms]
2024-02-23 20:31:56.240 [info] > git cat-file -s f0a17da3c87755f870cae58044680050dc2f954b [1ms]
2024-02-23 20:32:07.255 [info] > git config --get commit.template [12ms]
2024-02-23 20:32:07.255 [info] > git for-each-ref --format=%(refname)%00%(upstream:short)%00%(objectname)%00%(upstream:track)%00%(upstream:remotename)%00%(upstream:remoteref) refs/heads/master refs/remotes/master [1ms]
2024-02-23 20:32:07.268 [info] > git status -z -uall [1ms]
2024-02-23 20:32:31.300 [info] > git for-each-ref --format=%(refname)%00%(upstream:short)%00%(objectname)%00%(upstream:track)%00%(upstream:remotename)%00%(upstream:remoteref) refs/heads/master refs/remotes/master [5ms]
2024-02-23 20:32:31.302 [info] > git config --get commit.template [35ms]
2024-02-23 20:32:31.328 [info] > git status -z -uall [3ms]
2024-02-23 20:33:07.715 [info] > git config --get commit.template [29ms]
2024-02-23 20:33:07.716 [info] > git for-each-ref --format=%(refname)%00%(upstream:short)%00%(objectname)%00%(upstream:track)%00%(upstream:remotename)%00%(upstream:remoteref) refs/heads/master refs/remotes/master [3ms]
2024-02-23 20:33:07.732 [info] > git status -z -uall [2ms]
2024-02-23 20:33:13.362 [info] > git config --get commit.template [32ms]
2024-02-23 20:33:13.364 [info] > git for-each-ref --format=%(refname)%00%(upstream:short)%00%(objectname)%00%(upstream:track)%00%(upstream:remotename)%00%(upstream:remoteref) refs/heads/master refs/remotes/master [5ms]
2024-02-23 20:33:13.388 [info] > git status -z -uall [3ms]
2024-02-23 20:33:33.767 [info] > git show --textconv :test.py [13ms]
2024-02-23 20:33:33.768 [info] > git ls-files --stage -- /home/sivasli_58/Documents/PROJECTS/MTahir_Bot/test.py [3ms]
2024-02-23 20:33:33.780 [info] > git cat-file -s 45d4a3e784fe6ed0e7a43e0681e767057f905359 [2ms]
2024-02-23 20:33:36.552 [info] > git config --get commit.template [20ms]
2024-02-23 20:33:36.553 [info] > git for-each-ref --format=%(refname)%00%(upstream:short)%00%(objectname)%00%(upstream:track)%00%(upstream:remotename)%00%(upstream:remoteref) refs/heads/master refs/remotes/master [3ms]
2024-02-23 20:33:36.576 [info] > git status -z -uall [3ms]
2024-02-23 20:34:27.881 [info] > git show --textconv :prototype1.py [32ms]
2024-02-23 20:34:27.885 [info] > git ls-files --stage -- /home/sivasli_58/Documents/PROJECTS/MTahir_Bot/prototype1.py [6ms]
2024-02-23 20:34:27.916 [info] > git cat-file -s 85609942db2581e9e0d6dd0adc374e49f2673fda [5ms]
2024-02-23 20:36:51.868 [info] > git show --textconv :test.py [16ms]
2024-02-23 20:36:51.869 [info] > git ls-files --stage -- /home/sivasli_58/Documents/PROJECTS/MTahir_Bot/test.py [2ms]
2024-02-23 20:36:51.882 [info] > git cat-file -s 45d4a3e784fe6ed0e7a43e0681e767057f905359 [2ms]
2024-02-23 20:37:16.886 [info] > git config --get commit.template [2ms]
2024-02-23 20:37:16.898 [info] > git for-each-ref --format=%(refname)%00%(upstream:short)%00%(objectname)%00%(upstream:track)%00%(upstream:remotename)%00%(upstream:remoteref) refs/heads/master refs/remotes/master [2ms]
2024-02-23 20:37:16.911 [info] > git status -z -uall [2ms]
2024-02-23 20:37:21.029 [info] > git show --textconv :prototype1.py [13ms]
2024-02-23 20:37:21.030 [info] > git ls-files --stage -- /home/sivasli_58/Documents/PROJECTS/MTahir_Bot/prototype1.py [2ms]
2024-02-23 20:37:21.040 [info] > git cat-file -s 85609942db2581e9e0d6dd0adc374e49f2673fda [1ms]
2024-02-23 20:40:08.034 [info] > git show --textconv :chapter.json [36ms]
2024-02-23 20:40:08.040 [info] > git ls-files --stage -- /home/sivasli_58/Documents/PROJECTS/MTahir_Bot/chapter.json [8ms]
2024-02-23 20:40:08.083 [info] > git cat-file -s 5f124ea21e0cd4118d63904947d6ff619b092056 [6ms]
2024-02-23 20:50:15.766 [info] > git merge-base refs/heads/master refs/remotes/origin/master [2ms]
2024-02-23 20:50:15.783 [info] > git rev-list --count --left-right refs/heads/master...refs/remotes/origin/master [2ms]
2024-02-23 20:50:16.257 [info] > git check-ignore -v -z --stdin [1ms]
2024-02-23 22:58:25.035 [info] > git show --textconv :chapter.json [15ms]
2024-02-23 22:58:25.036 [info] > git ls-files --stage -- /home/sivasli_58/Documents/PROJECTS/MTahir_Bot/chapter.json [2ms]
2024-02-23 22:58:25.052 [info] > git cat-file -s 5f124ea21e0cd4118d63904947d6ff619b092056 [2ms]
