2024-02-21 00:53:18.402 [info] Reading sessions from keychain...
2024-02-21 00:53:18.402 [info] Getting sessions for all scopes...
2024-02-21 00:53:18.410 [info] Getting sessions for read:user...
2024-02-21 00:53:18.412 [info] Got stored sessions!
2024-02-21 00:53:18.412 [info] Got 2 verified sessions.
2024-02-21 00:53:18.412 [info] Got 2 sessions for ...
2024-02-21 00:53:18.412 [info] Got 0 sessions for read:user...
2024-02-21 00:53:18.420 [info] Getting sessions for user:email...
2024-02-21 00:53:18.421 [info] Got 1 sessions for user:email...
2024-02-21 00:53:18.702 [info] Getting sessions for all scopes...
2024-02-21 00:53:18.702 [info] Got 2 sessions for ...
2024-02-21 01:18:19.366 [info] Getting sessions for read:user...
2024-02-21 01:18:19.366 [info] Got 0 sessions for read:user...
2024-02-21 01:18:19.368 [info] Getting sessions for user:email...
2024-02-21 01:18:19.368 [info] Got 1 sessions for user:email...
2024-02-21 01:31:40.421 [info] Reading sessions from keychain...
2024-02-21 01:31:40.421 [info] Getting sessions for all scopes...
2024-02-21 01:31:40.421 [info] Got stored sessions!
2024-02-21 01:31:40.421 [info] Got 2 verified sessions.
2024-02-21 01:31:40.421 [info] Got 2 sessions for ...
2024-02-21 01:31:40.421 [info] Getting sessions for read:user...
2024-02-21 01:31:40.421 [info] Got 0 sessions for read:user...
2024-02-21 01:31:40.454 [info] Getting sessions for user:email...
2024-02-21 01:31:40.454 [info] Got 1 sessions for user:email...
2024-02-21 01:31:40.455 [info] Getting sessions for read:user,repo,user:email,workflow...
2024-02-21 01:31:40.455 [info] Got 1 sessions for read:user,repo,user:email,workflow...
2024-02-21 01:31:41.253 [info] Getting sessions for read:user,repo,user:email,workflow...
2024-02-21 01:31:41.253 [info] Got 1 sessions for read:user,repo,user:email,workflow...
2024-02-21 01:31:46.200 [info] Getting sessions for all scopes...
2024-02-21 01:31:46.200 [info] Got 2 sessions for ...
2024-02-21 01:31:46.224 [info] Getting sessions for all scopes...
2024-02-21 01:31:46.224 [info] Got 2 sessions for ...
2024-02-21 01:56:41.465 [info] Getting sessions for read:user...
2024-02-21 01:56:41.465 [info] Got 0 sessions for read:user...
2024-02-21 01:56:41.467 [info] Getting sessions for user:email...
2024-02-21 01:56:41.467 [info] Got 1 sessions for user:email...
