2024-02-21 00:53:15.943 [info] Added views:workbench.panel.markers.view in workbench.panel.markers
2024-02-21 00:53:15.943 [info] Added views:workbench.panel.output in workbench.panel.output
2024-02-21 00:53:15.943 [info] Added views:terminal in terminal
2024-02-21 00:53:15.943 [info] Added views:outline in workbench.view.explorer
2024-02-21 00:53:15.943 [info] Added views:workbench.scm in workbench.view.scm
2024-02-21 00:53:15.943 [info] Added views:workbench.view.search in workbench.view.search
2024-02-21 00:53:15.943 [info] Added views:timeline in workbench.view.explorer
2024-02-21 00:53:15.943 [info] Added views:workbench.explorer.fileView in workbench.view.explorer
2024-02-21 00:53:16.734 [info] Added views:houston.hello in workbench.view.explorer
2024-02-21 00:53:16.873 [info] Added views:workbench.debug.welcome in workbench.view.debug
2024-02-21 00:53:17.459 [info] Added views:workbench.panel.repl.view in workbench.panel.repl
2024-02-21 00:53:18.711 [info] Added views:~remote.forwardedPorts in ~remote.forwardedPortsContainer
2024-02-21 01:31:39.087 [info] Added views:workbench.panel.markers.view in workbench.panel.markers
2024-02-21 01:31:39.087 [info] Added views:workbench.panel.output in workbench.panel.output
2024-02-21 01:31:39.087 [info] Added views:terminal in terminal
2024-02-21 01:31:39.087 [info] Added views:outline in workbench.view.explorer
2024-02-21 01:31:39.087 [info] Added views:workbench.scm in workbench.view.scm
2024-02-21 01:31:39.087 [info] Added views:workbench.view.search in workbench.view.search
2024-02-21 01:31:39.087 [info] Added views:timeline in workbench.view.explorer
2024-02-21 01:31:39.087 [info] Added views:workbench.explorer.fileView in workbench.view.explorer
2024-02-21 01:31:39.597 [info] Added views:houston.hello in workbench.view.explorer
2024-02-21 01:31:39.881 [info] Added views:workbench.debug.welcome in workbench.view.debug
2024-02-21 01:31:39.909 [info] Added views:workbench.panel.repl.view in workbench.panel.repl
2024-02-21 01:31:45.253 [info] Added views:~remote.forwardedPorts in ~remote.forwardedPortsContainer
2024-02-21 01:33:19.534 [info] Added views:workbench.view.testing in workbench.view.extension.test
2024-02-21 01:41:51.633 [info] Added views:workbench.views.extensions.installed,workbench.views.extensions.popular,extensions.recommendedList in workbench.view.extensions
2024-02-21 01:41:51.641 [info] Removed views:workbench.views.extensions.popular from workbench.view.extensions
2024-02-21 01:41:56.510 [info] Removed views:extensions.recommendedList,workbench.views.extensions.installed from workbench.view.extensions
2024-02-21 01:41:56.519 [info] Added views:workbench.views.extensions.marketplace in workbench.view.extensions
2024-02-21 01:42:00.011 [info] Removed views:workbench.views.extensions.marketplace from workbench.view.extensions
2024-02-21 01:42:00.020 [info] Added views:workbench.views.extensions.installed,extensions.recommendedList in workbench.view.extensions
2024-02-21 01:42:01.476 [info] Removed views:extensions.recommendedList,workbench.views.extensions.installed from workbench.view.extensions
2024-02-21 01:42:01.485 [info] Added views:workbench.views.extensions.marketplace in workbench.view.extensions
2024-02-21 01:42:05.392 [info] Removed views:workbench.views.extensions.marketplace from workbench.view.extensions
2024-02-21 01:42:05.403 [info] Added views:workbench.views.extensions.installed,extensions.recommendedList in workbench.view.extensions
2024-02-21 01:42:07.624 [info] Removed views:extensions.recommendedList,workbench.views.extensions.installed from workbench.view.extensions
2024-02-21 01:42:07.642 [info] Added views:workbench.views.extensions.marketplace in workbench.view.extensions
2024-02-21 02:09:18.823 [info] Removed views:workbench.view.testing from workbench.view.extension.test
