2024-02-24 08:58:49.017 [info] Reading sessions from keychain...
2024-02-24 08:58:49.017 [info] Getting sessions for all scopes...
2024-02-24 08:58:49.017 [info] Got stored sessions!
2024-02-24 08:58:49.017 [info] Got 2 verified sessions.
2024-02-24 08:58:49.017 [info] Got 2 sessions for ...
2024-02-24 08:58:49.017 [info] Getting sessions for read:user...
2024-02-24 08:58:49.017 [info] Got 0 sessions for read:user...
2024-02-24 08:58:49.017 [info] Getting sessions for read:user,repo,user:email,workflow...
2024-02-24 08:58:49.017 [info] Got 1 sessions for read:user,repo,user:email,workflow...
2024-02-24 08:58:49.017 [info] Getting sessions for all scopes...
2024-02-24 08:58:49.017 [info] Got 2 sessions for ...
2024-02-24 08:58:49.135 [info] Getting sessions for user:email...
2024-02-24 08:58:49.135 [info] Got 1 sessions for user:email...
2024-02-24 08:58:49.908 [info] Getting sessions for read:user,repo,user:email,workflow...
2024-02-24 08:58:49.908 [info] Got 1 sessions for read:user,repo,user:email,workflow...
2024-02-24 09:23:49.978 [info] Getting sessions for read:user...
2024-02-24 09:23:49.978 [info] Got 0 sessions for read:user...
2024-02-24 09:23:49.983 [info] Getting sessions for user:email...
2024-02-24 09:23:49.983 [info] Got 1 sessions for user:email...
2024-02-24 09:48:50.628 [info] Getting sessions for read:user...
2024-02-24 09:48:50.628 [info] Got 0 sessions for read:user...
2024-02-24 09:48:50.633 [info] Getting sessions for user:email...
2024-02-24 09:48:50.634 [info] Got 1 sessions for user:email...
2024-02-24 10:13:51.349 [info] Getting sessions for read:user...
2024-02-24 10:13:51.349 [info] Got 0 sessions for read:user...
2024-02-24 10:13:51.351 [info] Getting sessions for user:email...
2024-02-24 10:13:51.351 [info] Got 1 sessions for user:email...
