2024-02-24 11:29:10.213 [info] Reading sessions from keychain...
2024-02-24 11:29:10.213 [info] Getting sessions for all scopes...
2024-02-24 11:29:10.213 [info] Got stored sessions!
2024-02-24 11:29:10.213 [info] Got 2 verified sessions.
2024-02-24 11:29:10.213 [info] Got 2 sessions for ...
2024-02-24 11:29:10.234 [info] Getting sessions for read:user...
2024-02-24 11:29:10.234 [info] Got 0 sessions for read:user...
2024-02-24 11:29:10.235 [info] Getting sessions for read:user,repo,user:email,workflow...
2024-02-24 11:29:10.235 [info] Got 1 sessions for read:user,repo,user:email,workflow...
2024-02-24 11:29:10.507 [info] Getting sessions for user:email...
2024-02-24 11:29:10.507 [info] Got 1 sessions for user:email...
2024-02-24 11:29:10.729 [info] Getting sessions for all scopes...
2024-02-24 11:29:10.729 [info] Got 2 sessions for ...
2024-02-24 11:29:13.729 [info] Getting sessions for read:user,repo,user:email,workflow...
2024-02-24 11:29:13.729 [info] Got 1 sessions for read:user,repo,user:email,workflow...
2024-02-24 11:54:14.306 [info] Getting sessions for read:user...
2024-02-24 11:54:14.307 [info] Got 0 sessions for read:user...
2024-02-24 11:54:14.312 [info] Getting sessions for user:email...
2024-02-24 11:54:14.312 [info] Got 1 sessions for user:email...
2024-02-24 12:19:15.211 [info] Getting sessions for read:user...
2024-02-24 12:19:15.211 [info] Got 0 sessions for read:user...
2024-02-24 12:19:15.217 [info] Getting sessions for user:email...
2024-02-24 12:19:15.217 [info] Got 1 sessions for user:email...
