2024-02-15T12:07:08.549Z 0: 

----------------------------------------------
2024-02-15T12:07:08.573Z 1: Discord starting: {"releaseChannel":"stable","version":"0.0.43"}, modulepath: /home/sivasli_58/.config/discord/0.0.43/modules
2024-02-15T12:07:08.582Z 2: ✅ webContents.created web1 ""
2024-02-15T12:07:08.605Z 3: ✅ window.created win1 "discord"
2024-02-15T12:07:09.544Z 4: ✅ webContents.did-finish-load web1
2024-02-15T12:10:08.865Z 5: ✅ webContents.created web2 ""
2024-02-15T12:10:08.871Z 6: ✅ window.created win2 "Discord"
2024-02-15T12:10:39.302Z 7: ✅ webContents.did-finish-load web2
2024-02-15T12:10:39.396Z 8: window.close win1
2024-02-15T12:10:39.422Z 9: webContents.destroyed web1
2024-02-15T12:10:39.423Z 10: window.closed win1
2024-02-15T12:23:24.642Z 11: window.close win2
2024-02-15T12:23:28.992Z 12: before-quit
2024-02-15T13:50:25.342Z 0: 

----------------------------------------------
2024-02-15T13:50:25.374Z 1: Discord starting: {"releaseChannel":"stable","version":"0.0.43"}, modulepath: /home/sivasli_58/.config/discord/0.0.43/modules
2024-02-15T13:50:25.380Z 2: ✅ webContents.created web1 ""
2024-02-15T13:50:25.384Z 3: ✅ window.created win1 "discord"
2024-02-15T13:50:25.784Z 4: ✅ webContents.did-finish-load web1
2024-02-15T13:50:30.486Z 5: ✅ webContents.created web2 ""
2024-02-15T13:50:30.491Z 6: ✅ window.created win2 "Discord"
2024-02-15T13:50:36.977Z 7: ✅ webContents.did-finish-load web2
2024-02-15T13:50:37.070Z 8: window.close win1
2024-02-15T13:50:37.085Z 9: webContents.destroyed web1
2024-02-15T13:50:37.088Z 10: window.closed win1
2024-02-15T14:18:01.934Z 11: window.close win2
2024-02-15T14:18:04.979Z 0: 

----------------------------------------------
2024-02-15T14:18:05.017Z 1: Discord starting: {"releaseChannel":"stable","version":"0.0.43"}, modulepath: /home/sivasli_58/.config/discord/0.0.43/modules
2024-02-15T14:25:40.614Z 12: window.close win2
2024-02-15T14:26:13.113Z 0: 

----------------------------------------------
2024-02-15T14:26:13.121Z 1: Discord starting: {"releaseChannel":"stable","version":"0.0.43"}, modulepath: /home/sivasli_58/.config/discord/0.0.43/modules
2024-02-15T14:43:10.051Z 13: window.close win2
2024-02-15T14:43:14.904Z 14: before-quit
2024-02-15T18:12:10.768Z 0: 

----------------------------------------------
2024-02-15T18:12:10.793Z 1: Discord starting: {"releaseChannel":"stable","version":"0.0.43"}, modulepath: /home/sivasli_58/.config/discord/0.0.43/modules
2024-02-15T18:12:10.796Z 2: ✅ webContents.created web1 ""
2024-02-15T18:12:10.800Z 3: ✅ window.created win1 "discord"
2024-02-15T18:12:11.885Z 4: ✅ webContents.did-finish-load web1
2024-02-15T18:12:12.653Z 5: ✅ webContents.created web2 ""
2024-02-15T18:12:12.659Z 6: ✅ window.created win2 "Discord"
2024-02-15T18:12:15.908Z 7: ✅ webContents.did-finish-load web2
2024-02-15T18:12:16.004Z 8: window.close win1
2024-02-15T18:12:16.027Z 9: webContents.destroyed web1
2024-02-15T18:12:16.030Z 10: window.closed win1
2024-02-15T21:05:57.639Z 11: window.close win2
2024-02-16T15:22:22.676Z 0: 

----------------------------------------------
2024-02-16T15:22:22.691Z 1: Discord starting: {"releaseChannel":"stable","version":"0.0.43"}, modulepath: /home/sivasli_58/.config/discord/0.0.43/modules
2024-02-16T15:22:22.712Z 2: ✅ webContents.created web1 ""
2024-02-16T15:22:22.715Z 3: ✅ window.created win1 "discord"
2024-02-16T15:22:23.756Z 4: ✅ webContents.did-finish-load web1
2024-02-16T15:22:24.400Z 5: ✅ webContents.created web2 ""
2024-02-16T15:22:24.404Z 6: ✅ window.created win2 "Discord"
2024-02-16T15:22:29.151Z 7: ✅ webContents.did-finish-load web2
2024-02-16T15:22:29.247Z 8: window.close win1
2024-02-16T15:22:29.309Z 9: webContents.destroyed web1
2024-02-16T15:22:29.314Z 10: window.closed win1
2024-02-16T15:44:23.027Z 11: before-quit
2024-02-17T16:07:35.618Z 0: 

----------------------------------------------
2024-02-17T16:07:35.645Z 1: Discord starting: {"releaseChannel":"stable","version":"0.0.43"}, modulepath: /home/sivasli_58/.config/discord/0.0.43/modules
2024-02-17T16:07:35.650Z 2: ✅ webContents.created web1 ""
2024-02-17T16:07:35.653Z 3: ✅ window.created win1 "discord"
2024-02-17T16:07:36.666Z 4: ✅ webContents.did-finish-load web1
2024-02-17T16:07:37.491Z 5: ✅ webContents.created web2 ""
2024-02-17T16:07:37.510Z 6: ✅ window.created win2 "Discord"
2024-02-17T16:07:50.009Z 7: ✅ webContents.did-finish-load web2
2024-02-17T16:07:50.106Z 8: window.close win1
2024-02-17T16:07:50.131Z 9: webContents.destroyed web1
2024-02-17T16:07:50.136Z 10: window.closed win1
2024-02-17T17:22:32.720Z 0: 

----------------------------------------------
2024-02-17T17:22:32.733Z 1: Discord starting: {"releaseChannel":"stable","version":"0.0.43"}, modulepath: /home/sivasli_58/.config/discord/0.0.43/modules
2024-02-17T17:22:32.756Z 2: ✅ webContents.created web1 ""
2024-02-17T17:22:32.758Z 3: ✅ window.created win1 "discord"
2024-02-17T17:22:33.772Z 4: ✅ webContents.did-finish-load web1
2024-02-17T17:22:35.361Z 5: ✅ webContents.created web2 ""
2024-02-17T17:22:35.364Z 6: ✅ window.created win2 "Discord"
2024-02-17T17:22:39.798Z 7: ✅ webContents.did-finish-load web2
2024-02-17T17:22:39.891Z 8: window.close win1
2024-02-17T17:22:39.951Z 9: webContents.destroyed web1
2024-02-17T17:22:39.966Z 10: window.closed win1
2024-02-17T21:27:35.551Z 11: window.close win2
2024-02-17T21:33:38.597Z 12: before-quit
2024-02-17T21:33:38.603Z 13: window.close win2
2024-02-17T21:33:38.610Z 14: ❌ child-process-gone {
  type: 'Utility',
  reason: 'killed',
  exitCode: 15,
  serviceName: 'audio.mojom.AudioService',
  name: 'Audio Service'
}
2024-02-18T09:11:17.608Z 0: 

----------------------------------------------
2024-02-18T09:11:17.625Z 1: Discord starting: {"releaseChannel":"stable","version":"0.0.43"}, modulepath: /home/sivasli_58/.config/discord/0.0.43/modules
2024-02-18T09:11:17.645Z 2: ✅ webContents.created web1 ""
2024-02-18T09:11:17.648Z 3: ✅ window.created win1 "discord"
2024-02-18T09:11:18.672Z 4: ✅ webContents.did-finish-load web1
2024-02-18T09:11:19.291Z 5: ✅ webContents.created web2 ""
2024-02-18T09:11:19.297Z 6: ✅ window.created win2 "Discord"
2024-02-18T09:11:22.834Z 7: ✅ webContents.did-finish-load web2
2024-02-18T09:11:22.928Z 8: window.close win1
2024-02-18T09:11:22.975Z 9: webContents.destroyed web1
2024-02-18T09:11:22.986Z 10: window.closed win1
2024-02-18T09:49:30.825Z 11: window.close win2
2024-02-18T09:49:34.225Z 12: before-quit
2024-02-18T14:01:08.502Z 0: 

----------------------------------------------
2024-02-18T14:01:08.515Z 1: Discord starting: {"releaseChannel":"stable","version":"0.0.43"}, modulepath: /home/sivasli_58/.config/discord/0.0.43/modules
2024-02-18T14:01:08.532Z 2: ✅ webContents.created web1 ""
2024-02-18T14:01:08.535Z 3: ✅ window.created win1 "discord"
2024-02-18T14:01:09.537Z 4: ✅ webContents.did-finish-load web1
2024-02-18T14:01:10.270Z 5: ✅ webContents.created web2 ""
2024-02-18T14:01:10.274Z 6: ✅ window.created win2 "Discord"
2024-02-18T14:01:13.462Z 7: ✅ webContents.did-finish-load web2
2024-02-18T14:01:13.560Z 8: window.close win1
2024-02-18T14:01:13.577Z 9: webContents.destroyed web1
2024-02-18T14:01:13.580Z 10: window.closed win1
2024-02-18T20:19:21.839Z 0: 

----------------------------------------------
2024-02-18T20:19:21.856Z 1: Discord starting: {"releaseChannel":"stable","version":"0.0.43"}, modulepath: /home/sivasli_58/.config/discord/0.0.43/modules
2024-02-18T20:19:21.873Z 2: ✅ webContents.created web1 ""
2024-02-18T20:19:21.875Z 3: ✅ window.created win1 "discord"
2024-02-18T20:19:22.831Z 4: ✅ webContents.did-finish-load web1
2024-02-18T20:19:23.415Z 5: ✅ webContents.created web2 ""
2024-02-18T20:19:23.420Z 6: ✅ window.created win2 "Discord"
2024-02-18T20:19:26.772Z 7: ✅ webContents.did-finish-load web2
2024-02-18T20:19:26.868Z 8: window.close win1
2024-02-18T20:19:26.913Z 9: webContents.destroyed web1
2024-02-18T20:19:26.918Z 10: window.closed win1
2024-02-18T21:16:37.324Z 11: window.close win2
2024-02-18T21:18:31.095Z 12: before-quit
2024-02-19T18:34:34.433Z 0: 

----------------------------------------------
2024-02-19T18:34:34.461Z 1: Discord starting: {"releaseChannel":"stable","version":"0.0.43"}, modulepath: /home/sivasli_58/.config/discord/0.0.43/modules
2024-02-19T18:34:34.464Z 2: ✅ webContents.created web1 ""
2024-02-19T18:34:34.469Z 3: ✅ window.created win1 "discord"
2024-02-19T18:34:35.564Z 4: ✅ webContents.did-finish-load web1
2024-02-19T18:34:36.256Z 5: ✅ webContents.created web2 ""
2024-02-19T18:34:36.263Z 6: ✅ window.created win2 "Discord"
2024-02-19T18:34:40.867Z 7: ✅ webContents.did-finish-load web2
2024-02-19T18:34:40.963Z 8: window.close win1
2024-02-19T18:34:41.019Z 9: webContents.destroyed web1
2024-02-19T18:34:41.029Z 10: window.closed win1
2024-02-19T21:26:19.342Z 11: before-quit
2024-02-20T22:15:11.961Z 0: 

----------------------------------------------
2024-02-20T22:15:11.986Z 1: Discord starting: {"releaseChannel":"stable","version":"0.0.43"}, modulepath: /home/sivasli_58/.config/discord/0.0.43/modules
2024-02-20T22:15:12.017Z 2: ✅ webContents.created web1 ""
2024-02-20T22:15:12.024Z 3: ✅ window.created win1 "discord"
2024-02-20T22:15:13.359Z 4: ✅ webContents.did-finish-load web1
2024-02-20T22:15:14.731Z 5: ✅ webContents.created web2 ""
2024-02-20T22:15:14.737Z 6: ✅ window.created win2 "Discord"
2024-02-20T22:15:20.209Z 7: ✅ webContents.did-finish-load web2
2024-02-20T22:15:20.304Z 8: window.close win1
2024-02-20T22:15:21.386Z 9: webContents.destroyed web1
2024-02-20T22:15:21.404Z 10: window.closed win1
2024-02-20T23:11:05.565Z 11: window.close win2
2024-02-20T23:30:05.326Z 12: before-quit
2024-02-20T23:30:05.329Z 13: window.close win2
2024-02-20T23:30:05.343Z 14: ❌ child-process-gone {
  type: 'Utility',
  reason: 'killed',
  exitCode: 15,
  serviceName: 'audio.mojom.AudioService',
  name: 'Audio Service'
}
2024-02-21T19:52:03.878Z 0: 

----------------------------------------------
2024-02-21T19:52:03.892Z 1: Discord starting: {"releaseChannel":"stable","version":"0.0.43"}, modulepath: /home/sivasli_58/.config/discord/0.0.43/modules
2024-02-21T19:52:03.907Z 2: ✅ webContents.created web1 ""
2024-02-21T19:52:03.913Z 3: ✅ window.created win1 "discord"
2024-02-21T19:52:04.988Z 4: ✅ webContents.did-finish-load web1
2024-02-21T19:52:05.914Z 5: ✅ webContents.created web2 ""
2024-02-21T19:52:05.919Z 6: ✅ window.created win2 "Discord"
2024-02-21T19:52:09.283Z 7: ✅ webContents.did-finish-load web2
2024-02-21T19:52:09.380Z 8: window.close win1
2024-02-21T19:52:09.409Z 9: webContents.destroyed web1
2024-02-21T19:52:09.411Z 10: window.closed win1
2024-02-21T22:31:57.877Z 11: window.close win2
2024-02-21T22:34:04.395Z 12: before-quit
2024-02-22T18:47:13.263Z 0: 

----------------------------------------------
2024-02-22T18:47:13.276Z 1: Discord starting: {"releaseChannel":"stable","version":"0.0.43"}, modulepath: /home/sivasli_58/.config/discord/0.0.43/modules
2024-02-22T18:47:13.294Z 2: ✅ webContents.created web1 ""
2024-02-22T18:47:13.296Z 3: ✅ window.created win1 "discord"
2024-02-22T18:47:14.354Z 4: ✅ webContents.did-finish-load web1
2024-02-22T18:47:14.893Z 5: ✅ webContents.created web2 ""
2024-02-22T18:47:14.898Z 6: ✅ window.created win2 "Discord"
2024-02-22T18:47:19.087Z 7: ✅ webContents.did-finish-load web2
2024-02-22T18:47:19.186Z 8: window.close win1
2024-02-22T18:47:19.248Z 9: webContents.destroyed web1
2024-02-22T18:47:19.259Z 10: window.closed win1
2024-02-22T20:24:29.137Z 11: window.close win2
2024-02-23T15:35:21.114Z 0: 

----------------------------------------------
2024-02-23T15:35:21.150Z 1: Discord starting: {"releaseChannel":"stable","version":"0.0.43"}, modulepath: /home/sivasli_58/.config/discord/0.0.43/modules
2024-02-23T15:35:21.153Z 2: ✅ webContents.created web1 ""
2024-02-23T15:35:21.157Z 3: ✅ window.created win1 "discord"
2024-02-23T15:35:22.214Z 4: ✅ webContents.did-finish-load web1
2024-02-23T15:35:22.710Z 5: ✅ webContents.created web2 ""
2024-02-23T15:35:22.715Z 6: ✅ window.created win2 "Discord"
2024-02-23T15:35:30.642Z 7: ✅ webContents.did-finish-load web2
2024-02-23T15:35:30.737Z 8: window.close win1
2024-02-23T15:35:30.760Z 9: webContents.destroyed web1
2024-02-23T15:35:30.762Z 10: window.closed win1
2024-02-23T20:13:25.025Z 11: window.close win2
2024-02-23T21:48:25.281Z 0: 

----------------------------------------------
2024-02-23T21:48:25.288Z 1: Discord starting: {"releaseChannel":"stable","version":"0.0.43"}, modulepath: /home/sivasli_58/.config/discord/0.0.43/modules
2024-02-23T22:21:43.272Z 12: window.close win2
2024-02-23T22:21:47.253Z 13: before-quit
2024-02-23T22:21:47.255Z 14: window.close win2
2024-02-24T06:11:55.134Z 0: 

----------------------------------------------
2024-02-24T06:11:55.154Z 1: Discord starting: {"releaseChannel":"stable","version":"0.0.43"}, modulepath: /home/sivasli_58/.config/discord/0.0.43/modules
2024-02-24T06:11:55.199Z 2: ✅ webContents.created web1 ""
2024-02-24T06:11:55.209Z 3: ✅ window.created win1 "discord"
2024-02-24T06:11:56.368Z 4: ✅ webContents.did-finish-load web1
2024-02-24T06:11:58.112Z 5: ✅ webContents.created web2 ""
2024-02-24T06:11:58.119Z 6: ✅ window.created win2 "Discord"
2024-02-24T06:12:04.896Z 7: ✅ webContents.did-finish-load web2
2024-02-24T06:12:04.997Z 8: window.close win1
2024-02-24T06:12:05.038Z 9: webContents.destroyed web1
2024-02-24T06:12:05.040Z 10: window.closed win1
2024-02-24T09:24:33.023Z 11: window.close win2
2024-02-24T09:29:04.643Z 12: before-quit
2024-02-24T09:47:21.823Z 0: 

----------------------------------------------
2024-02-24T09:47:21.840Z 1: Discord starting: {"releaseChannel":"stable","version":"0.0.43"}, modulepath: /home/sivasli_58/.config/discord/0.0.43/modules
2024-02-24T09:47:21.862Z 2: ✅ webContents.created web1 ""
2024-02-24T09:47:21.866Z 3: ✅ window.created win1 "discord"
2024-02-24T09:47:22.730Z 4: ✅ webContents.did-finish-load web1
2024-02-24T09:47:23.292Z 5: ✅ webContents.created web2 ""
2024-02-24T09:47:23.295Z 6: ✅ window.created win2 "Discord"
2024-02-24T09:47:27.706Z 7: ✅ webContents.did-finish-load web2
2024-02-24T09:47:27.799Z 8: window.close win1
2024-02-24T09:47:27.898Z 9: webContents.destroyed web1
2024-02-24T09:47:27.907Z 10: window.closed win1
2024-02-24T12:04:29.927Z 11: window.close win2
2024-02-24T12:48:55.147Z 12: window.close win2
2024-02-24T12:49:00.763Z 13: before-quit
2024-02-24T12:49:00.766Z 14: window.close win2
2024-02-24T12:49:00.770Z 15: ❌ child-process-gone {
  type: 'Utility',
  reason: 'killed',
  exitCode: 15,
  serviceName: 'audio.mojom.AudioService',
  name: 'Audio Service'
}
2024-02-24T15:49:15.727Z 0: 

----------------------------------------------
2024-02-24T15:49:15.744Z 1: Discord starting: {"releaseChannel":"stable","version":"0.0.43"}, modulepath: /home/sivasli_58/.config/discord/0.0.43/modules
2024-02-24T15:49:15.765Z 2: ✅ webContents.created web1 ""
2024-02-24T15:49:15.770Z 3: ✅ window.created win1 "discord"
2024-02-24T15:49:16.790Z 4: ✅ webContents.did-finish-load web1
2024-02-24T15:49:17.267Z 5: ✅ webContents.created web2 ""
2024-02-24T15:49:17.272Z 6: ✅ window.created win2 "Discord"
2024-02-24T15:49:20.493Z 7: ✅ webContents.did-finish-load web2
2024-02-24T15:49:20.589Z 8: window.close win1
2024-02-24T15:49:20.630Z 9: webContents.destroyed web1
2024-02-24T15:49:20.642Z 10: window.closed win1
2024-02-24T15:49:25.562Z 11: window.close win2
2024-02-24T15:49:31.905Z 12: window.close win2
2024-02-24T16:38:52.877Z 0: 

----------------------------------------------
2024-02-24T16:38:52.884Z 1: Discord starting: {"releaseChannel":"stable","version":"0.0.43"}, modulepath: /home/sivasli_58/.config/discord/0.0.43/modules
2024-02-24T16:40:56.755Z 13: window.close win2
