2024-02-21 00:53:17.682 [info] Log level: Info
2024-02-21 00:53:17.682 [info] Validating found git in: "git"
2024-02-21 00:53:17.749 [info] Using git "2.43.0" from "git"
2024-02-21 00:53:17.794 [info] > git rev-parse --show-toplevel [16ms]
2024-02-21 00:53:17.794 [info] fatal: not a git repository (or any of the parent directories): .git
2024-02-21 00:53:17.813 [info] > git rev-parse --show-toplevel [3ms]
2024-02-21 00:53:17.813 [info] fatal: not a git repository (or any of the parent directories): .git
2024-02-21 00:53:17.836 [info] > git rev-parse --show-toplevel [9ms]
2024-02-21 00:53:17.836 [info] fatal: not a git repository (or any of the parent directories): .git
2024-02-21 00:53:17.856 [info] > git rev-parse --show-toplevel [4ms]
2024-02-21 00:53:17.856 [info] fatal: not a git repository (or any of the parent directories): .git
2024-02-21 00:53:17.874 [info] > git rev-parse --show-toplevel [5ms]
2024-02-21 00:53:17.874 [info] fatal: not a git repository (or any of the parent directories): .git
2024-02-21 00:53:18.283 [info] > git rev-parse --show-toplevel [15ms]
2024-02-21 00:53:18.283 [info] fatal: not a git repository (or any of the parent directories): .git
2024-02-21 00:53:18.956 [info] > git rev-parse --show-toplevel [3ms]
2024-02-21 00:53:18.956 [info] fatal: not a git repository (or any of the parent directories): .git
2024-02-21 01:31:40.095 [info] Log level: Info
2024-02-21 01:31:40.095 [info] Validating found git in: "git"
2024-02-21 01:31:40.095 [info] Using git "2.43.0" from "git"
2024-02-21 01:31:40.095 [info] > git rev-parse --show-toplevel [9ms]
2024-02-21 01:31:40.107 [info] > git rev-parse --git-dir --git-common-dir [3ms]
2024-02-21 01:31:40.127 [info] Open repository: /home/sivasli_58/Documents/PROJECTS/MTahir_Bot
2024-02-21 01:31:40.148 [info] > git rev-parse --show-toplevel [4ms]
2024-02-21 01:31:40.149 [info] > git config --get commit.template [11ms]
2024-02-21 01:31:40.361 [info] > git rev-parse --show-toplevel [39ms]
2024-02-21 01:31:40.366 [info] > git for-each-ref --format=%(refname)%00%(upstream:short)%00%(objectname)%00%(upstream:track)%00%(upstream:remotename)%00%(upstream:remoteref) refs/heads/master refs/remotes/master [8ms]
2024-02-21 01:31:40.423 [info] > git status -z -uall [8ms]
2024-02-21 01:31:40.454 [info] > git config --get commit.template [5ms]
2024-02-21 01:31:40.467 [info] > git for-each-ref --format=%(refname)%00%(upstream:short)%00%(objectname)%00%(upstream:track)%00%(upstream:remotename)%00%(upstream:remoteref) refs/heads/master refs/remotes/master [4ms]
2024-02-21 01:31:40.589 [info] > git status -z -uall [4ms]
2024-02-21 01:31:40.832 [info] > git check-ignore -v -z --stdin [1ms]
2024-02-21 01:33:13.060 [info] > git fetch [624ms]
2024-02-21 01:33:13.102 [info] > git config --get commit.template [18ms]
2024-02-21 01:33:13.103 [info] > git for-each-ref --format=%(refname)%00%(upstream:short)%00%(objectname)%00%(upstream:track)%00%(upstream:remotename)%00%(upstream:remoteref) refs/heads/master refs/remotes/master [3ms]
2024-02-21 01:33:13.115 [info] > git status -z -uall [2ms]
2024-02-21 01:33:14.169 [info] > git config --get commit.template [23ms]
2024-02-21 01:33:14.171 [info] > git for-each-ref --format=%(refname)%00%(upstream:short)%00%(objectname)%00%(upstream:track)%00%(upstream:remotename)%00%(upstream:remoteref) refs/heads/master refs/remotes/master [5ms]
2024-02-21 01:33:14.190 [info] > git status -z -uall [3ms]
2024-02-21 01:33:19.401 [info] > git show --textconv :prototype1.py [82ms]
2024-02-21 01:33:19.408 [info] > git ls-files --stage -- /home/sivasli_58/Documents/PROJECTS/MTahir_Bot/prototype1.py [75ms]
2024-02-21 01:33:19.433 [info] > git cat-file -s 85609942db2581e9e0d6dd0adc374e49f2673fda [10ms]
2024-02-21 01:36:06.339 [info] > git config --get commit.template [1ms]
2024-02-21 01:36:06.352 [info] > git for-each-ref --format=%(refname)%00%(upstream:short)%00%(objectname)%00%(upstream:track)%00%(upstream:remotename)%00%(upstream:remoteref) refs/heads/master refs/remotes/master [1ms]
2024-02-21 01:36:06.368 [info] > git status -z -uall [3ms]
2024-02-21 01:36:23.176 [info] > git fetch [676ms]
2024-02-21 01:36:23.238 [info] > git config --get commit.template [31ms]
2024-02-21 01:36:23.239 [info] > git for-each-ref --format=%(refname)%00%(upstream:short)%00%(objectname)%00%(upstream:track)%00%(upstream:remotename)%00%(upstream:remoteref) refs/heads/master refs/remotes/master [5ms]
2024-02-21 01:36:23.258 [info] > git status -z -uall [1ms]
2024-02-21 01:36:24.376 [info] > git ls-files --stage -- /home/sivasli_58/Documents/PROJECTS/MTahir_Bot/prototype1.py [2ms]
2024-02-21 01:36:24.390 [info] > git cat-file -s 85609942db2581e9e0d6dd0adc374e49f2673fda [1ms]
2024-02-21 01:36:24.403 [info] > git show --textconv :prototype1.py [2ms]
2024-02-21 01:38:49.601 [info] > git config --get commit.template [20ms]
2024-02-21 01:38:49.601 [info] > git for-each-ref --format=%(refname)%00%(upstream:short)%00%(objectname)%00%(upstream:track)%00%(upstream:remotename)%00%(upstream:remoteref) refs/heads/master refs/remotes/master [4ms]
2024-02-21 01:38:49.616 [info] > git status -z -uall [2ms]
2024-02-21 01:39:23.880 [info] > git fetch [601ms]
2024-02-21 01:39:23.900 [info] > git config --get commit.template [11ms]
2024-02-21 01:39:23.901 [info] > git for-each-ref --format=%(refname)%00%(upstream:short)%00%(objectname)%00%(upstream:track)%00%(upstream:remotename)%00%(upstream:remoteref) refs/heads/master refs/remotes/master [1ms]
2024-02-21 01:39:23.911 [info] > git status -z -uall [1ms]
2024-02-21 01:39:24.985 [info] > git config --get commit.template [12ms]
2024-02-21 01:39:24.986 [info] > git for-each-ref --format=%(refname)%00%(upstream:short)%00%(objectname)%00%(upstream:track)%00%(upstream:remotename)%00%(upstream:remoteref) refs/heads/master refs/remotes/master [2ms]
2024-02-21 01:39:24.998 [info] > git status -z -uall [1ms]
2024-02-21 01:39:25.099 [info] > git ls-files --stage -- /home/sivasli_58/Documents/PROJECTS/MTahir_Bot/prototype1.py [4ms]
2024-02-21 01:39:25.126 [info] > git cat-file -s 85609942db2581e9e0d6dd0adc374e49f2673fda [6ms]
2024-02-21 01:39:25.142 [info] > git show --textconv :prototype1.py [2ms]
2024-02-21 01:41:45.405 [info] > git config --get commit.template [1ms]
2024-02-21 01:41:45.416 [info] > git for-each-ref --format=%(refname)%00%(upstream:short)%00%(objectname)%00%(upstream:track)%00%(upstream:remotename)%00%(upstream:remoteref) refs/heads/master refs/remotes/master [1ms]
2024-02-21 01:41:45.428 [info] > git status -z -uall [2ms]
2024-02-21 01:42:24.695 [info] > git fetch [762ms]
2024-02-21 01:42:24.716 [info] > git config --get commit.template [10ms]
2024-02-21 01:42:24.716 [info] > git for-each-ref --format=%(refname)%00%(upstream:short)%00%(objectname)%00%(upstream:track)%00%(upstream:remotename)%00%(upstream:remoteref) refs/heads/master refs/remotes/master [1ms]
2024-02-21 01:42:24.728 [info] > git status -z -uall [1ms]
2024-02-21 01:42:25.788 [info] > git config --get commit.template [10ms]
2024-02-21 01:42:25.789 [info] > git for-each-ref --format=%(refname)%00%(upstream:short)%00%(objectname)%00%(upstream:track)%00%(upstream:remotename)%00%(upstream:remoteref) refs/heads/master refs/remotes/master [2ms]
2024-02-21 01:42:25.799 [info] > git status -z -uall [1ms]
2024-02-21 01:44:07.989 [info] > git show --textconv :prototype1.py [12ms]
2024-02-21 01:44:07.990 [info] > git ls-files --stage -- /home/sivasli_58/Documents/PROJECTS/MTahir_Bot/prototype1.py [1ms]
2024-02-21 01:44:08.003 [info] > git cat-file -s 85609942db2581e9e0d6dd0adc374e49f2673fda [2ms]
2024-02-21 01:44:55.897 [info] > git config --get commit.template [2ms]
2024-02-21 01:44:55.916 [info] > git for-each-ref --format=%(refname)%00%(upstream:short)%00%(objectname)%00%(upstream:track)%00%(upstream:remotename)%00%(upstream:remoteref) refs/heads/master refs/remotes/master [3ms]
2024-02-21 01:44:55.937 [info] > git status -z -uall [3ms]
2024-02-21 01:45:06.249 [info] > git show --textconv :prototype1.py [22ms]
2024-02-21 01:45:06.251 [info] > git ls-files --stage -- /home/sivasli_58/Documents/PROJECTS/MTahir_Bot/prototype1.py [3ms]
2024-02-21 01:45:06.266 [info] > git cat-file -s 85609942db2581e9e0d6dd0adc374e49f2673fda [1ms]
2024-02-21 01:45:17.682 [info] > git show --textconv :chapter.json [41ms]
2024-02-21 01:45:17.693 [info] > git ls-files --stage -- /home/sivasli_58/Documents/PROJECTS/MTahir_Bot/chapter.json [12ms]
2024-02-21 01:45:17.730 [info] > git cat-file -s 5f124ea21e0cd4118d63904947d6ff619b092056 [6ms]
2024-02-21 01:45:25.473 [info] > git fetch [716ms]
2024-02-21 01:45:25.531 [info] > git config --get commit.template [30ms]
2024-02-21 01:45:25.533 [info] > git for-each-ref --format=%(refname)%00%(upstream:short)%00%(objectname)%00%(upstream:track)%00%(upstream:remotename)%00%(upstream:remoteref) refs/heads/master refs/remotes/master [4ms]
2024-02-21 01:45:25.557 [info] > git status -z -uall [2ms]
2024-02-21 01:45:26.701 [info] > git ls-files --stage -- /home/sivasli_58/Documents/PROJECTS/MTahir_Bot/chapter.json [1ms]
2024-02-21 01:45:26.711 [info] > git cat-file -s 5f124ea21e0cd4118d63904947d6ff619b092056 [1ms]
2024-02-21 01:45:26.733 [info] > git show --textconv :chapter.json [2ms]
2024-02-21 01:46:02.431 [info] > git config --get commit.template [20ms]
2024-02-21 01:46:02.432 [info] > git for-each-ref --format=%(refname)%00%(upstream:short)%00%(objectname)%00%(upstream:track)%00%(upstream:remotename)%00%(upstream:remoteref) refs/heads/master refs/remotes/master [2ms]
2024-02-21 01:46:02.444 [info] > git status -z -uall [1ms]
2024-02-21 01:47:53.842 [info] > git config --get commit.template [20ms]
2024-02-21 01:47:53.843 [info] > git for-each-ref --format=%(refname)%00%(upstream:short)%00%(objectname)%00%(upstream:track)%00%(upstream:remotename)%00%(upstream:remoteref) refs/heads/master refs/remotes/master [2ms]
2024-02-21 01:47:53.859 [info] > git status -z -uall [1ms]
2024-02-21 01:48:03.814 [info] > git show --textconv :prototype1.py [14ms]
2024-02-21 01:48:03.842 [info] > git show --textconv :chapter.json [15ms]
2024-02-21 01:48:03.843 [info] > git ls-files --stage -- /home/sivasli_58/Documents/PROJECTS/MTahir_Bot/prototype1.py [30ms]
2024-02-21 01:48:03.856 [info] > git cat-file -s 85609942db2581e9e0d6dd0adc374e49f2673fda [3ms]
2024-02-21 01:48:03.857 [info] > git ls-files --stage -- /home/sivasli_58/Documents/PROJECTS/MTahir_Bot/chapter.json [17ms]
2024-02-21 01:48:03.872 [info] > git cat-file -s 5f124ea21e0cd4118d63904947d6ff619b092056 [4ms]
2024-02-21 01:48:26.855 [info] > git ls-files --stage -- /home/sivasli_58/Documents/PROJECTS/MTahir_Bot/prototype1.py [11ms]
2024-02-21 01:48:26.864 [info] > git ls-files --stage -- /home/sivasli_58/Documents/PROJECTS/MTahir_Bot/chapter.json [10ms]
2024-02-21 01:48:26.874 [info] > git cat-file -s 85609942db2581e9e0d6dd0adc374e49f2673fda [11ms]
2024-02-21 01:48:26.875 [info] > git cat-file -s 5f124ea21e0cd4118d63904947d6ff619b092056 [2ms]
2024-02-21 01:48:26.896 [info] > git show --textconv :prototype1.py [11ms]
2024-02-21 01:48:26.897 [info] > git show --textconv :chapter.json [2ms]
2024-02-21 01:48:27.491 [info] > git fetch [1897ms]
2024-02-21 01:48:27.502 [info] > git config --get commit.template [1ms]
2024-02-21 01:48:27.512 [info] > git for-each-ref --format=%(refname)%00%(upstream:short)%00%(objectname)%00%(upstream:track)%00%(upstream:remotename)%00%(upstream:remoteref) refs/heads/master refs/remotes/master [1ms]
2024-02-21 01:48:27.523 [info] > git status -z -uall [2ms]
2024-02-21 01:48:28.626 [info] > git config --get commit.template [24ms]
2024-02-21 01:48:28.627 [info] > git for-each-ref --format=%(refname)%00%(upstream:short)%00%(objectname)%00%(upstream:track)%00%(upstream:remotename)%00%(upstream:remoteref) refs/heads/master refs/remotes/master [3ms]
2024-02-21 01:48:28.646 [info] > git status -z -uall [2ms]
2024-02-21 01:48:28.711 [info] > git ls-files --stage -- /home/sivasli_58/Documents/PROJECTS/MTahir_Bot/prototype1.py [15ms]
2024-02-21 01:48:28.723 [info] > git ls-files --stage -- /home/sivasli_58/Documents/PROJECTS/MTahir_Bot/chapter.json [13ms]
2024-02-21 01:48:28.736 [info] > git cat-file -s 85609942db2581e9e0d6dd0adc374e49f2673fda [13ms]
2024-02-21 01:48:28.737 [info] > git cat-file -s 5f124ea21e0cd4118d63904947d6ff619b092056 [2ms]
2024-02-21 01:48:28.752 [info] > git show --textconv :prototype1.py [3ms]
2024-02-21 01:48:28.765 [info] > git show --textconv :chapter.json [2ms]
2024-02-21 01:51:29.261 [info] > git fetch [1691ms]
2024-02-21 01:51:29.283 [info] > git config --get commit.template [12ms]
2024-02-21 01:51:29.284 [info] > git for-each-ref --format=%(refname)%00%(upstream:short)%00%(objectname)%00%(upstream:track)%00%(upstream:remotename)%00%(upstream:remoteref) refs/heads/master refs/remotes/master [1ms]
2024-02-21 01:51:29.296 [info] > git status -z -uall [2ms]
2024-02-21 02:02:35.032 [info] > git config --get commit.template [2ms]
2024-02-21 02:02:35.044 [info] > git for-each-ref --format=%(refname)%00%(upstream:short)%00%(objectname)%00%(upstream:track)%00%(upstream:remotename)%00%(upstream:remoteref) refs/heads/master refs/remotes/master [1ms]
2024-02-21 02:02:35.058 [info] > git status -z -uall [2ms]
2024-02-21 02:02:35.085 [info] > git ls-files --stage -- /home/sivasli_58/Documents/PROJECTS/MTahir_Bot/prototype1.py [12ms]
2024-02-21 02:02:35.096 [info] > git ls-files --stage -- /home/sivasli_58/Documents/PROJECTS/MTahir_Bot/chapter.json [12ms]
2024-02-21 02:02:35.107 [info] > git cat-file -s 5f124ea21e0cd4118d63904947d6ff619b092056 [2ms]
2024-02-21 02:02:35.108 [info] > git cat-file -s 85609942db2581e9e0d6dd0adc374e49f2673fda [14ms]
2024-02-21 02:02:35.130 [info] > git show --textconv :chapter.json [11ms]
2024-02-21 02:02:35.131 [info] > git show --textconv :prototype1.py [1ms]
2024-02-21 02:02:35.736 [info] > git fetch [728ms]
2024-02-21 02:02:35.795 [info] > git config --get commit.template [29ms]
2024-02-21 02:02:35.796 [info] > git for-each-ref --format=%(refname)%00%(upstream:short)%00%(objectname)%00%(upstream:track)%00%(upstream:remotename)%00%(upstream:remoteref) refs/heads/master refs/remotes/master [2ms]
2024-02-21 02:02:35.814 [info] > git status -z -uall [3ms]
2024-02-21 02:02:36.967 [info] > git ls-files --stage -- /home/sivasli_58/Documents/PROJECTS/MTahir_Bot/prototype1.py [22ms]
2024-02-21 02:02:36.979 [info] > git ls-files --stage -- /home/sivasli_58/Documents/PROJECTS/MTahir_Bot/chapter.json [12ms]
2024-02-21 02:02:36.990 [info] > git cat-file -s 85609942db2581e9e0d6dd0adc374e49f2673fda [12ms]
2024-02-21 02:02:36.991 [info] > git cat-file -s 5f124ea21e0cd4118d63904947d6ff619b092056 [2ms]
2024-02-21 02:02:37.012 [info] > git show --textconv :prototype1.py [11ms]
2024-02-21 02:02:37.013 [info] > git show --textconv :chapter.json [2ms]
2024-02-21 02:03:16.596 [info] > git show --textconv :test.py [16ms]
2024-02-21 02:03:16.598 [info] > git ls-files --stage -- /home/sivasli_58/Documents/PROJECTS/MTahir_Bot/test.py [3ms]
2024-02-21 02:03:16.615 [info] > git cat-file -s 45d4a3e784fe6ed0e7a43e0681e767057f905359 [3ms]
2024-02-21 02:03:23.447 [info] > git show --textconv :prototype1.py [39ms]
2024-02-21 02:03:23.449 [info] > git ls-files --stage -- /home/sivasli_58/Documents/PROJECTS/MTahir_Bot/prototype1.py [3ms]
2024-02-21 02:03:23.472 [info] > git cat-file -s 85609942db2581e9e0d6dd0adc374e49f2673fda [2ms]
2024-02-21 02:03:30.494 [info] > git show --textconv :test.py [14ms]
2024-02-21 02:03:30.495 [info] > git ls-files --stage -- /home/sivasli_58/Documents/PROJECTS/MTahir_Bot/test.py [2ms]
2024-02-21 02:03:30.507 [info] > git cat-file -s 45d4a3e784fe6ed0e7a43e0681e767057f905359 [1ms]
2024-02-21 02:03:34.151 [info] > git config --get commit.template [5ms]
2024-02-21 02:03:34.178 [info] > git for-each-ref --format=%(refname)%00%(upstream:short)%00%(objectname)%00%(upstream:track)%00%(upstream:remotename)%00%(upstream:remoteref) refs/heads/master refs/remotes/master [2ms]
2024-02-21 02:03:34.197 [info] > git status -z -uall [3ms]
2024-02-21 02:03:35.873 [info] > git show --textconv :prototype1.py [14ms]
2024-02-21 02:03:35.875 [info] > git ls-files --stage -- /home/sivasli_58/Documents/PROJECTS/MTahir_Bot/prototype1.py [2ms]
2024-02-21 02:03:35.888 [info] > git cat-file -s 85609942db2581e9e0d6dd0adc374e49f2673fda [2ms]
2024-02-21 02:03:46.916 [info] > git show --textconv :test.py [33ms]
2024-02-21 02:03:46.919 [info] > git ls-files --stage -- /home/sivasli_58/Documents/PROJECTS/MTahir_Bot/test.py [5ms]
2024-02-21 02:03:46.955 [info] > git cat-file -s 45d4a3e784fe6ed0e7a43e0681e767057f905359 [7ms]
2024-02-21 02:03:56.009 [info] > git show --textconv :prototype1.py [17ms]
2024-02-21 02:03:56.011 [info] > git ls-files --stage -- /home/sivasli_58/Documents/PROJECTS/MTahir_Bot/prototype1.py [3ms]
2024-02-21 02:03:56.025 [info] > git cat-file -s 85609942db2581e9e0d6dd0adc374e49f2673fda [3ms]
2024-02-21 02:04:05.762 [info] > git show --textconv :test.py [13ms]
2024-02-21 02:04:05.763 [info] > git ls-files --stage -- /home/sivasli_58/Documents/PROJECTS/MTahir_Bot/test.py [1ms]
2024-02-21 02:04:05.776 [info] > git cat-file -s 45d4a3e784fe6ed0e7a43e0681e767057f905359 [1ms]
2024-02-21 02:04:14.976 [info] > git config --get commit.template [15ms]
2024-02-21 02:04:14.977 [info] > git for-each-ref --format=%(refname)%00%(upstream:short)%00%(objectname)%00%(upstream:track)%00%(upstream:remotename)%00%(upstream:remoteref) refs/heads/master refs/remotes/master [2ms]
2024-02-21 02:04:14.998 [info] > git status -z -uall [3ms]
2024-02-21 02:04:25.687 [info] > git show --textconv :points.json [14ms]
2024-02-21 02:04:25.688 [info] > git ls-files --stage -- /home/sivasli_58/Documents/PROJECTS/MTahir_Bot/points.json [1ms]
2024-02-21 02:04:25.702 [info] > git cat-file -s f0a17da3c87755f870cae58044680050dc2f954b [1ms]
2024-02-21 02:04:33.016 [info] > git show --textconv :test.py [14ms]
2024-02-21 02:04:33.017 [info] > git ls-files --stage -- /home/sivasli_58/Documents/PROJECTS/MTahir_Bot/test.py [2ms]
2024-02-21 02:04:33.030 [info] > git cat-file -s 45d4a3e784fe6ed0e7a43e0681e767057f905359 [1ms]
2024-02-21 02:04:40.773 [info] > git config --get commit.template [20ms]
2024-02-21 02:04:40.774 [info] > git for-each-ref --format=%(refname)%00%(upstream:short)%00%(objectname)%00%(upstream:track)%00%(upstream:remotename)%00%(upstream:remoteref) refs/heads/master refs/remotes/master [2ms]
2024-02-21 02:04:40.793 [info] > git status -z -uall [3ms]
2024-02-21 02:04:48.251 [info] > git show --textconv :prototype1.py [17ms]
2024-02-21 02:04:48.252 [info] > git ls-files --stage -- /home/sivasli_58/Documents/PROJECTS/MTahir_Bot/prototype1.py [1ms]
2024-02-21 02:04:48.267 [info] > git cat-file -s 85609942db2581e9e0d6dd0adc374e49f2673fda [2ms]
2024-02-21 02:05:03.330 [info] > git show --textconv :test.py [22ms]
2024-02-21 02:05:03.332 [info] > git ls-files --stage -- /home/sivasli_58/Documents/PROJECTS/MTahir_Bot/test.py [3ms]
2024-02-21 02:05:03.344 [info] > git cat-file -s 45d4a3e784fe6ed0e7a43e0681e767057f905359 [1ms]
2024-02-21 02:05:07.967 [info] > git config --get commit.template [13ms]
2024-02-21 02:05:07.969 [info] > git for-each-ref --format=%(refname)%00%(upstream:short)%00%(objectname)%00%(upstream:track)%00%(upstream:remotename)%00%(upstream:remoteref) refs/heads/master refs/remotes/master [3ms]
2024-02-21 02:05:07.985 [info] > git status -z -uall [2ms]
2024-02-21 02:05:13.035 [info] > git for-each-ref --format=%(refname)%00%(upstream:short)%00%(objectname)%00%(upstream:track)%00%(upstream:remotename)%00%(upstream:remoteref) refs/heads/master refs/remotes/master [3ms]
2024-02-21 02:05:13.035 [info] > git config --get commit.template [18ms]
2024-02-21 02:05:13.049 [info] > git status -z -uall [2ms]
2024-02-21 02:05:46.540 [info] > git config --get commit.template [11ms]
2024-02-21 02:05:46.541 [info] > git for-each-ref --format=%(refname)%00%(upstream:short)%00%(objectname)%00%(upstream:track)%00%(upstream:remotename)%00%(upstream:remoteref) refs/heads/master refs/remotes/master [2ms]
2024-02-21 02:05:46.555 [info] > git status -z -uall [1ms]
2024-02-21 02:05:47.350 [info] > git fetch [834ms]
2024-02-21 02:05:47.390 [info] > git config --get commit.template [17ms]
2024-02-21 02:05:47.390 [info] > git for-each-ref --format=%(refname)%00%(upstream:short)%00%(objectname)%00%(upstream:track)%00%(upstream:remotename)%00%(upstream:remoteref) refs/heads/master refs/remotes/master [3ms]
2024-02-21 02:05:47.409 [info] > git status -z -uall [2ms]
2024-02-21 02:05:48.589 [info] > git ls-files --stage -- /home/sivasli_58/Documents/PROJECTS/MTahir_Bot/chapter.json [29ms]
2024-02-21 02:05:48.610 [info] > git ls-files --stage -- /home/sivasli_58/Documents/PROJECTS/MTahir_Bot/test.py [22ms]
2024-02-21 02:05:48.631 [info] > git cat-file -s 5f124ea21e0cd4118d63904947d6ff619b092056 [22ms]
2024-02-21 02:05:48.633 [info] > git cat-file -s 45d4a3e784fe6ed0e7a43e0681e767057f905359 [4ms]
2024-02-21 02:05:48.672 [info] > git show --textconv :chapter.json [18ms]
2024-02-21 02:05:48.673 [info] > git show --textconv :test.py [2ms]
2024-02-21 02:05:51.580 [info] > git config --get commit.template [11ms]
2024-02-21 02:05:51.581 [info] > git for-each-ref --format=%(refname)%00%(upstream:short)%00%(objectname)%00%(upstream:track)%00%(upstream:remotename)%00%(upstream:remoteref) refs/heads/master refs/remotes/master [2ms]
2024-02-21 02:05:51.592 [info] > git status -z -uall [1ms]
2024-02-21 02:05:56.624 [info] > git config --get commit.template [14ms]
2024-02-21 02:05:56.624 [info] > git for-each-ref --format=%(refname)%00%(upstream:short)%00%(objectname)%00%(upstream:track)%00%(upstream:remotename)%00%(upstream:remoteref) refs/heads/master refs/remotes/master [1ms]
2024-02-21 02:05:56.639 [info] > git status -z -uall [2ms]
2024-02-21 02:06:11.961 [info] > git config --get commit.template [16ms]
2024-02-21 02:06:11.962 [info] > git for-each-ref --format=%(refname)%00%(upstream:short)%00%(objectname)%00%(upstream:track)%00%(upstream:remotename)%00%(upstream:remoteref) refs/heads/master refs/remotes/master [3ms]
2024-02-21 02:06:11.977 [info] > git status -z -uall [1ms]
2024-02-21 02:06:43.664 [info] > git show --textconv :points.json [12ms]
2024-02-21 02:06:43.665 [info] > git ls-files --stage -- /home/sivasli_58/Documents/PROJECTS/MTahir_Bot/points.json [2ms]
2024-02-21 02:06:43.677 [info] > git cat-file -s f0a17da3c87755f870cae58044680050dc2f954b [1ms]
2024-02-21 02:06:51.022 [info] > git show --textconv :test.py [14ms]
2024-02-21 02:06:51.023 [info] > git ls-files --stage -- /home/sivasli_58/Documents/PROJECTS/MTahir_Bot/test.py [2ms]
2024-02-21 02:06:51.036 [info] > git cat-file -s 45d4a3e784fe6ed0e7a43e0681e767057f905359 [2ms]
2024-02-21 02:06:52.565 [info] > git show --textconv :prototype1.py [13ms]
2024-02-21 02:06:52.566 [info] > git ls-files --stage -- /home/sivasli_58/Documents/PROJECTS/MTahir_Bot/prototype1.py [2ms]
2024-02-21 02:06:52.579 [info] > git cat-file -s 85609942db2581e9e0d6dd0adc374e49f2673fda [2ms]
2024-02-21 02:08:22.517 [info] > git show --textconv :test.py [13ms]
2024-02-21 02:08:22.519 [info] > git ls-files --stage -- /home/sivasli_58/Documents/PROJECTS/MTahir_Bot/test.py [2ms]
2024-02-21 02:08:22.533 [info] > git cat-file -s 45d4a3e784fe6ed0e7a43e0681e767057f905359 [3ms]
2024-02-21 02:08:28.229 [info] > git config --get commit.template [27ms]
2024-02-21 02:08:28.230 [info] > git for-each-ref --format=%(refname)%00%(upstream:short)%00%(objectname)%00%(upstream:track)%00%(upstream:remotename)%00%(upstream:remoteref) refs/heads/master refs/remotes/master [2ms]
2024-02-21 02:08:28.245 [info] > git status -z -uall [2ms]
2024-02-21 02:08:33.283 [info] > git config --get commit.template [11ms]
2024-02-21 02:08:33.284 [info] > git for-each-ref --format=%(refname)%00%(upstream:short)%00%(objectname)%00%(upstream:track)%00%(upstream:remotename)%00%(upstream:remoteref) refs/heads/master refs/remotes/master [1ms]
2024-02-21 02:08:33.295 [info] > git status -z -uall [2ms]
2024-02-21 02:08:40.449 [info] > git config --get commit.template [12ms]
2024-02-21 02:08:40.450 [info] > git for-each-ref --format=%(refname)%00%(upstream:short)%00%(objectname)%00%(upstream:track)%00%(upstream:remotename)%00%(upstream:remoteref) refs/heads/master refs/remotes/master [2ms]
2024-02-21 02:08:40.463 [info] > git status -z -uall [1ms]
2024-02-21 02:08:52.491 [info] > git config --get commit.template [15ms]
2024-02-21 02:08:52.492 [info] > git for-each-ref --format=%(refname)%00%(upstream:short)%00%(objectname)%00%(upstream:track)%00%(upstream:remotename)%00%(upstream:remoteref) refs/heads/master refs/remotes/master [2ms]
2024-02-21 02:08:52.507 [info] > git status -z -uall [2ms]
2024-02-21 02:08:53.376 [info] > git fetch [914ms]
2024-02-21 02:08:53.405 [info] > git for-each-ref --format=%(refname)%00%(upstream:short)%00%(objectname)%00%(upstream:track)%00%(upstream:remotename)%00%(upstream:remoteref) refs/heads/master refs/remotes/master [3ms]
2024-02-21 02:08:53.405 [info] > git config --get commit.template [16ms]
2024-02-21 02:08:53.420 [info] > git status -z -uall [1ms]
2024-02-21 02:08:53.624 [info] > git show --textconv :prototype1.py [29ms]
2024-02-21 02:08:53.627 [info] > git ls-files --stage -- /home/sivasli_58/Documents/PROJECTS/MTahir_Bot/prototype1.py [4ms]
2024-02-21 02:08:53.656 [info] > git cat-file -s 85609942db2581e9e0d6dd0adc374e49f2673fda [4ms]
2024-02-21 02:08:54.600 [info] > git ls-files --stage -- /home/sivasli_58/Documents/PROJECTS/MTahir_Bot/chapter.json [15ms]
2024-02-21 02:08:54.611 [info] > git ls-files --stage -- /home/sivasli_58/Documents/PROJECTS/MTahir_Bot/prototype1.py [11ms]
2024-02-21 02:08:54.622 [info] > git cat-file -s 5f124ea21e0cd4118d63904947d6ff619b092056 [11ms]
2024-02-21 02:08:54.623 [info] > git cat-file -s 85609942db2581e9e0d6dd0adc374e49f2673fda [1ms]
2024-02-21 02:08:54.648 [info] > git show --textconv :chapter.json [12ms]
2024-02-21 02:08:54.649 [info] > git show --textconv :prototype1.py [2ms]
2024-02-21 02:08:57.584 [info] > git config --get commit.template [36ms]
2024-02-21 02:08:57.587 [info] > git for-each-ref --format=%(refname)%00%(upstream:short)%00%(objectname)%00%(upstream:track)%00%(upstream:remotename)%00%(upstream:remoteref) refs/heads/master refs/remotes/master [4ms]
2024-02-21 02:08:57.614 [info] > git status -z -uall [3ms]
