2024-02-22 21:53:06.675 [info] Reading sessions from keychain...
2024-02-22 21:53:06.675 [info] Getting sessions for all scopes...
2024-02-22 21:53:06.675 [info] Got stored sessions!
2024-02-22 21:53:06.675 [info] Got 2 verified sessions.
2024-02-22 21:53:06.675 [info] Got 2 sessions for ...
2024-02-22 21:53:06.675 [info] Getting sessions for read:user...
2024-02-22 21:53:06.675 [info] Got 0 sessions for read:user...
2024-02-22 21:53:06.675 [info] Getting sessions for user:email...
2024-02-22 21:53:06.675 [info] Got 1 sessions for user:email...
2024-02-22 21:53:06.724 [info] Getting sessions for read:user,repo,user:email,workflow...
2024-02-22 21:53:06.724 [info] Got 1 sessions for read:user,repo,user:email,workflow...
2024-02-22 21:53:07.795 [info] Getting sessions for read:user,repo,user:email,workflow...
2024-02-22 21:53:07.795 [info] Got 1 sessions for read:user,repo,user:email,workflow...
2024-02-22 21:53:11.592 [info] Getting sessions for all scopes...
2024-02-22 21:53:11.592 [info] Got 2 sessions for ...
2024-02-22 21:53:11.777 [info] Getting sessions for all scopes...
2024-02-22 21:53:11.777 [info] Got 2 sessions for ...
2024-02-22 22:18:08.925 [info] Getting sessions for read:user...
2024-02-22 22:18:08.925 [info] Got 0 sessions for read:user...
2024-02-22 22:18:08.926 [info] Getting sessions for user:email...
2024-02-22 22:18:08.926 [info] Got 1 sessions for user:email...
2024-02-22 22:43:09.527 [info] Getting sessions for read:user...
2024-02-22 22:43:09.527 [info] Got 0 sessions for read:user...
2024-02-22 22:43:09.532 [info] Getting sessions for user:email...
2024-02-22 22:43:09.532 [info] Got 1 sessions for user:email...
2024-02-22 23:08:10.119 [info] Getting sessions for read:user...
2024-02-22 23:08:10.119 [info] Got 0 sessions for read:user...
2024-02-22 23:08:10.121 [info] Getting sessions for user:email...
2024-02-22 23:08:10.121 [info] Got 1 sessions for user:email...
2024-02-22 23:33:11.084 [info] Getting sessions for read:user...
2024-02-22 23:33:11.084 [info] Got 0 sessions for read:user...
2024-02-22 23:33:11.090 [info] Getting sessions for user:email...
2024-02-22 23:33:11.090 [info] Got 1 sessions for user:email...
