2024-02-24 08:58:48.230 [info] Log level: Info
2024-02-24 08:58:48.230 [info] Validating found git in: "git"
2024-02-24 08:58:48.230 [info] Using git "2.43.0" from "git"
2024-02-24 08:58:48.237 [info] > git rev-parse --show-toplevel [8ms]
2024-02-24 08:58:48.255 [info] > git rev-parse --git-dir --git-common-dir [4ms]
2024-02-24 08:58:48.286 [info] Open repository: /home/sivasli_58/Documents/PROJECTS/MTahir_Bot
2024-02-24 08:58:48.807 [info] > git rev-parse --show-toplevel [299ms]
2024-02-24 08:58:48.808 [info] > git config --get commit.template [306ms]
2024-02-24 08:58:48.847 [info] > git rev-parse --show-toplevel [26ms]
2024-02-24 08:58:48.848 [info] > git for-each-ref --format=%(refname)%00%(upstream:short)%00%(objectname)%00%(upstream:track)%00%(upstream:remotename)%00%(upstream:remoteref) refs/heads/master refs/remotes/master [3ms]
2024-02-24 08:58:48.864 [info] > git status -z -uall [5ms]
2024-02-24 08:58:48.891 [info] > git config --get commit.template [8ms]
2024-02-24 08:58:48.919 [info] > git for-each-ref --format=%(refname)%00%(upstream:short)%00%(objectname)%00%(upstream:track)%00%(upstream:remotename)%00%(upstream:remoteref) refs/heads/master refs/remotes/master [29ms]
2024-02-24 08:58:48.940 [info] > git show --textconv :chapter.json [11ms]
2024-02-24 08:58:48.948 [info] > git ls-files --stage -- /home/sivasli_58/Documents/PROJECTS/MTahir_Bot/chapter.json [10ms]
2024-02-24 08:58:48.958 [info] > git cat-file -s 5f124ea21e0cd4118d63904947d6ff619b092056 [2ms]
2024-02-24 08:58:48.990 [info] > git status -z -uall [22ms]
2024-02-24 08:58:49.015 [info] > git check-ignore -v -z --stdin [6ms]
2024-02-24 08:58:49.558 [info] > git fetch [1273ms]
2024-02-24 08:58:49.558 [info] Missing or invalid credentials.
Skip silent fetch commands
Missing or invalid credentials.
Skip silent fetch commands
remote: Repository not found.
fatal: Authentication failed for 'https://github.com/SivasliFerhat58/mtd-bot.git/'
2024-02-24 08:58:49.596 [info] > git config --get commit.template [20ms]
2024-02-24 08:58:49.598 [info] > git for-each-ref --format=%(refname)%00%(upstream:short)%00%(objectname)%00%(upstream:track)%00%(upstream:remotename)%00%(upstream:remoteref) refs/heads/master refs/remotes/master [4ms]
2024-02-24 08:58:49.619 [info] > git status -z -uall [4ms]
2024-02-24 08:58:57.475 [info] > git show --textconv :points.json [23ms]
2024-02-24 08:58:57.480 [info] > git ls-files --stage -- /home/sivasli_58/Documents/PROJECTS/MTahir_Bot/points.json [7ms]
2024-02-24 08:58:57.499 [info] > git cat-file -s f0a17da3c87755f870cae58044680050dc2f954b [3ms]
2024-02-24 08:59:00.256 [info] > git show --textconv :test.py [31ms]
2024-02-24 08:59:00.290 [info] > git ls-files --stage -- /home/sivasli_58/Documents/PROJECTS/MTahir_Bot/test.py [54ms]
2024-02-24 08:59:00.304 [info] > git cat-file -s 45d4a3e784fe6ed0e7a43e0681e767057f905359 [6ms]
2024-02-24 08:59:03.569 [info] > git show --textconv :prototype1.py [9ms]
2024-02-24 08:59:03.570 [info] > git ls-files --stage -- /home/sivasli_58/Documents/PROJECTS/MTahir_Bot/prototype1.py [2ms]
2024-02-24 08:59:03.581 [info] > git cat-file -s 85609942db2581e9e0d6dd0adc374e49f2673fda [2ms]
2024-02-24 09:00:06.427 [info] > git show --textconv :test.py [9ms]
2024-02-24 09:00:06.428 [info] > git ls-files --stage -- /home/sivasli_58/Documents/PROJECTS/MTahir_Bot/test.py [2ms]
2024-02-24 09:00:06.436 [info] > git cat-file -s 45d4a3e784fe6ed0e7a43e0681e767057f905359 [2ms]
2024-02-24 09:00:14.096 [info] > git config --get commit.template [2ms]
2024-02-24 09:00:14.106 [info] > git for-each-ref --format=%(refname)%00%(upstream:short)%00%(objectname)%00%(upstream:track)%00%(upstream:remotename)%00%(upstream:remoteref) refs/heads/master refs/remotes/master [1ms]
2024-02-24 09:00:14.118 [info] > git status -z -uall [2ms]
2024-02-24 09:00:29.632 [info] > git config --get commit.template [1ms]
2024-02-24 09:00:29.642 [info] > git for-each-ref --format=%(refname)%00%(upstream:short)%00%(objectname)%00%(upstream:track)%00%(upstream:remotename)%00%(upstream:remoteref) refs/heads/master refs/remotes/master [1ms]
2024-02-24 09:00:29.652 [info] > git status -z -uall [1ms]
2024-02-24 09:00:53.145 [info] > git show --textconv :prototype1.py [13ms]
2024-02-24 09:00:53.147 [info] > git ls-files --stage -- /home/sivasli_58/Documents/PROJECTS/MTahir_Bot/prototype1.py [3ms]
2024-02-24 09:00:53.164 [info] > git cat-file -s 85609942db2581e9e0d6dd0adc374e49f2673fda [4ms]
2024-02-24 09:01:19.325 [info] > git config --get commit.template [28ms]
2024-02-24 09:01:19.326 [info] > git for-each-ref --format=%(refname)%00%(upstream:short)%00%(objectname)%00%(upstream:track)%00%(upstream:remotename)%00%(upstream:remoteref) refs/heads/master refs/remotes/master [5ms]
2024-02-24 09:01:19.348 [info] > git status -z -uall [2ms]
2024-02-24 09:01:19.645 [info] > git show --textconv :chapter.json [15ms]
2024-02-24 09:01:19.646 [info] > git ls-files --stage -- /home/sivasli_58/Documents/PROJECTS/MTahir_Bot/chapter.json [2ms]
2024-02-24 09:01:19.655 [info] > git cat-file -s 5f124ea21e0cd4118d63904947d6ff619b092056 [2ms]
2024-02-24 09:01:22.198 [info] > git show --textconv :prototype1.py [18ms]
2024-02-24 09:01:22.201 [info] > git ls-files --stage -- /home/sivasli_58/Documents/PROJECTS/MTahir_Bot/prototype1.py [3ms]
2024-02-24 09:01:22.218 [info] > git cat-file -s 85609942db2581e9e0d6dd0adc374e49f2673fda [3ms]
2024-02-24 09:01:24.104 [info] > git show --textconv :test.py [28ms]
2024-02-24 09:01:24.109 [info] > git ls-files --stage -- /home/sivasli_58/Documents/PROJECTS/MTahir_Bot/test.py [7ms]
2024-02-24 09:01:24.137 [info] > git cat-file -s 45d4a3e784fe6ed0e7a43e0681e767057f905359 [4ms]
2024-02-24 09:01:42.793 [info] > git config --get commit.template [2ms]
2024-02-24 09:01:42.802 [info] > git for-each-ref --format=%(refname)%00%(upstream:short)%00%(objectname)%00%(upstream:track)%00%(upstream:remotename)%00%(upstream:remoteref) refs/heads/master refs/remotes/master [2ms]
2024-02-24 09:01:42.812 [info] > git status -z -uall [2ms]
2024-02-24 09:02:07.710 [info] > git config --get commit.template [16ms]
2024-02-24 09:02:07.711 [info] > git for-each-ref --format=%(refname)%00%(upstream:short)%00%(objectname)%00%(upstream:track)%00%(upstream:remotename)%00%(upstream:remoteref) refs/heads/master refs/remotes/master [2ms]
2024-02-24 09:02:07.721 [info] > git status -z -uall [2ms]
2024-02-24 09:02:22.177 [info] > git show --textconv :points.json [24ms]
2024-02-24 09:02:22.179 [info] > git ls-files --stage -- /home/sivasli_58/Documents/PROJECTS/MTahir_Bot/points.json [3ms]
2024-02-24 09:02:22.195 [info] > git cat-file -s f0a17da3c87755f870cae58044680050dc2f954b [2ms]
2024-02-24 09:02:34.215 [info] > git show --textconv :chapter.json [17ms]
2024-02-24 09:02:34.219 [info] > git ls-files --stage -- /home/sivasli_58/Documents/PROJECTS/MTahir_Bot/chapter.json [5ms]
2024-02-24 09:02:34.241 [info] > git cat-file -s 5f124ea21e0cd4118d63904947d6ff619b092056 [2ms]
2024-02-24 09:02:38.659 [info] > git config --get commit.template [2ms]
2024-02-24 09:02:38.671 [info] > git for-each-ref --format=%(refname)%00%(upstream:short)%00%(objectname)%00%(upstream:track)%00%(upstream:remotename)%00%(upstream:remoteref) refs/heads/master refs/remotes/master [1ms]
2024-02-24 09:02:38.681 [info] > git status -z -uall [1ms]
2024-02-24 09:02:48.087 [info] > git config --get commit.template [10ms]
2024-02-24 09:02:48.088 [info] > git for-each-ref --format=%(refname)%00%(upstream:short)%00%(objectname)%00%(upstream:track)%00%(upstream:remotename)%00%(upstream:remoteref) refs/heads/master refs/remotes/master [1ms]
2024-02-24 09:02:48.098 [info] > git status -z -uall [1ms]
2024-02-24 09:02:55.252 [info] > git show --textconv :test.py [11ms]
2024-02-24 09:02:55.255 [info] > git ls-files --stage -- /home/sivasli_58/Documents/PROJECTS/MTahir_Bot/test.py [4ms]
2024-02-24 09:02:55.269 [info] > git cat-file -s 45d4a3e784fe6ed0e7a43e0681e767057f905359 [2ms]
2024-02-24 09:03:00.328 [info] > git show --textconv :prototype1.py [24ms]
2024-02-24 09:03:00.330 [info] > git ls-files --stage -- /home/sivasli_58/Documents/PROJECTS/MTahir_Bot/prototype1.py [3ms]
2024-02-24 09:03:00.341 [info] > git cat-file -s 85609942db2581e9e0d6dd0adc374e49f2673fda [2ms]
2024-02-24 09:03:05.694 [info] > git config --get commit.template [1ms]
2024-02-24 09:03:05.708 [info] > git for-each-ref --format=%(refname)%00%(upstream:short)%00%(objectname)%00%(upstream:track)%00%(upstream:remotename)%00%(upstream:remoteref) refs/heads/master refs/remotes/master [3ms]
2024-02-24 09:03:05.720 [info] > git status -z -uall [2ms]
2024-02-24 09:03:47.175 [info] > git config --get commit.template [10ms]
2024-02-24 09:03:47.196 [info] > git for-each-ref --format=%(refname)%00%(upstream:short)%00%(objectname)%00%(upstream:track)%00%(upstream:remotename)%00%(upstream:remoteref) refs/heads/master refs/remotes/master [1ms]
2024-02-24 09:03:47.212 [info] > git status -z -uall [4ms]
2024-02-24 09:04:02.774 [info] > git config --get commit.template [2ms]
2024-02-24 09:04:02.787 [info] > git for-each-ref --format=%(refname)%00%(upstream:short)%00%(objectname)%00%(upstream:track)%00%(upstream:remotename)%00%(upstream:remoteref) refs/heads/master refs/remotes/master [2ms]
2024-02-24 09:04:02.800 [info] > git status -z -uall [2ms]
2024-02-24 09:04:35.471 [info] > git config --get commit.template [2ms]
2024-02-24 09:04:35.487 [info] > git for-each-ref --format=%(refname)%00%(upstream:short)%00%(objectname)%00%(upstream:track)%00%(upstream:remotename)%00%(upstream:remoteref) refs/heads/master refs/remotes/master [2ms]
2024-02-24 09:04:35.503 [info] > git status -z -uall [2ms]
2024-02-24 09:04:53.036 [info] > git config --get commit.template [13ms]
2024-02-24 09:04:53.037 [info] > git for-each-ref --format=%(refname)%00%(upstream:short)%00%(objectname)%00%(upstream:track)%00%(upstream:remotename)%00%(upstream:remoteref) refs/heads/master refs/remotes/master [2ms]
2024-02-24 09:04:53.050 [info] > git status -z -uall [2ms]
2024-02-24 09:05:31.409 [info] > git for-each-ref --format=%(refname)%00%(upstream:short)%00%(objectname)%00%(upstream:track)%00%(upstream:remotename)%00%(upstream:remoteref) refs/heads/master refs/remotes/master [1ms]
2024-02-24 09:05:31.410 [info] > git config --get commit.template [25ms]
2024-02-24 09:05:31.421 [info] > git status -z -uall [2ms]
2024-02-24 09:06:18.644 [info] > git config --get commit.template [16ms]
2024-02-24 09:06:18.645 [info] > git for-each-ref --format=%(refname)%00%(upstream:short)%00%(objectname)%00%(upstream:track)%00%(upstream:remotename)%00%(upstream:remoteref) refs/heads/master refs/remotes/master [3ms]
2024-02-24 09:06:18.656 [info] > git status -z -uall [1ms]
2024-02-24 09:06:23.696 [info] > git config --get commit.template [11ms]
2024-02-24 09:06:23.697 [info] > git for-each-ref --format=%(refname)%00%(upstream:short)%00%(objectname)%00%(upstream:track)%00%(upstream:remotename)%00%(upstream:remoteref) refs/heads/master refs/remotes/master [1ms]
2024-02-24 09:06:23.710 [info] > git status -z -uall [2ms]
2024-02-24 09:06:33.322 [info] > git show --textconv :points.json [29ms]
2024-02-24 09:06:33.326 [info] > git ls-files --stage -- /home/sivasli_58/Documents/PROJECTS/MTahir_Bot/points.json [5ms]
2024-02-24 09:06:33.348 [info] > git cat-file -s f0a17da3c87755f870cae58044680050dc2f954b [3ms]
2024-02-24 09:06:38.217 [info] > git show --textconv :chapter.json [16ms]
2024-02-24 09:06:38.223 [info] > git ls-files --stage -- /home/sivasli_58/Documents/PROJECTS/MTahir_Bot/chapter.json [7ms]
2024-02-24 09:06:38.251 [info] > git cat-file -s 5f124ea21e0cd4118d63904947d6ff619b092056 [2ms]
2024-02-24 09:06:39.399 [info] > git show --textconv :test.py [13ms]
2024-02-24 09:06:39.400 [info] > git ls-files --stage -- /home/sivasli_58/Documents/PROJECTS/MTahir_Bot/test.py [2ms]
2024-02-24 09:06:39.416 [info] > git cat-file -s 45d4a3e784fe6ed0e7a43e0681e767057f905359 [5ms]
2024-02-24 09:06:49.735 [info] > git show --textconv :prototype1.py [24ms]
2024-02-24 09:06:49.738 [info] > git ls-files --stage -- /home/sivasli_58/Documents/PROJECTS/MTahir_Bot/prototype1.py [4ms]
2024-02-24 09:06:49.762 [info] > git cat-file -s 85609942db2581e9e0d6dd0adc374e49f2673fda [3ms]
2024-02-24 09:08:14.163 [info] > git config --get commit.template [1ms]
2024-02-24 09:08:14.174 [info] > git for-each-ref --format=%(refname)%00%(upstream:short)%00%(objectname)%00%(upstream:track)%00%(upstream:remotename)%00%(upstream:remoteref) refs/heads/master refs/remotes/master [1ms]
2024-02-24 09:08:14.184 [info] > git status -z -uall [1ms]
2024-02-24 09:08:19.249 [info] > git config --get commit.template [30ms]
2024-02-24 09:08:19.251 [info] > git for-each-ref --format=%(refname)%00%(upstream:short)%00%(objectname)%00%(upstream:track)%00%(upstream:remotename)%00%(upstream:remoteref) refs/heads/master refs/remotes/master [4ms]
2024-02-24 09:08:19.285 [info] > git status -z -uall [5ms]
2024-02-24 09:08:23.394 [info] > git show --textconv :chapter.json [10ms]
2024-02-24 09:08:23.396 [info] > git ls-files --stage -- /home/sivasli_58/Documents/PROJECTS/MTahir_Bot/chapter.json [2ms]
2024-02-24 09:08:23.406 [info] > git cat-file -s 5f124ea21e0cd4118d63904947d6ff619b092056 [1ms]
2024-02-24 09:08:24.355 [info] > git show --textconv :points.json [10ms]
2024-02-24 09:08:24.356 [info] > git ls-files --stage -- /home/sivasli_58/Documents/PROJECTS/MTahir_Bot/points.json [1ms]
2024-02-24 09:08:24.366 [info] > git cat-file -s f0a17da3c87755f870cae58044680050dc2f954b [2ms]
2024-02-24 09:08:26.140 [info] > git show --textconv :prototype1.py [13ms]
2024-02-24 09:08:26.142 [info] > git ls-files --stage -- /home/sivasli_58/Documents/PROJECTS/MTahir_Bot/prototype1.py [2ms]
2024-02-24 09:08:26.156 [info] > git cat-file -s 85609942db2581e9e0d6dd0adc374e49f2673fda [2ms]
2024-02-24 09:08:41.379 [info] > git show --textconv :points.json [10ms]
2024-02-24 09:08:41.380 [info] > git ls-files --stage -- /home/sivasli_58/Documents/PROJECTS/MTahir_Bot/points.json [1ms]
2024-02-24 09:08:41.390 [info] > git cat-file -s f0a17da3c87755f870cae58044680050dc2f954b [1ms]
2024-02-24 09:08:43.364 [info] > git show --textconv :prototype1.py [13ms]
2024-02-24 09:08:43.365 [info] > git ls-files --stage -- /home/sivasli_58/Documents/PROJECTS/MTahir_Bot/prototype1.py [2ms]
2024-02-24 09:08:43.375 [info] > git cat-file -s 85609942db2581e9e0d6dd0adc374e49f2673fda [1ms]
2024-02-24 09:08:50.600 [info] > git config --get commit.template [2ms]
2024-02-24 09:08:50.611 [info] > git for-each-ref --format=%(refname)%00%(upstream:short)%00%(objectname)%00%(upstream:track)%00%(upstream:remotename)%00%(upstream:remoteref) refs/heads/master refs/remotes/master [1ms]
2024-02-24 09:08:50.622 [info] > git status -z -uall [2ms]
2024-02-24 09:08:56.251 [info] > git config --get commit.template [24ms]
2024-02-24 09:08:56.253 [info] > git for-each-ref --format=%(refname)%00%(upstream:short)%00%(objectname)%00%(upstream:track)%00%(upstream:remotename)%00%(upstream:remoteref) refs/heads/master refs/remotes/master [4ms]
2024-02-24 09:08:56.281 [info] > git status -z -uall [4ms]
2024-02-24 09:09:01.307 [info] > git config --get commit.template [1ms]
2024-02-24 09:09:01.318 [info] > git for-each-ref --format=%(refname)%00%(upstream:short)%00%(objectname)%00%(upstream:track)%00%(upstream:remotename)%00%(upstream:remoteref) refs/heads/master refs/remotes/master [2ms]
2024-02-24 09:09:01.331 [info] > git status -z -uall [2ms]
2024-02-24 09:09:35.967 [info] > git config --get commit.template [2ms]
2024-02-24 09:09:35.985 [info] > git for-each-ref --format=%(refname)%00%(upstream:short)%00%(objectname)%00%(upstream:track)%00%(upstream:remotename)%00%(upstream:remoteref) refs/heads/master refs/remotes/master [2ms]
2024-02-24 09:09:36.004 [info] > git status -z -uall [3ms]
2024-02-24 09:09:48.957 [info] > git config --get commit.template [1ms]
2024-02-24 09:09:48.967 [info] > git for-each-ref --format=%(refname)%00%(upstream:short)%00%(objectname)%00%(upstream:track)%00%(upstream:remotename)%00%(upstream:remoteref) refs/heads/master refs/remotes/master [1ms]
2024-02-24 09:09:48.977 [info] > git status -z -uall [1ms]
2024-02-24 09:09:51.958 [info] > git show --textconv :points.json [24ms]
2024-02-24 09:09:51.960 [info] > git ls-files --stage -- /home/sivasli_58/Documents/PROJECTS/MTahir_Bot/points.json [3ms]
2024-02-24 09:09:51.985 [info] > git cat-file -s f0a17da3c87755f870cae58044680050dc2f954b [3ms]
2024-02-24 09:09:57.797 [info] > git config --get commit.template [27ms]
2024-02-24 09:09:57.798 [info] > git for-each-ref --format=%(refname)%00%(upstream:short)%00%(objectname)%00%(upstream:track)%00%(upstream:remotename)%00%(upstream:remoteref) refs/heads/master refs/remotes/master [3ms]
2024-02-24 09:09:57.818 [info] > git status -z -uall [3ms]
2024-02-24 09:10:02.969 [info] > git config --get commit.template [12ms]
2024-02-24 09:10:02.969 [info] > git for-each-ref --format=%(refname)%00%(upstream:short)%00%(objectname)%00%(upstream:track)%00%(upstream:remotename)%00%(upstream:remoteref) refs/heads/master refs/remotes/master [1ms]
2024-02-24 09:10:02.980 [info] > git status -z -uall [2ms]
2024-02-24 09:10:03.336 [info] > git show --textconv :chapter.json [25ms]
2024-02-24 09:10:03.339 [info] > git ls-files --stage -- /home/sivasli_58/Documents/PROJECTS/MTahir_Bot/chapter.json [5ms]
2024-02-24 09:10:03.364 [info] > git cat-file -s 5f124ea21e0cd4118d63904947d6ff619b092056 [4ms]
2024-02-24 09:10:13.775 [info] > git show --textconv :main.js [15ms]
2024-02-24 09:10:13.779 [info] > git ls-files --stage -- /home/sivasli_58/Documents/PROJECTS/MTahir_Bot/main.js [5ms]
2024-02-24 09:10:13.795 [info] > git cat-file -s 223fc60ce3d659f67ed2de6ecc72b4a0e9e2010a [3ms]
2024-02-24 09:10:34.497 [info] > git for-each-ref --format=%(refname)%00%(upstream:short)%00%(objectname)%00%(upstream:track)%00%(upstream:remotename)%00%(upstream:remoteref) refs/heads/master refs/remotes/master [1ms]
2024-02-24 09:10:34.498 [info] > git config --get commit.template [28ms]
2024-02-24 09:10:34.509 [info] > git status -z -uall [2ms]
2024-02-24 09:10:43.500 [info] > git config --get commit.template [2ms]
2024-02-24 09:10:43.513 [info] > git for-each-ref --format=%(refname)%00%(upstream:short)%00%(objectname)%00%(upstream:track)%00%(upstream:remotename)%00%(upstream:remoteref) refs/heads/master refs/remotes/master [2ms]
2024-02-24 09:10:43.526 [info] > git status -z -uall [2ms]
2024-02-24 09:10:43.704 [info] > git show --textconv :chapter.json [29ms]
2024-02-24 09:10:43.706 [info] > git ls-files --stage -- /home/sivasli_58/Documents/PROJECTS/MTahir_Bot/chapter.json [3ms]
2024-02-24 09:10:43.722 [info] > git cat-file -s 5f124ea21e0cd4118d63904947d6ff619b092056 [2ms]
2024-02-24 09:10:48.763 [info] > git config --get commit.template [26ms]
2024-02-24 09:10:48.763 [info] > git for-each-ref --format=%(refname)%00%(upstream:short)%00%(objectname)%00%(upstream:track)%00%(upstream:remotename)%00%(upstream:remoteref) refs/heads/master refs/remotes/master [2ms]
2024-02-24 09:10:48.778 [info] > git status -z -uall [1ms]
2024-02-24 09:10:54.460 [info] > git config --get commit.template [11ms]
2024-02-24 09:10:54.460 [info] > git for-each-ref --format=%(refname)%00%(upstream:short)%00%(objectname)%00%(upstream:track)%00%(upstream:remotename)%00%(upstream:remoteref) refs/heads/master refs/remotes/master [1ms]
2024-02-24 09:10:54.472 [info] > git status -z -uall [1ms]
2024-02-24 09:10:56.583 [info] > git show --textconv :prototype1.py [31ms]
2024-02-24 09:10:56.586 [info] > git ls-files --stage -- /home/sivasli_58/Documents/PROJECTS/MTahir_Bot/prototype1.py [5ms]
2024-02-24 09:10:56.606 [info] > git cat-file -s 85609942db2581e9e0d6dd0adc374e49f2673fda [3ms]
2024-02-24 09:13:19.476 [info] > git config --get commit.template [11ms]
2024-02-24 09:13:19.477 [info] > git for-each-ref --format=%(refname)%00%(upstream:short)%00%(objectname)%00%(upstream:track)%00%(upstream:remotename)%00%(upstream:remoteref) refs/heads/master refs/remotes/master [2ms]
2024-02-24 09:13:19.488 [info] > git status -z -uall [1ms]
2024-02-24 09:13:31.830 [info] > git show --textconv :main.js [28ms]
2024-02-24 09:13:31.833 [info] > git ls-files --stage -- /home/sivasli_58/Documents/PROJECTS/MTahir_Bot/main.js [4ms]
2024-02-24 09:13:31.854 [info] > git cat-file -s 223fc60ce3d659f67ed2de6ecc72b4a0e9e2010a [3ms]
2024-02-24 09:14:13.406 [info] > git config --get commit.template [10ms]
2024-02-24 09:14:13.406 [info] > git for-each-ref --format=%(refname)%00%(upstream:short)%00%(objectname)%00%(upstream:track)%00%(upstream:remotename)%00%(upstream:remoteref) refs/heads/master refs/remotes/master [1ms]
2024-02-24 09:14:13.418 [info] > git status -z -uall [1ms]
2024-02-24 09:14:15.113 [info] > git show --textconv :test.py [10ms]
2024-02-24 09:14:15.114 [info] > git ls-files --stage -- /home/sivasli_58/Documents/PROJECTS/MTahir_Bot/test.py [2ms]
2024-02-24 09:14:15.124 [info] > git cat-file -s 45d4a3e784fe6ed0e7a43e0681e767057f905359 [1ms]
2024-02-24 09:14:17.091 [info] > git show --textconv :prototype1.py [27ms]
2024-02-24 09:14:17.093 [info] > git ls-files --stage -- /home/sivasli_58/Documents/PROJECTS/MTahir_Bot/prototype1.py [2ms]
2024-02-24 09:14:17.104 [info] > git cat-file -s 85609942db2581e9e0d6dd0adc374e49f2673fda [1ms]
2024-02-24 09:14:18.482 [info] > git config --get commit.template [14ms]
2024-02-24 09:14:18.483 [info] > git for-each-ref --format=%(refname)%00%(upstream:short)%00%(objectname)%00%(upstream:track)%00%(upstream:remotename)%00%(upstream:remoteref) refs/heads/master refs/remotes/master [1ms]
2024-02-24 09:14:18.496 [info] > git status -z -uall [2ms]
2024-02-24 09:14:35.460 [info] > git config --get commit.template [30ms]
2024-02-24 09:14:35.463 [info] > git for-each-ref --format=%(refname)%00%(upstream:short)%00%(objectname)%00%(upstream:track)%00%(upstream:remotename)%00%(upstream:remoteref) refs/heads/master refs/remotes/master [5ms]
2024-02-24 09:14:35.485 [info] > git status -z -uall [1ms]
2024-02-24 09:15:47.253 [info] > git config --get commit.template [10ms]
2024-02-24 09:15:47.254 [info] > git for-each-ref --format=%(refname)%00%(upstream:short)%00%(objectname)%00%(upstream:track)%00%(upstream:remotename)%00%(upstream:remoteref) refs/heads/master refs/remotes/master [2ms]
2024-02-24 09:15:47.265 [info] > git status -z -uall [2ms]
2024-02-24 09:16:03.591 [info] > git config --get commit.template [10ms]
2024-02-24 09:16:03.591 [info] > git for-each-ref --format=%(refname)%00%(upstream:short)%00%(objectname)%00%(upstream:track)%00%(upstream:remotename)%00%(upstream:remoteref) refs/heads/master refs/remotes/master [1ms]
2024-02-24 09:16:03.602 [info] > git status -z -uall [2ms]
2024-02-24 09:16:53.470 [info] > git config --get commit.template [3ms]
2024-02-24 09:16:53.482 [info] > git for-each-ref --format=%(refname)%00%(upstream:short)%00%(objectname)%00%(upstream:track)%00%(upstream:remotename)%00%(upstream:remoteref) refs/heads/master refs/remotes/master [1ms]
2024-02-24 09:16:53.495 [info] > git status -z -uall [1ms]
2024-02-24 09:17:05.731 [info] > git config --get commit.template [28ms]
2024-02-24 09:17:05.734 [info] > git for-each-ref --format=%(refname)%00%(upstream:short)%00%(objectname)%00%(upstream:track)%00%(upstream:remotename)%00%(upstream:remoteref) refs/heads/master refs/remotes/master [5ms]
2024-02-24 09:17:05.758 [info] > git status -z -uall [3ms]
2024-02-24 09:18:02.818 [info] > git config --get commit.template [11ms]
2024-02-24 09:18:02.819 [info] > git for-each-ref --format=%(refname)%00%(upstream:short)%00%(objectname)%00%(upstream:track)%00%(upstream:remotename)%00%(upstream:remoteref) refs/heads/master refs/remotes/master [1ms]
2024-02-24 09:18:02.832 [info] > git status -z -uall [2ms]
2024-02-24 09:18:41.831 [info] > git config --get commit.template [16ms]
2024-02-24 09:18:41.832 [info] > git for-each-ref --format=%(refname)%00%(upstream:short)%00%(objectname)%00%(upstream:track)%00%(upstream:remotename)%00%(upstream:remoteref) refs/heads/master refs/remotes/master [1ms]
2024-02-24 09:18:41.842 [info] > git status -z -uall [2ms]
2024-02-24 09:19:08.337 [info] > git config --get commit.template [12ms]
2024-02-24 09:19:08.337 [info] > git for-each-ref --format=%(refname)%00%(upstream:short)%00%(objectname)%00%(upstream:track)%00%(upstream:remotename)%00%(upstream:remoteref) refs/heads/master refs/remotes/master [2ms]
2024-02-24 09:19:08.350 [info] > git status -z -uall [1ms]
2024-02-24 09:19:28.254 [info] > git config --get commit.template [1ms]
2024-02-24 09:19:28.265 [info] > git for-each-ref --format=%(refname)%00%(upstream:short)%00%(objectname)%00%(upstream:track)%00%(upstream:remotename)%00%(upstream:remoteref) refs/heads/master refs/remotes/master [2ms]
2024-02-24 09:19:28.275 [info] > git status -z -uall [2ms]
2024-02-24 09:19:36.126 [info] > git config --get commit.template [10ms]
2024-02-24 09:19:36.127 [info] > git for-each-ref --format=%(refname)%00%(upstream:short)%00%(objectname)%00%(upstream:track)%00%(upstream:remotename)%00%(upstream:remoteref) refs/heads/master refs/remotes/master [2ms]
2024-02-24 09:19:36.137 [info] > git status -z -uall [1ms]
2024-02-24 09:19:59.427 [info] > git config --get commit.template [29ms]
2024-02-24 09:19:59.430 [info] > git for-each-ref --format=%(refname)%00%(upstream:short)%00%(objectname)%00%(upstream:track)%00%(upstream:remotename)%00%(upstream:remoteref) refs/heads/master refs/remotes/master [4ms]
2024-02-24 09:19:59.463 [info] > git status -z -uall [5ms]
2024-02-24 09:20:04.527 [info] > git config --get commit.template [26ms]
2024-02-24 09:20:04.529 [info] > git for-each-ref --format=%(refname)%00%(upstream:short)%00%(objectname)%00%(upstream:track)%00%(upstream:remotename)%00%(upstream:remoteref) refs/heads/master refs/remotes/master [4ms]
2024-02-24 09:20:04.558 [info] > git status -z -uall [5ms]
2024-02-24 09:20:34.384 [info] > git config --get commit.template [13ms]
2024-02-24 09:20:34.385 [info] > git for-each-ref --format=%(refname)%00%(upstream:short)%00%(objectname)%00%(upstream:track)%00%(upstream:remotename)%00%(upstream:remoteref) refs/heads/master refs/remotes/master [2ms]
2024-02-24 09:20:34.399 [info] > git status -z -uall [1ms]
2024-02-24 09:20:39.464 [info] > git config --get commit.template [29ms]
2024-02-24 09:20:39.466 [info] > git for-each-ref --format=%(refname)%00%(upstream:short)%00%(objectname)%00%(upstream:track)%00%(upstream:remotename)%00%(upstream:remoteref) refs/heads/master refs/remotes/master [4ms]
2024-02-24 09:20:39.489 [info] > git status -z -uall [2ms]
2024-02-24 09:20:46.142 [info] > git config --get commit.template [24ms]
2024-02-24 09:20:46.143 [info] > git for-each-ref --format=%(refname)%00%(upstream:short)%00%(objectname)%00%(upstream:track)%00%(upstream:remotename)%00%(upstream:remoteref) refs/heads/master refs/remotes/master [3ms]
2024-02-24 09:20:46.162 [info] > git status -z -uall [2ms]
2024-02-24 09:21:20.104 [info] > git config --get commit.template [10ms]
2024-02-24 09:21:20.105 [info] > git for-each-ref --format=%(refname)%00%(upstream:short)%00%(objectname)%00%(upstream:track)%00%(upstream:remotename)%00%(upstream:remoteref) refs/heads/master refs/remotes/master [1ms]
2024-02-24 09:21:20.117 [info] > git status -z -uall [2ms]
2024-02-24 09:21:22.065 [info] > git show --textconv :test.py [27ms]
2024-02-24 09:21:22.068 [info] > git ls-files --stage -- /home/sivasli_58/Documents/PROJECTS/MTahir_Bot/test.py [5ms]
2024-02-24 09:21:22.089 [info] > git cat-file -s 45d4a3e784fe6ed0e7a43e0681e767057f905359 [2ms]
2024-02-24 09:21:24.720 [info] > git show --textconv :chapter.json [27ms]
2024-02-24 09:21:24.723 [info] > git ls-files --stage -- /home/sivasli_58/Documents/PROJECTS/MTahir_Bot/chapter.json [5ms]
2024-02-24 09:21:24.752 [info] > git cat-file -s 5f124ea21e0cd4118d63904947d6ff619b092056 [4ms]
2024-02-24 09:21:30.023 [info] > git show --textconv :prototype1.py [24ms]
2024-02-24 09:21:30.025 [info] > git ls-files --stage -- /home/sivasli_58/Documents/PROJECTS/MTahir_Bot/prototype1.py [3ms]
2024-02-24 09:21:30.040 [info] > git cat-file -s 85609942db2581e9e0d6dd0adc374e49f2673fda [1ms]
2024-02-24 09:21:44.900 [info] > git config --get commit.template [1ms]
2024-02-24 09:21:44.914 [info] > git for-each-ref --format=%(refname)%00%(upstream:short)%00%(objectname)%00%(upstream:track)%00%(upstream:remotename)%00%(upstream:remoteref) refs/heads/master refs/remotes/master [2ms]
2024-02-24 09:21:44.928 [info] > git status -z -uall [3ms]
2024-02-24 09:22:30.353 [info] > git config --get commit.template [2ms]
2024-02-24 09:22:30.384 [info] > git for-each-ref --format=%(refname)%00%(upstream:short)%00%(objectname)%00%(upstream:track)%00%(upstream:remotename)%00%(upstream:remoteref) refs/heads/master refs/remotes/master [2ms]
2024-02-24 09:22:30.409 [info] > git status -z -uall [2ms]
2024-02-24 09:22:33.889 [info] > git show --textconv :main.js [26ms]
2024-02-24 09:22:33.892 [info] > git ls-files --stage -- /home/sivasli_58/Documents/PROJECTS/MTahir_Bot/main.js [3ms]
2024-02-24 09:22:33.909 [info] > git cat-file -s 223fc60ce3d659f67ed2de6ecc72b4a0e9e2010a [2ms]
2024-02-24 09:23:28.049 [info] > git config --get commit.template [26ms]
2024-02-24 09:23:28.050 [info] > git for-each-ref --format=%(refname)%00%(upstream:short)%00%(objectname)%00%(upstream:track)%00%(upstream:remotename)%00%(upstream:remoteref) refs/heads/master refs/remotes/master [4ms]
2024-02-24 09:23:28.078 [info] > git status -z -uall [4ms]
2024-02-24 09:23:33.226 [info] > git show --textconv :main.js [29ms]
2024-02-24 09:23:33.229 [info] > git ls-files --stage -- /home/sivasli_58/Documents/PROJECTS/MTahir_Bot/main.js [5ms]
2024-02-24 09:23:33.248 [info] > git cat-file -s 223fc60ce3d659f67ed2de6ecc72b4a0e9e2010a [3ms]
2024-02-24 09:23:47.056 [info] > git config --get commit.template [10ms]
2024-02-24 09:23:47.056 [info] > git for-each-ref --format=%(refname)%00%(upstream:short)%00%(objectname)%00%(upstream:track)%00%(upstream:remotename)%00%(upstream:remoteref) refs/heads/master refs/remotes/master [1ms]
2024-02-24 09:23:47.067 [info] > git status -z -uall [2ms]
2024-02-24 09:23:56.922 [info] > git config --get commit.template [2ms]
2024-02-24 09:23:56.932 [info] > git for-each-ref --format=%(refname)%00%(upstream:short)%00%(objectname)%00%(upstream:track)%00%(upstream:remotename)%00%(upstream:remoteref) refs/heads/master refs/remotes/master [1ms]
2024-02-24 09:23:56.943 [info] > git status -z -uall [2ms]
2024-02-24 09:24:24.462 [info] > git config --get commit.template [10ms]
2024-02-24 09:24:24.462 [info] > git for-each-ref --format=%(refname)%00%(upstream:short)%00%(objectname)%00%(upstream:track)%00%(upstream:remotename)%00%(upstream:remoteref) refs/heads/master refs/remotes/master [1ms]
2024-02-24 09:24:24.473 [info] > git status -z -uall [1ms]
2024-02-24 09:24:28.633 [info] > git show --textconv :prototype1.py [28ms]
2024-02-24 09:24:28.636 [info] > git ls-files --stage -- /home/sivasli_58/Documents/PROJECTS/MTahir_Bot/prototype1.py [5ms]
2024-02-24 09:24:28.653 [info] > git cat-file -s 85609942db2581e9e0d6dd0adc374e49f2673fda [1ms]
2024-02-24 09:25:50.310 [info] > git config --get commit.template [27ms]
2024-02-24 09:25:50.312 [info] > git for-each-ref --format=%(refname)%00%(upstream:short)%00%(objectname)%00%(upstream:track)%00%(upstream:remotename)%00%(upstream:remoteref) refs/heads/master refs/remotes/master [4ms]
2024-02-24 09:25:50.327 [info] > git status -z -uall [2ms]
2024-02-24 09:26:42.432 [info] > git config --get commit.template [12ms]
2024-02-24 09:26:42.432 [info] > git for-each-ref --format=%(refname)%00%(upstream:short)%00%(objectname)%00%(upstream:track)%00%(upstream:remotename)%00%(upstream:remoteref) refs/heads/master refs/remotes/master [1ms]
2024-02-24 09:26:42.443 [info] > git status -z -uall [2ms]
2024-02-24 09:27:49.559 [info] > git config --get commit.template [10ms]
2024-02-24 09:27:49.560 [info] > git for-each-ref --format=%(refname)%00%(upstream:short)%00%(objectname)%00%(upstream:track)%00%(upstream:remotename)%00%(upstream:remoteref) refs/heads/master refs/remotes/master [1ms]
2024-02-24 09:27:49.571 [info] > git status -z -uall [2ms]
2024-02-24 09:28:12.780 [info] > git config --get commit.template [10ms]
2024-02-24 09:28:12.781 [info] > git for-each-ref --format=%(refname)%00%(upstream:short)%00%(objectname)%00%(upstream:track)%00%(upstream:remotename)%00%(upstream:remoteref) refs/heads/master refs/remotes/master [1ms]
2024-02-24 09:28:12.791 [info] > git status -z -uall [1ms]
2024-02-24 09:30:05.392 [info] > git config --get commit.template [14ms]
2024-02-24 09:30:05.393 [info] > git for-each-ref --format=%(refname)%00%(upstream:short)%00%(objectname)%00%(upstream:track)%00%(upstream:remotename)%00%(upstream:remoteref) refs/heads/master refs/remotes/master [2ms]
2024-02-24 09:30:05.404 [info] > git status -z -uall [2ms]
2024-02-24 09:30:15.920 [info] > git config --get commit.template [30ms]
2024-02-24 09:30:15.922 [info] > git for-each-ref --format=%(refname)%00%(upstream:short)%00%(objectname)%00%(upstream:track)%00%(upstream:remotename)%00%(upstream:remoteref) refs/heads/master refs/remotes/master [4ms]
2024-02-24 09:30:15.945 [info] > git status -z -uall [3ms]
2024-02-24 09:30:30.021 [info] > git config --get commit.template [11ms]
2024-02-24 09:30:30.022 [info] > git for-each-ref --format=%(refname)%00%(upstream:short)%00%(objectname)%00%(upstream:track)%00%(upstream:remotename)%00%(upstream:remoteref) refs/heads/master refs/remotes/master [1ms]
2024-02-24 09:30:30.033 [info] > git status -z -uall [2ms]
2024-02-24 09:31:08.383 [info] > git config --get commit.template [12ms]
2024-02-24 09:31:08.384 [info] > git for-each-ref --format=%(refname)%00%(upstream:short)%00%(objectname)%00%(upstream:track)%00%(upstream:remotename)%00%(upstream:remoteref) refs/heads/master refs/remotes/master [2ms]
2024-02-24 09:31:08.396 [info] > git status -z -uall [2ms]
2024-02-24 09:31:24.489 [info] > git config --get commit.template [27ms]
2024-02-24 09:31:24.491 [info] > git for-each-ref --format=%(refname)%00%(upstream:short)%00%(objectname)%00%(upstream:track)%00%(upstream:remotename)%00%(upstream:remoteref) refs/heads/master refs/remotes/master [5ms]
2024-02-24 09:31:24.515 [info] > git status -z -uall [3ms]
2024-02-24 09:31:54.692 [info] > git config --get commit.template [16ms]
2024-02-24 09:31:54.693 [info] > git for-each-ref --format=%(refname)%00%(upstream:short)%00%(objectname)%00%(upstream:track)%00%(upstream:remotename)%00%(upstream:remoteref) refs/heads/master refs/remotes/master [2ms]
2024-02-24 09:31:54.716 [info] > git status -z -uall [3ms]
2024-02-24 09:32:01.738 [info] > git show --textconv :points.json [27ms]
2024-02-24 09:32:01.740 [info] > git ls-files --stage -- /home/sivasli_58/Documents/PROJECTS/MTahir_Bot/points.json [4ms]
2024-02-24 09:32:01.758 [info] > git cat-file -s f0a17da3c87755f870cae58044680050dc2f954b [3ms]
2024-02-24 09:32:03.640 [info] > git show --textconv :chapter.json [25ms]
2024-02-24 09:32:03.643 [info] > git ls-files --stage -- /home/sivasli_58/Documents/PROJECTS/MTahir_Bot/chapter.json [4ms]
2024-02-24 09:32:03.668 [info] > git cat-file -s 5f124ea21e0cd4118d63904947d6ff619b092056 [4ms]
2024-02-24 09:32:14.859 [info] > git config --get commit.template [4ms]
2024-02-24 09:32:14.880 [info] > git for-each-ref --format=%(refname)%00%(upstream:short)%00%(objectname)%00%(upstream:track)%00%(upstream:remotename)%00%(upstream:remoteref) refs/heads/master refs/remotes/master [2ms]
2024-02-24 09:32:14.893 [info] > git status -z -uall [2ms]
2024-02-24 09:32:16.175 [info] > git show --textconv :prototype1.py [27ms]
2024-02-24 09:32:16.177 [info] > git ls-files --stage -- /home/sivasli_58/Documents/PROJECTS/MTahir_Bot/prototype1.py [4ms]
2024-02-24 09:32:16.192 [info] > git cat-file -s 85609942db2581e9e0d6dd0adc374e49f2673fda [1ms]
2024-02-24 09:32:25.691 [info] > git config --get commit.template [1ms]
2024-02-24 09:32:25.701 [info] > git for-each-ref --format=%(refname)%00%(upstream:short)%00%(objectname)%00%(upstream:track)%00%(upstream:remotename)%00%(upstream:remoteref) refs/heads/master refs/remotes/master [1ms]
2024-02-24 09:32:25.713 [info] > git status -z -uall [2ms]
2024-02-24 09:33:02.497 [info] > git config --get commit.template [18ms]
2024-02-24 09:33:02.497 [info] > git for-each-ref --format=%(refname)%00%(upstream:short)%00%(objectname)%00%(upstream:track)%00%(upstream:remotename)%00%(upstream:remoteref) refs/heads/master refs/remotes/master [1ms]
2024-02-24 09:33:02.514 [info] > git status -z -uall [3ms]
2024-02-24 09:33:04.663 [info] > git show --textconv :points.json [16ms]
2024-02-24 09:33:04.664 [info] > git ls-files --stage -- /home/sivasli_58/Documents/PROJECTS/MTahir_Bot/points.json [2ms]
2024-02-24 09:33:04.677 [info] > git cat-file -s f0a17da3c87755f870cae58044680050dc2f954b [2ms]
2024-02-24 09:33:22.017 [info] > git show --textconv :chapter.json [23ms]
2024-02-24 09:33:22.019 [info] > git ls-files --stage -- /home/sivasli_58/Documents/PROJECTS/MTahir_Bot/chapter.json [2ms]
2024-02-24 09:33:22.032 [info] > git cat-file -s 5f124ea21e0cd4118d63904947d6ff619b092056 [1ms]
2024-02-24 09:33:28.609 [info] > git config --get commit.template [14ms]
2024-02-24 09:33:28.622 [info] > git for-each-ref --format=%(refname)%00%(upstream:short)%00%(objectname)%00%(upstream:track)%00%(upstream:remotename)%00%(upstream:remoteref) refs/heads/master refs/remotes/master [1ms]
2024-02-24 09:33:28.634 [info] > git status -z -uall [2ms]
2024-02-24 09:33:30.446 [info] > git show --textconv :prototype1.py [12ms]
2024-02-24 09:33:30.447 [info] > git ls-files --stage -- /home/sivasli_58/Documents/PROJECTS/MTahir_Bot/prototype1.py [2ms]
2024-02-24 09:33:30.458 [info] > git cat-file -s 85609942db2581e9e0d6dd0adc374e49f2673fda [2ms]
2024-02-24 09:34:32.974 [info] > git config --get commit.template [68ms]
2024-02-24 09:34:32.976 [info] > git for-each-ref --format=%(refname)%00%(upstream:short)%00%(objectname)%00%(upstream:track)%00%(upstream:remotename)%00%(upstream:remoteref) refs/heads/master refs/remotes/master [6ms]
2024-02-24 09:34:33.006 [info] > git status -z -uall [5ms]
2024-02-24 09:34:40.200 [info] > git config --get commit.template [2ms]
2024-02-24 09:34:40.213 [info] > git for-each-ref --format=%(refname)%00%(upstream:short)%00%(objectname)%00%(upstream:track)%00%(upstream:remotename)%00%(upstream:remoteref) refs/heads/master refs/remotes/master [1ms]
2024-02-24 09:34:40.226 [info] > git status -z -uall [2ms]
2024-02-24 09:35:08.626 [info] > git config --get commit.template [14ms]
2024-02-24 09:35:08.627 [info] > git for-each-ref --format=%(refname)%00%(upstream:short)%00%(objectname)%00%(upstream:track)%00%(upstream:remotename)%00%(upstream:remoteref) refs/heads/master refs/remotes/master [2ms]
2024-02-24 09:35:08.644 [info] > git status -z -uall [4ms]
2024-02-24 09:35:10.787 [info] > git show --textconv :points.json [25ms]
2024-02-24 09:35:10.790 [info] > git ls-files --stage -- /home/sivasli_58/Documents/PROJECTS/MTahir_Bot/points.json [5ms]
2024-02-24 09:35:10.811 [info] > git cat-file -s f0a17da3c87755f870cae58044680050dc2f954b [3ms]
2024-02-24 09:35:13.699 [info] > git config --get commit.template [4ms]
2024-02-24 09:35:13.745 [info] > git for-each-ref --format=%(refname)%00%(upstream:short)%00%(objectname)%00%(upstream:track)%00%(upstream:remotename)%00%(upstream:remoteref) refs/heads/master refs/remotes/master [1ms]
2024-02-24 09:35:13.760 [info] > git status -z -uall [3ms]
2024-02-24 09:35:19.923 [info] > git show --textconv :main.js [26ms]
2024-02-24 09:35:19.926 [info] > git ls-files --stage -- /home/sivasli_58/Documents/PROJECTS/MTahir_Bot/main.js [5ms]
2024-02-24 09:35:19.962 [info] > git cat-file -s 223fc60ce3d659f67ed2de6ecc72b4a0e9e2010a [13ms]
2024-02-24 09:35:21.163 [info] > git show --textconv :chapter.json [25ms]
2024-02-24 09:35:21.165 [info] > git ls-files --stage -- /home/sivasli_58/Documents/PROJECTS/MTahir_Bot/chapter.json [2ms]
2024-02-24 09:35:21.179 [info] > git cat-file -s 5f124ea21e0cd4118d63904947d6ff619b092056 [2ms]
2024-02-24 09:35:31.704 [info] > git show --textconv :main.js [19ms]
2024-02-24 09:35:31.707 [info] > git ls-files --stage -- /home/sivasli_58/Documents/PROJECTS/MTahir_Bot/main.js [3ms]
2024-02-24 09:35:31.727 [info] > git cat-file -s 223fc60ce3d659f67ed2de6ecc72b4a0e9e2010a [8ms]
2024-02-24 09:35:33.406 [info] > git show --textconv :points.json [28ms]
2024-02-24 09:35:33.411 [info] > git ls-files --stage -- /home/sivasli_58/Documents/PROJECTS/MTahir_Bot/points.json [6ms]
2024-02-24 09:35:33.431 [info] > git cat-file -s f0a17da3c87755f870cae58044680050dc2f954b [3ms]
2024-02-24 09:35:37.708 [info] > git show --textconv :prototype1.py [14ms]
2024-02-24 09:35:37.710 [info] > git ls-files --stage -- /home/sivasli_58/Documents/PROJECTS/MTahir_Bot/prototype1.py [2ms]
2024-02-24 09:35:37.722 [info] > git cat-file -s 85609942db2581e9e0d6dd0adc374e49f2673fda [2ms]
2024-02-24 09:36:35.942 [info] > git show --textconv :points.json [9ms]
2024-02-24 09:36:35.943 [info] > git ls-files --stage -- /home/sivasli_58/Documents/PROJECTS/MTahir_Bot/points.json [1ms]
2024-02-24 09:36:35.953 [info] > git cat-file -s f0a17da3c87755f870cae58044680050dc2f954b [2ms]
2024-02-24 09:36:40.991 [info] > git show --textconv :chapter.json [16ms]
2024-02-24 09:36:40.993 [info] > git ls-files --stage -- /home/sivasli_58/Documents/PROJECTS/MTahir_Bot/chapter.json [2ms]
2024-02-24 09:36:41.010 [info] > git cat-file -s 5f124ea21e0cd4118d63904947d6ff619b092056 [2ms]
2024-02-24 09:36:43.951 [info] > git show --textconv :prototype1.py [10ms]
2024-02-24 09:36:43.952 [info] > git ls-files --stage -- /home/sivasli_58/Documents/PROJECTS/MTahir_Bot/prototype1.py [2ms]
2024-02-24 09:36:43.963 [info] > git cat-file -s 85609942db2581e9e0d6dd0adc374e49f2673fda [1ms]
2024-02-24 09:37:01.396 [info] > git show --textconv :main.js [24ms]
2024-02-24 09:37:01.401 [info] > git ls-files --stage -- /home/sivasli_58/Documents/PROJECTS/MTahir_Bot/main.js [6ms]
2024-02-24 09:37:01.415 [info] > git cat-file -s 223fc60ce3d659f67ed2de6ecc72b4a0e9e2010a [1ms]
2024-02-24 09:37:05.287 [info] > git config --get commit.template [4ms]
2024-02-24 09:37:05.318 [info] > git for-each-ref --format=%(refname)%00%(upstream:short)%00%(objectname)%00%(upstream:track)%00%(upstream:remotename)%00%(upstream:remoteref) refs/heads/master refs/remotes/master [3ms]
2024-02-24 09:37:05.341 [info] > git status -z -uall [2ms]
2024-02-24 09:37:05.908 [info] > git show --textconv :chapter.json [36ms]
2024-02-24 09:37:05.912 [info] > git ls-files --stage -- /home/sivasli_58/Documents/PROJECTS/MTahir_Bot/chapter.json [7ms]
2024-02-24 09:37:05.942 [info] > git cat-file -s 5f124ea21e0cd4118d63904947d6ff619b092056 [4ms]
2024-02-24 09:37:14.716 [info] > git config --get commit.template [9ms]
2024-02-24 09:37:14.716 [info] > git for-each-ref --format=%(refname)%00%(upstream:short)%00%(objectname)%00%(upstream:track)%00%(upstream:remotename)%00%(upstream:remoteref) refs/heads/master refs/remotes/master [1ms]
2024-02-24 09:37:14.726 [info] > git status -z -uall [1ms]
2024-02-24 09:37:50.649 [info] > git config --get commit.template [15ms]
2024-02-24 09:37:50.650 [info] > git for-each-ref --format=%(refname)%00%(upstream:short)%00%(objectname)%00%(upstream:track)%00%(upstream:remotename)%00%(upstream:remoteref) refs/heads/master refs/remotes/master [2ms]
2024-02-24 09:37:50.664 [info] > git status -z -uall [1ms]
2024-02-24 09:37:52.751 [info] > git show --textconv :main.js [11ms]
2024-02-24 09:37:52.753 [info] > git ls-files --stage -- /home/sivasli_58/Documents/PROJECTS/MTahir_Bot/main.js [2ms]
2024-02-24 09:37:52.763 [info] > git cat-file -s 223fc60ce3d659f67ed2de6ecc72b4a0e9e2010a [2ms]
2024-02-24 09:37:54.043 [info] > git show --textconv :points.json [26ms]
2024-02-24 09:37:54.045 [info] > git ls-files --stage -- /home/sivasli_58/Documents/PROJECTS/MTahir_Bot/points.json [3ms]
2024-02-24 09:37:54.071 [info] > git cat-file -s f0a17da3c87755f870cae58044680050dc2f954b [4ms]
2024-02-24 09:37:56.428 [info] > git show --textconv :prototype1.py [23ms]
2024-02-24 09:37:56.431 [info] > git ls-files --stage -- /home/sivasli_58/Documents/PROJECTS/MTahir_Bot/prototype1.py [4ms]
2024-02-24 09:37:56.451 [info] > git cat-file -s 85609942db2581e9e0d6dd0adc374e49f2673fda [2ms]
2024-02-24 09:39:08.685 [info] > git config --get commit.template [26ms]
2024-02-24 09:39:08.687 [info] > git for-each-ref --format=%(refname)%00%(upstream:short)%00%(objectname)%00%(upstream:track)%00%(upstream:remotename)%00%(upstream:remoteref) refs/heads/master refs/remotes/master [3ms]
2024-02-24 09:39:08.710 [info] > git status -z -uall [3ms]
2024-02-24 09:39:15.911 [info] > git config --get commit.template [2ms]
2024-02-24 09:39:15.929 [info] > git for-each-ref --format=%(refname)%00%(upstream:short)%00%(objectname)%00%(upstream:track)%00%(upstream:remotename)%00%(upstream:remoteref) refs/heads/master refs/remotes/master [2ms]
2024-02-24 09:39:15.945 [info] > git status -z -uall [3ms]
2024-02-24 09:39:44.289 [info] > git config --get commit.template [5ms]
2024-02-24 09:39:44.315 [info] > git for-each-ref --format=%(refname)%00%(upstream:short)%00%(objectname)%00%(upstream:track)%00%(upstream:remotename)%00%(upstream:remoteref) refs/heads/master refs/remotes/master [2ms]
2024-02-24 09:39:44.325 [info] > git status -z -uall [1ms]
2024-02-24 09:40:04.311 [info] > git config --get commit.template [29ms]
2024-02-24 09:40:04.313 [info] > git for-each-ref --format=%(refname)%00%(upstream:short)%00%(objectname)%00%(upstream:track)%00%(upstream:remotename)%00%(upstream:remoteref) refs/heads/master refs/remotes/master [4ms]
2024-02-24 09:40:04.342 [info] > git status -z -uall [4ms]
2024-02-24 09:40:19.275 [info] > git config --get commit.template [9ms]
2024-02-24 09:40:19.297 [info] > git for-each-ref --format=%(refname)%00%(upstream:short)%00%(objectname)%00%(upstream:track)%00%(upstream:remotename)%00%(upstream:remoteref) refs/heads/master refs/remotes/master [1ms]
2024-02-24 09:40:19.307 [info] > git status -z -uall [1ms]
2024-02-24 09:40:33.511 [info] > git config --get commit.template [23ms]
2024-02-24 09:40:33.512 [info] > git for-each-ref --format=%(refname)%00%(upstream:short)%00%(objectname)%00%(upstream:track)%00%(upstream:remotename)%00%(upstream:remoteref) refs/heads/master refs/remotes/master [2ms]
2024-02-24 09:40:33.534 [info] > git status -z -uall [2ms]
2024-02-24 09:40:39.184 [info] > git config --get commit.template [22ms]
2024-02-24 09:40:39.185 [info] > git for-each-ref --format=%(refname)%00%(upstream:short)%00%(objectname)%00%(upstream:track)%00%(upstream:remotename)%00%(upstream:remoteref) refs/heads/master refs/remotes/master [2ms]
2024-02-24 09:40:39.198 [info] > git status -z -uall [2ms]
2024-02-24 09:41:21.755 [info] > git for-each-ref --format=%(refname)%00%(upstream:short)%00%(objectname)%00%(upstream:track)%00%(upstream:remotename)%00%(upstream:remoteref) refs/heads/master refs/remotes/master [3ms]
2024-02-24 09:41:21.755 [info] > git config --get commit.template [29ms]
2024-02-24 09:41:21.772 [info] > git status -z -uall [3ms]
2024-02-24 09:43:07.863 [info] > git for-each-ref --format=%(refname)%00%(upstream:short)%00%(objectname)%00%(upstream:track)%00%(upstream:remotename)%00%(upstream:remoteref) refs/heads/master refs/remotes/master [7ms]
2024-02-24 09:43:07.864 [info] > git config --get commit.template [38ms]
2024-02-24 09:43:07.891 [info] > git status -z -uall [2ms]
2024-02-24 09:43:33.133 [info] > git config --get commit.template [4ms]
2024-02-24 09:43:33.169 [info] > git for-each-ref --format=%(refname)%00%(upstream:short)%00%(objectname)%00%(upstream:track)%00%(upstream:remotename)%00%(upstream:remoteref) refs/heads/master refs/remotes/master [1ms]
2024-02-24 09:43:33.200 [info] > git status -z -uall [1ms]
2024-02-24 09:43:45.344 [info] > git config --get commit.template [18ms]
2024-02-24 09:43:45.345 [info] > git for-each-ref --format=%(refname)%00%(upstream:short)%00%(objectname)%00%(upstream:track)%00%(upstream:remotename)%00%(upstream:remoteref) refs/heads/master refs/remotes/master [2ms]
2024-02-24 09:43:45.366 [info] > git status -z -uall [3ms]
2024-02-24 09:44:23.036 [info] > git show --textconv :prototype1.py [9ms]
2024-02-24 09:44:23.037 [info] > git ls-files --stage -- /home/sivasli_58/Documents/PROJECTS/MTahir_Bot/prototype1.py [1ms]
2024-02-24 09:44:23.046 [info] > git cat-file -s 85609942db2581e9e0d6dd0adc374e49f2673fda [1ms]
2024-02-24 09:44:26.901 [info] > git config --get commit.template [2ms]
2024-02-24 09:44:26.911 [info] > git for-each-ref --format=%(refname)%00%(upstream:short)%00%(objectname)%00%(upstream:track)%00%(upstream:remotename)%00%(upstream:remoteref) refs/heads/master refs/remotes/master [2ms]
2024-02-24 09:44:26.922 [info] > git status -z -uall [2ms]
2024-02-24 09:44:49.018 [info] > git config --get commit.template [3ms]
2024-02-24 09:44:49.049 [info] > git for-each-ref --format=%(refname)%00%(upstream:short)%00%(objectname)%00%(upstream:track)%00%(upstream:remotename)%00%(upstream:remoteref) refs/heads/master refs/remotes/master [4ms]
2024-02-24 09:44:49.081 [info] > git status -z -uall [3ms]
2024-02-24 09:44:52.894 [info] > git show --textconv :chapter.json [10ms]
2024-02-24 09:44:52.894 [info] > git ls-files --stage -- /home/sivasli_58/Documents/PROJECTS/MTahir_Bot/chapter.json [1ms]
2024-02-24 09:44:52.904 [info] > git cat-file -s 5f124ea21e0cd4118d63904947d6ff619b092056 [2ms]
2024-02-24 09:44:55.298 [info] > git show --textconv :points.json [20ms]
2024-02-24 09:44:55.300 [info] > git ls-files --stage -- /home/sivasli_58/Documents/PROJECTS/MTahir_Bot/points.json [3ms]
2024-02-24 09:44:55.313 [info] > git cat-file -s f0a17da3c87755f870cae58044680050dc2f954b [3ms]
2024-02-24 09:44:59.557 [info] > git for-each-ref --format=%(refname)%00%(upstream:short)%00%(objectname)%00%(upstream:track)%00%(upstream:remotename)%00%(upstream:remoteref) refs/heads/master refs/remotes/master [5ms]
2024-02-24 09:44:59.557 [info] > git config --get commit.template [30ms]
2024-02-24 09:44:59.574 [info] > git status -z -uall [2ms]
2024-02-24 09:45:05.931 [info] > git config --get commit.template [2ms]
2024-02-24 09:45:05.941 [info] > git for-each-ref --format=%(refname)%00%(upstream:short)%00%(objectname)%00%(upstream:track)%00%(upstream:remotename)%00%(upstream:remoteref) refs/heads/master refs/remotes/master [1ms]
2024-02-24 09:45:05.951 [info] > git status -z -uall [2ms]
2024-02-24 09:45:11.915 [info] > git config --get commit.template [29ms]
2024-02-24 09:45:11.917 [info] > git for-each-ref --format=%(refname)%00%(upstream:short)%00%(objectname)%00%(upstream:track)%00%(upstream:remotename)%00%(upstream:remoteref) refs/heads/master refs/remotes/master [4ms]
2024-02-24 09:45:11.953 [info] > git status -z -uall [4ms]
2024-02-24 09:45:21.202 [info] > git show --textconv :main.js [25ms]
2024-02-24 09:45:21.206 [info] > git ls-files --stage -- /home/sivasli_58/Documents/PROJECTS/MTahir_Bot/main.js [4ms]
2024-02-24 09:45:21.244 [info] > git cat-file -s 223fc60ce3d659f67ed2de6ecc72b4a0e9e2010a [8ms]
2024-02-24 09:45:24.661 [info] > git config --get commit.template [2ms]
2024-02-24 09:45:24.671 [info] > git for-each-ref --format=%(refname)%00%(upstream:short)%00%(objectname)%00%(upstream:track)%00%(upstream:remotename)%00%(upstream:remoteref) refs/heads/master refs/remotes/master [1ms]
2024-02-24 09:45:24.681 [info] > git status -z -uall [1ms]
2024-02-24 09:45:47.783 [info] > git config --get commit.template [12ms]
2024-02-24 09:45:47.784 [info] > git for-each-ref --format=%(refname)%00%(upstream:short)%00%(objectname)%00%(upstream:track)%00%(upstream:remotename)%00%(upstream:remoteref) refs/heads/master refs/remotes/master [2ms]
2024-02-24 09:45:47.798 [info] > git status -z -uall [3ms]
2024-02-24 09:45:51.449 [info] > git show --textconv :points.json [22ms]
2024-02-24 09:45:51.452 [info] > git ls-files --stage -- /home/sivasli_58/Documents/PROJECTS/MTahir_Bot/points.json [3ms]
2024-02-24 09:45:51.470 [info] > git cat-file -s f0a17da3c87755f870cae58044680050dc2f954b [2ms]
2024-02-24 09:45:52.861 [info] > git config --get commit.template [28ms]
2024-02-24 09:45:52.862 [info] > git for-each-ref --format=%(refname)%00%(upstream:short)%00%(objectname)%00%(upstream:track)%00%(upstream:remotename)%00%(upstream:remoteref) refs/heads/master refs/remotes/master [5ms]
2024-02-24 09:45:52.887 [info] > git status -z -uall [2ms]
2024-02-24 09:45:56.254 [info] > git show --textconv :chapter.json [25ms]
2024-02-24 09:45:56.257 [info] > git ls-files --stage -- /home/sivasli_58/Documents/PROJECTS/MTahir_Bot/chapter.json [4ms]
2024-02-24 09:45:56.283 [info] > git cat-file -s 5f124ea21e0cd4118d63904947d6ff619b092056 [5ms]
2024-02-24 09:45:58.335 [info] > git show --textconv :test.py [1ms]
2024-02-24 09:45:58.356 [info] > git ls-files --stage -- /home/sivasli_58/Documents/PROJECTS/MTahir_Bot/test.py [3ms]
2024-02-24 09:45:58.375 [info] > git cat-file -s 45d4a3e784fe6ed0e7a43e0681e767057f905359 [5ms]
2024-02-24 09:46:01.536 [info] > git show --textconv :prototype1.py [29ms]
2024-02-24 09:46:01.539 [info] > git ls-files --stage -- /home/sivasli_58/Documents/PROJECTS/MTahir_Bot/prototype1.py [4ms]
2024-02-24 09:46:01.556 [info] > git cat-file -s 85609942db2581e9e0d6dd0adc374e49f2673fda [2ms]
2024-02-24 09:46:08.519 [info] > git config --get commit.template [2ms]
2024-02-24 09:46:08.534 [info] > git for-each-ref --format=%(refname)%00%(upstream:short)%00%(objectname)%00%(upstream:track)%00%(upstream:remotename)%00%(upstream:remoteref) refs/heads/master refs/remotes/master [2ms]
2024-02-24 09:46:08.545 [info] > git status -z -uall [1ms]
2024-02-24 09:46:24.307 [info] > git show --textconv :chapter.json [13ms]
2024-02-24 09:46:24.308 [info] > git ls-files --stage -- /home/sivasli_58/Documents/PROJECTS/MTahir_Bot/chapter.json [2ms]
2024-02-24 09:46:24.321 [info] > git cat-file -s 5f124ea21e0cd4118d63904947d6ff619b092056 [3ms]
2024-02-24 09:46:30.971 [info] > git show --textconv :prototype1.py [12ms]
2024-02-24 09:46:30.972 [info] > git ls-files --stage -- /home/sivasli_58/Documents/PROJECTS/MTahir_Bot/prototype1.py [2ms]
2024-02-24 09:46:30.982 [info] > git cat-file -s 85609942db2581e9e0d6dd0adc374e49f2673fda [1ms]
2024-02-24 09:46:46.920 [info] > git show --textconv :chapter.json [11ms]
2024-02-24 09:46:46.921 [info] > git ls-files --stage -- /home/sivasli_58/Documents/PROJECTS/MTahir_Bot/chapter.json [2ms]
2024-02-24 09:46:46.931 [info] > git cat-file -s 5f124ea21e0cd4118d63904947d6ff619b092056 [2ms]
2024-02-24 09:46:54.693 [info] > git config --get commit.template [9ms]
2024-02-24 09:46:54.693 [info] > git for-each-ref --format=%(refname)%00%(upstream:short)%00%(objectname)%00%(upstream:track)%00%(upstream:remotename)%00%(upstream:remoteref) refs/heads/master refs/remotes/master [1ms]
2024-02-24 09:46:54.703 [info] > git status -z -uall [1ms]
2024-02-24 09:46:55.383 [info] > git show --textconv :test.py [9ms]
2024-02-24 09:46:55.384 [info] > git ls-files --stage -- /home/sivasli_58/Documents/PROJECTS/MTahir_Bot/test.py [1ms]
2024-02-24 09:46:55.393 [info] > git cat-file -s 45d4a3e784fe6ed0e7a43e0681e767057f905359 [1ms]
2024-02-24 09:46:56.304 [info] > git show --textconv :prototype1.py [31ms]
2024-02-24 09:46:56.307 [info] > git ls-files --stage -- /home/sivasli_58/Documents/PROJECTS/MTahir_Bot/prototype1.py [4ms]
2024-02-24 09:46:56.329 [info] > git cat-file -s 85609942db2581e9e0d6dd0adc374e49f2673fda [3ms]
2024-02-24 09:49:12.453 [info] > git config --get commit.template [3ms]
2024-02-24 09:49:12.475 [info] > git for-each-ref --format=%(refname)%00%(upstream:short)%00%(objectname)%00%(upstream:track)%00%(upstream:remotename)%00%(upstream:remoteref) refs/heads/master refs/remotes/master [3ms]
2024-02-24 09:49:12.495 [info] > git status -z -uall [0ms]
2024-02-24 09:50:17.156 [info] > git config --get commit.template [2ms]
2024-02-24 09:50:17.168 [info] > git for-each-ref --format=%(refname)%00%(upstream:short)%00%(objectname)%00%(upstream:track)%00%(upstream:remotename)%00%(upstream:remoteref) refs/heads/master refs/remotes/master [2ms]
2024-02-24 09:50:17.182 [info] > git status -z -uall [1ms]
2024-02-24 09:51:47.423 [info] > git config --get commit.template [30ms]
2024-02-24 09:51:47.425 [info] > git for-each-ref --format=%(refname)%00%(upstream:short)%00%(objectname)%00%(upstream:track)%00%(upstream:remotename)%00%(upstream:remoteref) refs/heads/master refs/remotes/master [4ms]
2024-02-24 09:51:47.457 [info] > git status -z -uall [5ms]
2024-02-24 09:51:55.851 [info] > git config --get commit.template [19ms]
2024-02-24 09:51:55.852 [info] > git for-each-ref --format=%(refname)%00%(upstream:short)%00%(objectname)%00%(upstream:track)%00%(upstream:remotename)%00%(upstream:remoteref) refs/heads/master refs/remotes/master [2ms]
2024-02-24 09:51:55.868 [info] > git status -z -uall [2ms]
2024-02-24 09:52:25.874 [info] > git config --get commit.template [28ms]
2024-02-24 09:52:25.875 [info] > git for-each-ref --format=%(refname)%00%(upstream:short)%00%(objectname)%00%(upstream:track)%00%(upstream:remotename)%00%(upstream:remoteref) refs/heads/master refs/remotes/master [2ms]
2024-02-24 09:52:25.893 [info] > git status -z -uall [2ms]
2024-02-24 09:52:26.357 [info] > git show --textconv :chapter.json [10ms]
2024-02-24 09:52:26.358 [info] > git ls-files --stage -- /home/sivasli_58/Documents/PROJECTS/MTahir_Bot/chapter.json [1ms]
2024-02-24 09:52:26.368 [info] > git cat-file -s 5f124ea21e0cd4118d63904947d6ff619b092056 [2ms]
2024-02-24 09:52:27.787 [info] > git show --textconv :points.json [27ms]
2024-02-24 09:52:27.790 [info] > git ls-files --stage -- /home/sivasli_58/Documents/PROJECTS/MTahir_Bot/points.json [4ms]
2024-02-24 09:52:27.807 [info] > git cat-file -s f0a17da3c87755f870cae58044680050dc2f954b [2ms]
2024-02-24 09:52:41.448 [info] > git config --get commit.template [18ms]
2024-02-24 09:52:41.449 [info] > git for-each-ref --format=%(refname)%00%(upstream:short)%00%(objectname)%00%(upstream:track)%00%(upstream:remotename)%00%(upstream:remoteref) refs/heads/master refs/remotes/master [2ms]
2024-02-24 09:52:41.465 [info] > git status -z -uall [2ms]
2024-02-24 09:52:47.148 [info] > git config --get commit.template [28ms]
2024-02-24 09:52:47.150 [info] > git for-each-ref --format=%(refname)%00%(upstream:short)%00%(objectname)%00%(upstream:track)%00%(upstream:remotename)%00%(upstream:remoteref) refs/heads/master refs/remotes/master [3ms]
2024-02-24 09:52:47.173 [info] > git status -z -uall [3ms]
2024-02-24 09:53:32.997 [info] > git config --get commit.template [14ms]
2024-02-24 09:53:32.998 [info] > git for-each-ref --format=%(refname)%00%(upstream:short)%00%(objectname)%00%(upstream:track)%00%(upstream:remotename)%00%(upstream:remoteref) refs/heads/master refs/remotes/master [2ms]
2024-02-24 09:53:33.009 [info] > git status -z -uall [1ms]
2024-02-24 09:53:35.028 [info] > git show --textconv :prototype1.py [25ms]
2024-02-24 09:53:35.029 [info] > git ls-files --stage -- /home/sivasli_58/Documents/PROJECTS/MTahir_Bot/prototype1.py [2ms]
2024-02-24 09:53:35.041 [info] > git cat-file -s 85609942db2581e9e0d6dd0adc374e49f2673fda [1ms]
2024-02-24 09:53:43.668 [info] > git config --get commit.template [13ms]
2024-02-24 09:53:43.668 [info] > git for-each-ref --format=%(refname)%00%(upstream:short)%00%(objectname)%00%(upstream:track)%00%(upstream:remotename)%00%(upstream:remoteref) refs/heads/master refs/remotes/master [1ms]
2024-02-24 09:53:43.679 [info] > git status -z -uall [2ms]
2024-02-24 09:53:45.177 [info] > git show --textconv :points.json [17ms]
2024-02-24 09:53:45.179 [info] > git ls-files --stage -- /home/sivasli_58/Documents/PROJECTS/MTahir_Bot/points.json [2ms]
2024-02-24 09:53:45.189 [info] > git cat-file -s f0a17da3c87755f870cae58044680050dc2f954b [2ms]
2024-02-24 09:53:49.504 [info] > git config --get commit.template [10ms]
2024-02-24 09:53:49.504 [info] > git for-each-ref --format=%(refname)%00%(upstream:short)%00%(objectname)%00%(upstream:track)%00%(upstream:remotename)%00%(upstream:remoteref) refs/heads/master refs/remotes/master [1ms]
2024-02-24 09:53:49.515 [info] > git status -z -uall [2ms]
2024-02-24 09:54:12.304 [info] > git config --get commit.template [15ms]
2024-02-24 09:54:12.304 [info] > git for-each-ref --format=%(refname)%00%(upstream:short)%00%(objectname)%00%(upstream:track)%00%(upstream:remotename)%00%(upstream:remoteref) refs/heads/master refs/remotes/master [2ms]
2024-02-24 09:54:12.317 [info] > git status -z -uall [2ms]
2024-02-24 09:54:17.376 [info] > git config --get commit.template [28ms]
2024-02-24 09:54:17.380 [info] > git for-each-ref --format=%(refname)%00%(upstream:short)%00%(objectname)%00%(upstream:track)%00%(upstream:remotename)%00%(upstream:remoteref) refs/heads/master refs/remotes/master [7ms]
2024-02-24 09:54:17.398 [info] > git status -z -uall [1ms]
2024-02-24 09:54:17.866 [info] > git show --textconv :chapter.json [18ms]
2024-02-24 09:54:17.866 [info] > git ls-files --stage -- /home/sivasli_58/Documents/PROJECTS/MTahir_Bot/chapter.json [1ms]
2024-02-24 09:54:17.882 [info] > git cat-file -s 5f124ea21e0cd4118d63904947d6ff619b092056 [3ms]
2024-02-24 09:54:20.172 [info] > git show --textconv :test.py [10ms]
2024-02-24 09:54:20.173 [info] > git ls-files --stage -- /home/sivasli_58/Documents/PROJECTS/MTahir_Bot/test.py [1ms]
2024-02-24 09:54:20.183 [info] > git cat-file -s 45d4a3e784fe6ed0e7a43e0681e767057f905359 [2ms]
2024-02-24 09:54:22.162 [info] > git show --textconv :prototype1.py [15ms]
2024-02-24 09:54:22.163 [info] > git ls-files --stage -- /home/sivasli_58/Documents/PROJECTS/MTahir_Bot/prototype1.py [1ms]
2024-02-24 09:54:22.173 [info] > git cat-file -s 85609942db2581e9e0d6dd0adc374e49f2673fda [2ms]
2024-02-24 09:54:58.010 [info] > git config --get commit.template [10ms]
2024-02-24 09:54:58.010 [info] > git for-each-ref --format=%(refname)%00%(upstream:short)%00%(objectname)%00%(upstream:track)%00%(upstream:remotename)%00%(upstream:remoteref) refs/heads/master refs/remotes/master [1ms]
2024-02-24 09:54:58.021 [info] > git status -z -uall [1ms]
2024-02-24 09:55:01.865 [info] > git show --textconv :points.json [12ms]
2024-02-24 09:55:01.866 [info] > git ls-files --stage -- /home/sivasli_58/Documents/PROJECTS/MTahir_Bot/points.json [2ms]
2024-02-24 09:55:01.876 [info] > git cat-file -s f0a17da3c87755f870cae58044680050dc2f954b [1ms]
2024-02-24 09:55:16.565 [info] > git config --get commit.template [19ms]
2024-02-24 09:55:16.565 [info] > git for-each-ref --format=%(refname)%00%(upstream:short)%00%(objectname)%00%(upstream:track)%00%(upstream:remotename)%00%(upstream:remoteref) refs/heads/master refs/remotes/master [2ms]
2024-02-24 09:55:16.577 [info] > git status -z -uall [2ms]
2024-02-24 09:55:44.171 [info] > git config --get commit.template [11ms]
2024-02-24 09:55:44.172 [info] > git for-each-ref --format=%(refname)%00%(upstream:short)%00%(objectname)%00%(upstream:track)%00%(upstream:remotename)%00%(upstream:remoteref) refs/heads/master refs/remotes/master [2ms]
2024-02-24 09:55:44.184 [info] > git status -z -uall [1ms]
2024-02-24 09:55:49.221 [info] > git config --get commit.template [14ms]
2024-02-24 09:55:49.221 [info] > git for-each-ref --format=%(refname)%00%(upstream:short)%00%(objectname)%00%(upstream:track)%00%(upstream:remotename)%00%(upstream:remoteref) refs/heads/master refs/remotes/master [1ms]
2024-02-24 09:55:49.235 [info] > git status -z -uall [2ms]
2024-02-24 09:55:49.763 [info] > git show --textconv :main.js [13ms]
2024-02-24 09:55:49.764 [info] > git ls-files --stage -- /home/sivasli_58/Documents/PROJECTS/MTahir_Bot/main.js [2ms]
2024-02-24 09:55:49.778 [info] > git cat-file -s 223fc60ce3d659f67ed2de6ecc72b4a0e9e2010a [2ms]
2024-02-24 09:55:54.471 [info] > git config --get commit.template [2ms]
2024-02-24 09:55:54.481 [info] > git for-each-ref --format=%(refname)%00%(upstream:short)%00%(objectname)%00%(upstream:track)%00%(upstream:remotename)%00%(upstream:remoteref) refs/heads/master refs/remotes/master [2ms]
2024-02-24 09:55:54.491 [info] > git status -z -uall [1ms]
2024-02-24 09:56:16.113 [info] > git config --get commit.template [12ms]
2024-02-24 09:56:16.113 [info] > git for-each-ref --format=%(refname)%00%(upstream:short)%00%(objectname)%00%(upstream:track)%00%(upstream:remotename)%00%(upstream:remoteref) refs/heads/master refs/remotes/master [1ms]
2024-02-24 09:56:16.125 [info] > git status -z -uall [2ms]
2024-02-24 09:56:19.728 [info] > git show --textconv :chapter.json [28ms]
2024-02-24 09:56:19.730 [info] > git ls-files --stage -- /home/sivasli_58/Documents/PROJECTS/MTahir_Bot/chapter.json [4ms]
2024-02-24 09:56:19.744 [info] > git cat-file -s 5f124ea21e0cd4118d63904947d6ff619b092056 [2ms]
2024-02-24 09:56:21.155 [info] > git config --get commit.template [15ms]
2024-02-24 09:56:21.156 [info] > git for-each-ref --format=%(refname)%00%(upstream:short)%00%(objectname)%00%(upstream:track)%00%(upstream:remotename)%00%(upstream:remoteref) refs/heads/master refs/remotes/master [2ms]
2024-02-24 09:56:21.172 [info] > git status -z -uall [3ms]
2024-02-24 09:56:21.269 [info] > git show --textconv :test.py [26ms]
2024-02-24 09:56:21.272 [info] > git ls-files --stage -- /home/sivasli_58/Documents/PROJECTS/MTahir_Bot/test.py [4ms]
2024-02-24 09:56:21.303 [info] > git cat-file -s 45d4a3e784fe6ed0e7a43e0681e767057f905359 [7ms]
2024-02-24 09:56:24.683 [info] > git show --textconv :points.json [21ms]
2024-02-24 09:56:24.685 [info] > git ls-files --stage -- /home/sivasli_58/Documents/PROJECTS/MTahir_Bot/points.json [3ms]
2024-02-24 09:56:24.704 [info] > git cat-file -s f0a17da3c87755f870cae58044680050dc2f954b [3ms]
2024-02-24 09:56:34.477 [info] > git show --textconv :chapter.json [27ms]
2024-02-24 09:56:34.480 [info] > git ls-files --stage -- /home/sivasli_58/Documents/PROJECTS/MTahir_Bot/chapter.json [4ms]
2024-02-24 09:56:34.502 [info] > git cat-file -s 5f124ea21e0cd4118d63904947d6ff619b092056 [3ms]
2024-02-24 09:56:43.782 [info] > git show --textconv :prototype1.py [9ms]
2024-02-24 09:56:43.783 [info] > git ls-files --stage -- /home/sivasli_58/Documents/PROJECTS/MTahir_Bot/prototype1.py [1ms]
2024-02-24 09:56:43.794 [info] > git cat-file -s 85609942db2581e9e0d6dd0adc374e49f2673fda [1ms]
2024-02-24 09:56:51.489 [info] > git config --get commit.template [5ms]
2024-02-24 09:56:51.512 [info] > git for-each-ref --format=%(refname)%00%(upstream:short)%00%(objectname)%00%(upstream:track)%00%(upstream:remotename)%00%(upstream:remoteref) refs/heads/master refs/remotes/master [3ms]
2024-02-24 09:56:51.529 [info] > git status -z -uall [2ms]
2024-02-24 09:56:53.098 [info] > git show --textconv :main.js [22ms]
2024-02-24 09:56:53.100 [info] > git ls-files --stage -- /home/sivasli_58/Documents/PROJECTS/MTahir_Bot/main.js [2ms]
2024-02-24 09:56:53.116 [info] > git cat-file -s 223fc60ce3d659f67ed2de6ecc72b4a0e9e2010a [3ms]
2024-02-24 09:56:54.888 [info] > git show --textconv :chapter.json [24ms]
2024-02-24 09:56:54.891 [info] > git ls-files --stage -- /home/sivasli_58/Documents/PROJECTS/MTahir_Bot/chapter.json [4ms]
2024-02-24 09:56:54.918 [info] > git cat-file -s 5f124ea21e0cd4118d63904947d6ff619b092056 [5ms]
2024-02-24 09:56:56.550 [info] > git config --get commit.template [8ms]
2024-02-24 09:56:56.550 [info] > git for-each-ref --format=%(refname)%00%(upstream:short)%00%(objectname)%00%(upstream:track)%00%(upstream:remotename)%00%(upstream:remoteref) refs/heads/master refs/remotes/master [1ms]
2024-02-24 09:56:56.565 [info] > git status -z -uall [2ms]
2024-02-24 09:56:56.728 [info] > git show --textconv :points.json [23ms]
2024-02-24 09:56:56.729 [info] > git ls-files --stage -- /home/sivasli_58/Documents/PROJECTS/MTahir_Bot/points.json [2ms]
2024-02-24 09:56:56.745 [info] > git cat-file -s f0a17da3c87755f870cae58044680050dc2f954b [2ms]
2024-02-24 09:57:01.624 [info] > git config --get commit.template [23ms]
2024-02-24 09:57:01.625 [info] > git for-each-ref --format=%(refname)%00%(upstream:short)%00%(objectname)%00%(upstream:track)%00%(upstream:remotename)%00%(upstream:remoteref) refs/heads/master refs/remotes/master [2ms]
2024-02-24 09:57:01.640 [info] > git status -z -uall [2ms]
2024-02-24 09:57:09.166 [info] > git config --get commit.template [10ms]
2024-02-24 09:57:09.167 [info] > git for-each-ref --format=%(refname)%00%(upstream:short)%00%(objectname)%00%(upstream:track)%00%(upstream:remotename)%00%(upstream:remoteref) refs/heads/master refs/remotes/master [1ms]
2024-02-24 09:57:09.178 [info] > git status -z -uall [2ms]
2024-02-24 09:57:30.451 [info] > git config --get commit.template [12ms]
2024-02-24 09:57:30.452 [info] > git for-each-ref --format=%(refname)%00%(upstream:short)%00%(objectname)%00%(upstream:track)%00%(upstream:remotename)%00%(upstream:remoteref) refs/heads/master refs/remotes/master [2ms]
2024-02-24 09:57:30.464 [info] > git status -z -uall [1ms]
2024-02-24 09:57:34.278 [info] > git show --textconv :main.js [28ms]
2024-02-24 09:57:34.281 [info] > git ls-files --stage -- /home/sivasli_58/Documents/PROJECTS/MTahir_Bot/main.js [3ms]
2024-02-24 09:57:34.295 [info] > git cat-file -s 223fc60ce3d659f67ed2de6ecc72b4a0e9e2010a [2ms]
2024-02-24 09:57:47.331 [info] > git show --textconv :chapter.json [24ms]
2024-02-24 09:57:47.333 [info] > git ls-files --stage -- /home/sivasli_58/Documents/PROJECTS/MTahir_Bot/chapter.json [3ms]
2024-02-24 09:57:47.345 [info] > git cat-file -s 5f124ea21e0cd4118d63904947d6ff619b092056 [1ms]
2024-02-24 09:57:48.489 [info] > git show --textconv :main.js [29ms]
2024-02-24 09:57:48.492 [info] > git ls-files --stage -- /home/sivasli_58/Documents/PROJECTS/MTahir_Bot/main.js [4ms]
2024-02-24 09:57:48.513 [info] > git cat-file -s 223fc60ce3d659f67ed2de6ecc72b4a0e9e2010a [2ms]
2024-02-24 09:57:49.823 [info] > git show --textconv :points.json [27ms]
2024-02-24 09:57:49.826 [info] > git ls-files --stage -- /home/sivasli_58/Documents/PROJECTS/MTahir_Bot/points.json [4ms]
2024-02-24 09:57:49.844 [info] > git cat-file -s f0a17da3c87755f870cae58044680050dc2f954b [2ms]
2024-02-24 09:57:52.898 [info] > git show --textconv :main.js [28ms]
2024-02-24 09:57:52.901 [info] > git ls-files --stage -- /home/sivasli_58/Documents/PROJECTS/MTahir_Bot/main.js [6ms]
2024-02-24 09:57:52.930 [info] > git cat-file -s 223fc60ce3d659f67ed2de6ecc72b4a0e9e2010a [8ms]
2024-02-24 09:57:55.479 [info] > git show --textconv :points.json [29ms]
2024-02-24 09:57:55.481 [info] > git ls-files --stage -- /home/sivasli_58/Documents/PROJECTS/MTahir_Bot/points.json [3ms]
2024-02-24 09:57:55.499 [info] > git cat-file -s f0a17da3c87755f870cae58044680050dc2f954b [2ms]
2024-02-24 09:57:58.931 [info] > git show --textconv :chapter.json [31ms]
2024-02-24 09:57:58.935 [info] > git ls-files --stage -- /home/sivasli_58/Documents/PROJECTS/MTahir_Bot/chapter.json [5ms]
2024-02-24 09:57:58.951 [info] > git cat-file -s 5f124ea21e0cd4118d63904947d6ff619b092056 [2ms]
2024-02-24 09:58:06.747 [info] > git show --textconv :test.py [26ms]
2024-02-24 09:58:06.750 [info] > git ls-files --stage -- /home/sivasli_58/Documents/PROJECTS/MTahir_Bot/test.py [4ms]
2024-02-24 09:58:06.779 [info] > git cat-file -s 45d4a3e784fe6ed0e7a43e0681e767057f905359 [3ms]
2024-02-24 09:58:09.471 [info] > git show --textconv :prototype1.py [27ms]
2024-02-24 09:58:09.473 [info] > git ls-files --stage -- /home/sivasli_58/Documents/PROJECTS/MTahir_Bot/prototype1.py [3ms]
2024-02-24 09:58:09.488 [info] > git cat-file -s 85609942db2581e9e0d6dd0adc374e49f2673fda [2ms]
2024-02-24 09:58:22.043 [info] > git config --get commit.template [28ms]
2024-02-24 09:58:22.045 [info] > git for-each-ref --format=%(refname)%00%(upstream:short)%00%(objectname)%00%(upstream:track)%00%(upstream:remotename)%00%(upstream:remoteref) refs/heads/master refs/remotes/master [4ms]
2024-02-24 09:58:22.070 [info] > git status -z -uall [3ms]
2024-02-24 09:58:27.098 [info] > git config --get commit.template [11ms]
2024-02-24 09:58:27.099 [info] > git for-each-ref --format=%(refname)%00%(upstream:short)%00%(objectname)%00%(upstream:track)%00%(upstream:remotename)%00%(upstream:remoteref) refs/heads/master refs/remotes/master [2ms]
2024-02-24 09:58:27.114 [info] > git status -z -uall [2ms]
2024-02-24 09:58:45.433 [info] > git show --textconv :points.json [27ms]
2024-02-24 09:58:45.436 [info] > git ls-files --stage -- /home/sivasli_58/Documents/PROJECTS/MTahir_Bot/points.json [4ms]
2024-02-24 09:58:45.454 [info] > git cat-file -s f0a17da3c87755f870cae58044680050dc2f954b [3ms]
2024-02-24 09:58:50.841 [info] > git config --get commit.template [28ms]
2024-02-24 09:58:50.842 [info] > git for-each-ref --format=%(refname)%00%(upstream:short)%00%(objectname)%00%(upstream:track)%00%(upstream:remotename)%00%(upstream:remoteref) refs/heads/master refs/remotes/master [2ms]
2024-02-24 09:58:50.863 [info] > git status -z -uall [3ms]
2024-02-24 09:58:52.459 [info] > git show --textconv :chapter.json [29ms]
2024-02-24 09:58:52.461 [info] > git ls-files --stage -- /home/sivasli_58/Documents/PROJECTS/MTahir_Bot/chapter.json [4ms]
2024-02-24 09:58:52.476 [info] > git cat-file -s 5f124ea21e0cd4118d63904947d6ff619b092056 [2ms]
2024-02-24 09:58:56.412 [info] > git config --get commit.template [12ms]
2024-02-24 09:58:56.412 [info] > git for-each-ref --format=%(refname)%00%(upstream:short)%00%(objectname)%00%(upstream:track)%00%(upstream:remotename)%00%(upstream:remoteref) refs/heads/master refs/remotes/master [3ms]
2024-02-24 09:58:56.424 [info] > git status -z -uall [1ms]
2024-02-24 09:59:25.521 [info] > git config --get commit.template [12ms]
2024-02-24 09:59:25.522 [info] > git for-each-ref --format=%(refname)%00%(upstream:short)%00%(objectname)%00%(upstream:track)%00%(upstream:remotename)%00%(upstream:remoteref) refs/heads/master refs/remotes/master [2ms]
2024-02-24 09:59:25.534 [info] > git status -z -uall [2ms]
2024-02-24 09:59:27.541 [info] > git show --textconv :main.js [29ms]
2024-02-24 09:59:27.542 [info] > git ls-files --stage -- /home/sivasli_58/Documents/PROJECTS/MTahir_Bot/main.js [2ms]
2024-02-24 09:59:27.563 [info] > git cat-file -s 223fc60ce3d659f67ed2de6ecc72b4a0e9e2010a [6ms]
2024-02-24 09:59:30.592 [info] > git config --get commit.template [25ms]
2024-02-24 09:59:30.594 [info] > git for-each-ref --format=%(refname)%00%(upstream:short)%00%(objectname)%00%(upstream:track)%00%(upstream:remotename)%00%(upstream:remoteref) refs/heads/master refs/remotes/master [3ms]
2024-02-24 09:59:30.612 [info] > git status -z -uall [2ms]
2024-02-24 09:59:59.102 [info] > git config --get commit.template [11ms]
2024-02-24 09:59:59.103 [info] > git for-each-ref --format=%(refname)%00%(upstream:short)%00%(objectname)%00%(upstream:track)%00%(upstream:remotename)%00%(upstream:remoteref) refs/heads/master refs/remotes/master [1ms]
2024-02-24 09:59:59.114 [info] > git status -z -uall [3ms]
2024-02-24 10:00:00.930 [info] > git show --textconv :chapter.json [10ms]
2024-02-24 10:00:00.931 [info] > git ls-files --stage -- /home/sivasli_58/Documents/PROJECTS/MTahir_Bot/chapter.json [1ms]
2024-02-24 10:00:00.941 [info] > git cat-file -s 5f124ea21e0cd4118d63904947d6ff619b092056 [2ms]
2024-02-24 10:00:01.915 [info] > git show --textconv :points.json [10ms]
2024-02-24 10:00:01.916 [info] > git ls-files --stage -- /home/sivasli_58/Documents/PROJECTS/MTahir_Bot/points.json [2ms]
2024-02-24 10:00:01.925 [info] > git cat-file -s f0a17da3c87755f870cae58044680050dc2f954b [1ms]
2024-02-24 10:00:04.172 [info] > git config --get commit.template [28ms]
2024-02-24 10:00:04.174 [info] > git for-each-ref --format=%(refname)%00%(upstream:short)%00%(objectname)%00%(upstream:track)%00%(upstream:remotename)%00%(upstream:remoteref) refs/heads/master refs/remotes/master [4ms]
2024-02-24 10:00:04.198 [info] > git status -z -uall [3ms]
2024-02-24 10:00:08.270 [info] > git show --textconv :main.js [21ms]
2024-02-24 10:00:08.271 [info] > git ls-files --stage -- /home/sivasli_58/Documents/PROJECTS/MTahir_Bot/main.js [2ms]
2024-02-24 10:00:08.282 [info] > git cat-file -s 223fc60ce3d659f67ed2de6ecc72b4a0e9e2010a [1ms]
2024-02-24 10:00:51.684 [info] > git config --get commit.template [2ms]
2024-02-24 10:00:51.695 [info] > git for-each-ref --format=%(refname)%00%(upstream:short)%00%(objectname)%00%(upstream:track)%00%(upstream:remotename)%00%(upstream:remoteref) refs/heads/master refs/remotes/master [2ms]
2024-02-24 10:00:51.706 [info] > git status -z -uall [1ms]
2024-02-24 10:00:56.760 [info] > git config --get commit.template [23ms]
2024-02-24 10:00:56.761 [info] > git for-each-ref --format=%(refname)%00%(upstream:short)%00%(objectname)%00%(upstream:track)%00%(upstream:remotename)%00%(upstream:remoteref) refs/heads/master refs/remotes/master [3ms]
2024-02-24 10:00:56.775 [info] > git status -z -uall [2ms]
2024-02-24 10:00:58.535 [info] > git show --textconv :points.json [27ms]
2024-02-24 10:00:58.537 [info] > git ls-files --stage -- /home/sivasli_58/Documents/PROJECTS/MTahir_Bot/points.json [3ms]
2024-02-24 10:00:58.555 [info] > git cat-file -s f0a17da3c87755f870cae58044680050dc2f954b [3ms]
2024-02-24 10:01:03.072 [info] > git show --textconv :prototype1.py [24ms]
2024-02-24 10:01:03.075 [info] > git ls-files --stage -- /home/sivasli_58/Documents/PROJECTS/MTahir_Bot/prototype1.py [4ms]
2024-02-24 10:01:03.104 [info] > git cat-file -s 85609942db2581e9e0d6dd0adc374e49f2673fda [4ms]
2024-02-24 10:01:26.884 [info] > git config --get commit.template [13ms]
2024-02-24 10:01:26.884 [info] > git for-each-ref --format=%(refname)%00%(upstream:short)%00%(objectname)%00%(upstream:track)%00%(upstream:remotename)%00%(upstream:remoteref) refs/heads/master refs/remotes/master [1ms]
2024-02-24 10:01:26.898 [info] > git status -z -uall [2ms]
2024-02-24 10:02:13.139 [info] > git show --textconv :points.json [12ms]
2024-02-24 10:02:13.141 [info] > git ls-files --stage -- /home/sivasli_58/Documents/PROJECTS/MTahir_Bot/points.json [2ms]
2024-02-24 10:02:13.153 [info] > git cat-file -s f0a17da3c87755f870cae58044680050dc2f954b [1ms]
2024-02-24 10:02:17.301 [info] > git config --get commit.template [13ms]
2024-02-24 10:02:17.301 [info] > git for-each-ref --format=%(refname)%00%(upstream:short)%00%(objectname)%00%(upstream:track)%00%(upstream:remotename)%00%(upstream:remoteref) refs/heads/master refs/remotes/master [1ms]
2024-02-24 10:02:17.316 [info] > git status -z -uall [2ms]
2024-02-24 10:02:40.964 [info] > git config --get commit.template [14ms]
2024-02-24 10:02:40.965 [info] > git for-each-ref --format=%(refname)%00%(upstream:short)%00%(objectname)%00%(upstream:track)%00%(upstream:remotename)%00%(upstream:remoteref) refs/heads/master refs/remotes/master [2ms]
2024-02-24 10:02:40.980 [info] > git status -z -uall [2ms]
2024-02-24 10:02:46.057 [info] > git config --get commit.template [41ms]
2024-02-24 10:02:46.059 [info] > git for-each-ref --format=%(refname)%00%(upstream:short)%00%(objectname)%00%(upstream:track)%00%(upstream:remotename)%00%(upstream:remoteref) refs/heads/master refs/remotes/master [5ms]
2024-02-24 10:02:46.077 [info] > git status -z -uall [2ms]
2024-02-24 10:02:51.359 [info] > git config --get commit.template [28ms]
2024-02-24 10:02:51.360 [info] > git for-each-ref --format=%(refname)%00%(upstream:short)%00%(objectname)%00%(upstream:track)%00%(upstream:remotename)%00%(upstream:remoteref) refs/heads/master refs/remotes/master [2ms]
2024-02-24 10:02:51.381 [info] > git status -z -uall [2ms]
2024-02-24 10:02:54.053 [info] > git show --textconv :chapter.json [12ms]
2024-02-24 10:02:54.054 [info] > git ls-files --stage -- /home/sivasli_58/Documents/PROJECTS/MTahir_Bot/chapter.json [2ms]
2024-02-24 10:02:54.066 [info] > git cat-file -s 5f124ea21e0cd4118d63904947d6ff619b092056 [1ms]
2024-02-24 10:02:55.337 [info] > git show --textconv :main.js [34ms]
2024-02-24 10:02:55.340 [info] > git ls-files --stage -- /home/sivasli_58/Documents/PROJECTS/MTahir_Bot/main.js [4ms]
2024-02-24 10:02:55.361 [info] > git cat-file -s 223fc60ce3d659f67ed2de6ecc72b4a0e9e2010a [4ms]
2024-02-24 10:02:56.346 [info] > git show --textconv :test.py [31ms]
2024-02-24 10:02:56.348 [info] > git ls-files --stage -- /home/sivasli_58/Documents/PROJECTS/MTahir_Bot/test.py [3ms]
2024-02-24 10:02:56.363 [info] > git cat-file -s 45d4a3e784fe6ed0e7a43e0681e767057f905359 [1ms]
2024-02-24 10:02:57.395 [info] > git show --textconv :prototype1.py [30ms]
2024-02-24 10:02:57.398 [info] > git ls-files --stage -- /home/sivasli_58/Documents/PROJECTS/MTahir_Bot/prototype1.py [5ms]
2024-02-24 10:02:57.430 [info] > git cat-file -s 85609942db2581e9e0d6dd0adc374e49f2673fda [4ms]
2024-02-24 10:03:39.970 [info] > git config --get commit.template [32ms]
2024-02-24 10:03:39.972 [info] > git for-each-ref --format=%(refname)%00%(upstream:short)%00%(objectname)%00%(upstream:track)%00%(upstream:remotename)%00%(upstream:remoteref) refs/heads/master refs/remotes/master [4ms]
2024-02-24 10:03:40.002 [info] > git status -z -uall [4ms]
2024-02-24 10:04:40.402 [info] > git config --get commit.template [1ms]
2024-02-24 10:04:40.421 [info] > git for-each-ref --format=%(refname)%00%(upstream:short)%00%(objectname)%00%(upstream:track)%00%(upstream:remotename)%00%(upstream:remoteref) refs/heads/master refs/remotes/master [2ms]
2024-02-24 10:04:40.436 [info] > git status -z -uall [2ms]
2024-02-24 10:04:54.290 [info] > git config --get commit.template [12ms]
2024-02-24 10:04:54.291 [info] > git for-each-ref --format=%(refname)%00%(upstream:short)%00%(objectname)%00%(upstream:track)%00%(upstream:remotename)%00%(upstream:remoteref) refs/heads/master refs/remotes/master [1ms]
2024-02-24 10:04:54.303 [info] > git status -z -uall [2ms]
2024-02-24 10:05:28.153 [info] > git show --textconv :chapter.json [13ms]
2024-02-24 10:05:28.154 [info] > git ls-files --stage -- /home/sivasli_58/Documents/PROJECTS/MTahir_Bot/chapter.json [1ms]
2024-02-24 10:05:28.167 [info] > git cat-file -s 5f124ea21e0cd4118d63904947d6ff619b092056 [1ms]
2024-02-24 10:05:30.877 [info] > git show --textconv :test.py [29ms]
2024-02-24 10:05:30.880 [info] > git ls-files --stage -- /home/sivasli_58/Documents/PROJECTS/MTahir_Bot/test.py [4ms]
2024-02-24 10:05:30.900 [info] > git cat-file -s 45d4a3e784fe6ed0e7a43e0681e767057f905359 [3ms]
2024-02-24 10:06:04.819 [info] > git config --get commit.template [13ms]
2024-02-24 10:06:04.819 [info] > git for-each-ref --format=%(refname)%00%(upstream:short)%00%(objectname)%00%(upstream:track)%00%(upstream:remotename)%00%(upstream:remoteref) refs/heads/master refs/remotes/master [1ms]
2024-02-24 10:06:04.833 [info] > git status -z -uall [2ms]
2024-02-24 10:06:11.293 [info] > git show --textconv :prototype1.py [29ms]
2024-02-24 10:06:11.295 [info] > git ls-files --stage -- /home/sivasli_58/Documents/PROJECTS/MTahir_Bot/prototype1.py [3ms]
2024-02-24 10:06:11.317 [info] > git cat-file -s 85609942db2581e9e0d6dd0adc374e49f2673fda [3ms]
2024-02-24 10:06:25.606 [info] > git config --get commit.template [33ms]
2024-02-24 10:06:25.608 [info] > git for-each-ref --format=%(refname)%00%(upstream:short)%00%(objectname)%00%(upstream:track)%00%(upstream:remotename)%00%(upstream:remoteref) refs/heads/master refs/remotes/master [4ms]
2024-02-24 10:06:25.636 [info] > git status -z -uall [3ms]
2024-02-24 10:06:55.874 [info] > git config --get commit.template [1ms]
2024-02-24 10:06:55.888 [info] > git for-each-ref --format=%(refname)%00%(upstream:short)%00%(objectname)%00%(upstream:track)%00%(upstream:remotename)%00%(upstream:remoteref) refs/heads/master refs/remotes/master [2ms]
2024-02-24 10:06:55.901 [info] > git status -z -uall [2ms]
