2024-02-24 08:59:00.238 [info] Telemetry level is off
2024-02-24 08:59:00.238 [info] Experiments are disabled, only manually opted experiments are active.
2024-02-24 08:59:00.238 [info] Default formatter is set to null for workspace /home/sivasli_58/Documents/PROJECTS/MTahir_Bot
2024-02-24 08:59:00.238 [info] Test server listening.
2024-02-24 08:59:00.238 [info] Python interpreter path: /bin/python
2024-02-24 08:59:01.267 [info] Starting Jedi language server for MTahir_Bot.
2024-02-24 09:00:12.593 [info] Discover tests for workspace name: MTahir_Bot - uri: /home/sivasli_58/Documents/PROJECTS/MTahir_Bot/test.py
2024-02-24 09:00:26.180 [info] Discover tests for workspace name: MTahir_Bot - uri: /home/sivasli_58/Documents/PROJECTS/MTahir_Bot/test.py
2024-02-24 09:01:18.455 [info] Discover tests for workspace name: MTahir_Bot - uri: /home/sivasli_58/Documents/PROJECTS/MTahir_Bot/prototype1.py
2024-02-24 09:01:41.582 [info] Discover tests for workspace name: MTahir_Bot - uri: /home/sivasli_58/Documents/PROJECTS/MTahir_Bot/test.py
2024-02-24 09:02:06.858 [info] Discover tests for workspace name: MTahir_Bot - uri: /home/sivasli_58/Documents/PROJECTS/MTahir_Bot/test.py
2024-02-24 09:03:04.848 [info] Discover tests for workspace name: MTahir_Bot - uri: /home/sivasli_58/Documents/PROJECTS/MTahir_Bot/prototype1.py
2024-02-24 09:03:46.335 [info] Discover tests for workspace name: MTahir_Bot - uri: /home/sivasli_58/Documents/PROJECTS/MTahir_Bot/prototype1.py
2024-02-24 09:04:01.964 [info] Discover tests for workspace name: MTahir_Bot - uri: /home/sivasli_58/Documents/PROJECTS/MTahir_Bot/prototype1.py
2024-02-24 09:04:34.649 [info] Discover tests for workspace name: MTahir_Bot - uri: /home/sivasli_58/Documents/PROJECTS/MTahir_Bot/prototype1.py
2024-02-24 09:04:52.181 [info] Discover tests for workspace name: MTahir_Bot - uri: /home/sivasli_58/Documents/PROJECTS/MTahir_Bot/prototype1.py
2024-02-24 09:05:30.533 [info] Discover tests for workspace name: MTahir_Bot - uri: /home/sivasli_58/Documents/PROJECTS/MTahir_Bot/prototype1.py
2024-02-24 09:06:17.801 [info] Discover tests for workspace name: MTahir_Bot - uri: /home/sivasli_58/Documents/PROJECTS/MTahir_Bot/prototype1.py
2024-02-24 09:06:21.130 [info] Discover tests for workspace name: MTahir_Bot - uri: /home/sivasli_58/Documents/PROJECTS/MTahir_Bot/prototype1.py
2024-02-24 09:08:13.344 [info] Discover tests for workspace name: MTahir_Bot - uri: /home/sivasli_58/Documents/PROJECTS/MTahir_Bot/prototype1.py
2024-02-24 09:08:14.901 [info] Discover tests for workspace name: MTahir_Bot - uri: /home/sivasli_58/Documents/PROJECTS/MTahir_Bot/prototype1.py
2024-02-24 09:08:49.754 [info] Discover tests for workspace name: MTahir_Bot - uri: /home/sivasli_58/Documents/PROJECTS/MTahir_Bot/prototype1.py
2024-02-24 09:08:55.387 [info] Discover tests for workspace name: MTahir_Bot - uri: /home/sivasli_58/Documents/PROJECTS/MTahir_Bot/prototype1.py
2024-02-24 09:08:59.920 [info] Discover tests for workspace name: MTahir_Bot - uri: /home/sivasli_58/Documents/PROJECTS/MTahir_Bot/prototype1.py
2024-02-24 09:09:35.140 [info] Discover tests for workspace name: MTahir_Bot - uri: /home/sivasli_58/Documents/PROJECTS/MTahir_Bot/prototype1.py
2024-02-24 09:09:44.145 [info] Discover tests for workspace name: MTahir_Bot - uri: /home/sivasli_58/Documents/PROJECTS/MTahir_Bot/prototype1.py
2024-02-24 09:14:34.587 [info] Discover tests for workspace name: MTahir_Bot - uri: /home/sivasli_58/Documents/PROJECTS/MTahir_Bot/prototype1.py
2024-02-24 09:15:46.399 [info] Discover tests for workspace name: MTahir_Bot - uri: /home/sivasli_58/Documents/PROJECTS/MTahir_Bot/prototype1.py
2024-02-24 09:15:59.052 [info] Discover tests for workspace name: MTahir_Bot - uri: /home/sivasli_58/Documents/PROJECTS/MTahir_Bot/prototype1.py
2024-02-24 09:17:04.868 [info] Discover tests for workspace name: MTahir_Bot - uri: /home/sivasli_58/Documents/PROJECTS/MTahir_Bot/prototype1.py
2024-02-24 09:18:35.002 [info] Discover tests for workspace name: MTahir_Bot - uri: /home/sivasli_58/Documents/PROJECTS/MTahir_Bot/prototype1.py
2024-02-24 09:18:35.980 [info] Discover tests for workspace name: MTahir_Bot - uri: /home/sivasli_58/Documents/PROJECTS/MTahir_Bot/prototype1.py
2024-02-24 09:19:27.432 [info] Discover tests for workspace name: MTahir_Bot - uri: /home/sivasli_58/Documents/PROJECTS/MTahir_Bot/prototype1.py
2024-02-24 09:19:28.580 [info] Discover tests for workspace name: MTahir_Bot - uri: /home/sivasli_58/Documents/PROJECTS/MTahir_Bot/prototype1.py
2024-02-24 09:19:30.750 [info] Discover tests for workspace name: MTahir_Bot - uri: /home/sivasli_58/Documents/PROJECTS/MTahir_Bot/prototype1.py
2024-02-24 09:20:01.608 [info] Discover tests for workspace name: MTahir_Bot - uri: /home/sivasli_58/Documents/PROJECTS/MTahir_Bot/prototype1.py
2024-02-24 09:20:05.221 [info] Discover tests for workspace name: MTahir_Bot - uri: /home/sivasli_58/Documents/PROJECTS/MTahir_Bot/prototype1.py
2024-02-24 09:20:45.274 [info] Discover tests for workspace name: MTahir_Bot - uri: /home/sivasli_58/Documents/PROJECTS/MTahir_Bot/prototype1.py
2024-02-24 09:21:42.168 [info] Discover tests for workspace name: MTahir_Bot - uri: /home/sivasli_58/Documents/PROJECTS/MTahir_Bot/prototype1.py
2024-02-24 09:25:49.444 [info] Discover tests for workspace name: MTahir_Bot - uri: /home/sivasli_58/Documents/PROJECTS/MTahir_Bot/prototype1.py
2024-02-24 09:27:42.658 [info] Discover tests for workspace name: undefined - uri: /home/sivasli_58/.config/VSCodium/User/settings.json
2024-02-24 09:27:45.591 [info] Discover tests for workspace name: undefined - uri: /home/sivasli_58/.config/VSCodium/User/settings.json
2024-02-24 09:27:48.720 [info] Discover tests for workspace name: MTahir_Bot - uri: /home/sivasli_58/Documents/PROJECTS/MTahir_Bot/prototype1.py
2024-02-24 09:28:04.906 [info] Discover tests for workspace name: MTahir_Bot - uri: /home/sivasli_58/Documents/PROJECTS/MTahir_Bot/prototype1.py
2024-02-24 09:30:15.050 [info] Discover tests for workspace name: MTahir_Bot - uri: /home/sivasli_58/Documents/PROJECTS/MTahir_Bot/prototype1.py
2024-02-24 09:30:16.279 [info] Discover tests for workspace name: MTahir_Bot - uri: /home/sivasli_58/Documents/PROJECTS/MTahir_Bot/prototype1.py
2024-02-24 09:31:23.624 [info] Discover tests for workspace name: MTahir_Bot - uri: /home/sivasli_58/Documents/PROJECTS/MTahir_Bot/prototype1.py
2024-02-24 09:32:24.875 [info] Discover tests for workspace name: MTahir_Bot - uri: /home/sivasli_58/Documents/PROJECTS/MTahir_Bot/prototype1.py
2024-02-24 09:34:32.054 [info] Discover tests for workspace name: MTahir_Bot - uri: /home/sivasli_58/Documents/PROJECTS/MTahir_Bot/prototype1.py
2024-02-24 09:34:34.518 [info] Discover tests for workspace name: MTahir_Bot - uri: /home/sivasli_58/Documents/PROJECTS/MTahir_Bot/prototype1.py
2024-02-24 09:39:07.822 [info] Discover tests for workspace name: MTahir_Bot - uri: /home/sivasli_58/Documents/PROJECTS/MTahir_Bot/prototype1.py
2024-02-24 09:39:15.084 [info] Discover tests for workspace name: MTahir_Bot - uri: /home/sivasli_58/Documents/PROJECTS/MTahir_Bot/prototype1.py
2024-02-24 09:39:43.445 [info] Discover tests for workspace name: MTahir_Bot - uri: /home/sivasli_58/Documents/PROJECTS/MTahir_Bot/prototype1.py
2024-02-24 09:40:03.439 [info] Discover tests for workspace name: MTahir_Bot - uri: /home/sivasli_58/Documents/PROJECTS/MTahir_Bot/prototype1.py
2024-02-24 09:40:18.424 [info] Discover tests for workspace name: MTahir_Bot - uri: /home/sivasli_58/Documents/PROJECTS/MTahir_Bot/prototype1.py
2024-02-24 09:40:32.648 [info] Discover tests for workspace name: MTahir_Bot - uri: /home/sivasli_58/Documents/PROJECTS/MTahir_Bot/prototype1.py
2024-02-24 09:40:38.305 [info] Discover tests for workspace name: MTahir_Bot - uri: /home/sivasli_58/Documents/PROJECTS/MTahir_Bot/prototype1.py
2024-02-24 09:41:20.889 [info] Discover tests for workspace name: MTahir_Bot - uri: /home/sivasli_58/Documents/PROJECTS/MTahir_Bot/prototype1.py
2024-02-24 09:43:06.987 [info] Discover tests for workspace name: MTahir_Bot - uri: /home/sivasli_58/Documents/PROJECTS/MTahir_Bot/prototype1.py
2024-02-24 09:43:32.292 [info] Discover tests for workspace name: MTahir_Bot - uri: /home/sivasli_58/Documents/PROJECTS/MTahir_Bot/prototype1.py
2024-02-24 09:43:44.487 [info] Discover tests for workspace name: MTahir_Bot - uri: /home/sivasli_58/Documents/PROJECTS/MTahir_Bot/prototype1.py
2024-02-24 09:44:26.073 [info] Discover tests for workspace name: MTahir_Bot - uri: /home/sivasli_58/Documents/PROJECTS/MTahir_Bot/prototype1.py
2024-02-24 09:44:48.174 [info] Discover tests for workspace name: MTahir_Bot - uri: /home/sivasli_58/Documents/PROJECTS/MTahir_Bot/prototype1.py
2024-02-24 09:46:07.696 [info] Discover tests for workspace name: MTahir_Bot - uri: /home/sivasli_58/Documents/PROJECTS/MTahir_Bot/prototype1.py
2024-02-24 09:49:11.609 [info] Discover tests for workspace name: MTahir_Bot - uri: /home/sivasli_58/Documents/PROJECTS/MTahir_Bot/prototype1.py
2024-02-24 09:50:16.322 [info] Discover tests for workspace name: MTahir_Bot - uri: /home/sivasli_58/Documents/PROJECTS/MTahir_Bot/prototype1.py
2024-02-24 09:51:46.548 [info] Discover tests for workspace name: MTahir_Bot - uri: /home/sivasli_58/Documents/PROJECTS/MTahir_Bot/prototype1.py
2024-02-24 09:51:54.980 [info] Discover tests for workspace name: MTahir_Bot - uri: /home/sivasli_58/Documents/PROJECTS/MTahir_Bot/prototype1.py
2024-02-24 09:52:25.009 [info] Discover tests for workspace name: MTahir_Bot - uri: /home/sivasli_58/Documents/PROJECTS/MTahir_Bot/prototype1.py
2024-02-24 09:53:39.220 [info] Discover tests for workspace name: MTahir_Bot - uri: /home/sivasli_58/Documents/PROJECTS/MTahir_Bot/prototype1.py
2024-02-24 09:54:55.302 [info] Discover tests for workspace name: MTahir_Bot - uri: /home/sivasli_58/Documents/PROJECTS/MTahir_Bot/prototype1.py
2024-02-24 09:56:50.657 [info] Discover tests for workspace name: MTahir_Bot - uri: /home/sivasli_58/Documents/PROJECTS/MTahir_Bot/prototype1.py
2024-02-24 09:58:21.174 [info] Discover tests for workspace name: MTahir_Bot - uri: /home/sivasli_58/Documents/PROJECTS/MTahir_Bot/prototype1.py
2024-02-24 09:58:22.594 [info] Discover tests for workspace name: MTahir_Bot - uri: /home/sivasli_58/Documents/PROJECTS/MTahir_Bot/prototype1.py
2024-02-24 10:01:26.032 [info] Discover tests for workspace name: MTahir_Bot - uri: /home/sivasli_58/Documents/PROJECTS/MTahir_Bot/prototype1.py
2024-02-24 10:03:39.097 [info] Discover tests for workspace name: MTahir_Bot - uri: /home/sivasli_58/Documents/PROJECTS/MTahir_Bot/prototype1.py
2024-02-24 10:04:39.522 [info] Discover tests for workspace name: MTahir_Bot - uri: /home/sivasli_58/Documents/PROJECTS/MTahir_Bot/prototype1.py
2024-02-24 10:04:53.438 [info] Discover tests for workspace name: MTahir_Bot - uri: /home/sivasli_58/Documents/PROJECTS/MTahir_Bot/prototype1.py
2024-02-24 10:06:24.727 [info] Discover tests for workspace name: MTahir_Bot - uri: /home/sivasli_58/Documents/PROJECTS/MTahir_Bot/prototype1.py
