2024-02-23 20:26:16.894 [info] Reading sessions from keychain...
2024-02-23 20:26:16.894 [info] Getting sessions for all scopes...
2024-02-23 20:26:16.894 [info] Got stored sessions!
2024-02-23 20:26:16.894 [info] Got 2 verified sessions.
2024-02-23 20:26:16.894 [info] Got 2 sessions for ...
2024-02-23 20:26:16.894 [info] Getting sessions for read:user...
2024-02-23 20:26:16.894 [info] Got 0 sessions for read:user...
2024-02-23 20:26:16.896 [info] Getting sessions for user:email...
2024-02-23 20:26:16.896 [info] Got 1 sessions for user:email...
2024-02-23 20:26:16.939 [info] Getting sessions for read:user,repo,user:email,workflow...
2024-02-23 20:26:16.939 [info] Got 1 sessions for read:user,repo,user:email,workflow...
2024-02-23 20:26:18.299 [info] Getting sessions for read:user,repo,user:email,workflow...
2024-02-23 20:26:18.299 [info] Got 1 sessions for read:user,repo,user:email,workflow...
2024-02-23 20:26:21.096 [info] Getting sessions for all scopes...
2024-02-23 20:26:21.096 [info] Got 2 sessions for ...
2024-02-23 20:26:21.252 [info] Getting sessions for all scopes...
2024-02-23 20:26:21.252 [info] Got 2 sessions for ...
2024-02-23 20:51:19.030 [info] Getting sessions for read:user...
2024-02-23 20:51:19.030 [info] Got 0 sessions for read:user...
2024-02-23 20:51:19.031 [info] Getting sessions for user:email...
2024-02-23 20:51:19.031 [info] Got 1 sessions for user:email...
2024-02-23 21:16:19.646 [info] Getting sessions for read:user...
2024-02-23 21:16:19.646 [info] Got 0 sessions for read:user...
2024-02-23 21:16:19.651 [info] Getting sessions for user:email...
2024-02-23 21:16:19.651 [info] Got 1 sessions for user:email...
2024-02-23 21:41:20.352 [info] Getting sessions for read:user...
2024-02-23 21:41:20.352 [info] Got 0 sessions for read:user...
2024-02-23 21:41:20.358 [info] Getting sessions for user:email...
2024-02-23 21:41:20.358 [info] Got 1 sessions for user:email...
