2024-02-21 22:53:09.005 [info] Log level: Info
2024-02-21 22:53:09.005 [info] Validating found git in: "git"
2024-02-21 22:53:09.040 [info] Using git "2.43.0" from "git"
2024-02-21 22:53:09.066 [info] > git rev-parse --show-toplevel [4ms]
2024-02-21 22:53:09.079 [info] > git rev-parse --git-dir --git-common-dir [2ms]
2024-02-21 22:53:09.115 [info] Open repository: /home/sivasli_58/Documents/PROJECTS/MTahir_Bot
2024-02-21 22:53:09.169 [info] > git rev-parse --show-toplevel [31ms]
2024-02-21 22:53:09.170 [info] > git config --get commit.template [39ms]
2024-02-21 22:53:09.371 [info] > git rev-parse --show-toplevel [43ms]
2024-02-21 22:53:09.416 [info] > git for-each-ref --format=%(refname)%00%(upstream:short)%00%(objectname)%00%(upstream:track)%00%(upstream:remotename)%00%(upstream:remoteref) refs/heads/master refs/remotes/master [47ms]
2024-02-21 22:53:09.487 [info] > git status -z -uall [36ms]
2024-02-21 22:53:09.523 [info] > git config --get commit.template [5ms]
2024-02-21 22:53:09.540 [info] > git for-each-ref --format=%(refname)%00%(upstream:short)%00%(objectname)%00%(upstream:track)%00%(upstream:remotename)%00%(upstream:remoteref) refs/heads/master refs/remotes/master [3ms]
2024-02-21 22:53:09.551 [info] > git status -z -uall [2ms]
2024-02-21 22:53:09.683 [info] > git fetch [569ms]
2024-02-21 22:53:09.698 [info] > git config --get commit.template [2ms]
2024-02-21 22:53:09.836 [info] > git for-each-ref --format=%(refname)%00%(upstream:short)%00%(objectname)%00%(upstream:track)%00%(upstream:remotename)%00%(upstream:remoteref) refs/heads/master refs/remotes/master [130ms]
2024-02-21 22:53:09.853 [info] > git check-ignore -v -z --stdin [6ms]
2024-02-21 22:53:09.869 [info] > git status -z -uall [3ms]
2024-02-21 22:53:10.016 [info] > git show --textconv :points.json [16ms]
2024-02-21 22:53:10.253 [info] > git ls-files --stage -- /home/sivasli_58/Documents/PROJECTS/MTahir_Bot/points.json [241ms]
2024-02-21 22:53:10.304 [info] > git cat-file -s f0a17da3c87755f870cae58044680050dc2f954b [42ms]
2024-02-21 22:53:10.962 [info] > git ls-files --stage -- /home/sivasli_58/Documents/PROJECTS/MTahir_Bot/points.json [1ms]
2024-02-21 22:53:10.969 [info] > git cat-file -s f0a17da3c87755f870cae58044680050dc2f954b [1ms]
2024-02-21 22:53:10.979 [info] > git show --textconv :points.json [2ms]
2024-02-21 22:57:59.417 [info] > git ls-files --stage -- /home/sivasli_58/Documents/PROJECTS/MTahir_Bot/points.json [2ms]
2024-02-21 22:57:59.427 [info] > git cat-file -s f0a17da3c87755f870cae58044680050dc2f954b [2ms]
2024-02-21 22:57:59.438 [info] > git show --textconv :points.json [2ms]
2024-02-21 22:58:03.510 [info] > git fetch [5301ms]
2024-02-21 22:58:03.554 [info] > git config --get commit.template [22ms]
2024-02-21 22:58:03.555 [info] > git for-each-ref --format=%(refname)%00%(upstream:short)%00%(objectname)%00%(upstream:track)%00%(upstream:remotename)%00%(upstream:remoteref) refs/heads/master refs/remotes/master [5ms]
2024-02-21 22:58:03.578 [info] > git status -z -uall [6ms]
2024-02-21 22:58:04.700 [info] > git ls-files --stage -- /home/sivasli_58/Documents/PROJECTS/MTahir_Bot/points.json [2ms]
2024-02-21 22:58:04.710 [info] > git cat-file -s f0a17da3c87755f870cae58044680050dc2f954b [2ms]
2024-02-21 22:58:04.721 [info] > git show --textconv :points.json [2ms]
2024-02-21 23:01:02.955 [info] > git show --textconv :prototype1.py [13ms]
2024-02-21 23:01:02.957 [info] > git ls-files --stage -- /home/sivasli_58/Documents/PROJECTS/MTahir_Bot/prototype1.py [3ms]
2024-02-21 23:01:02.987 [info] > git cat-file -s 85609942db2581e9e0d6dd0adc374e49f2673fda [19ms]
2024-02-21 23:01:04.376 [info] > git fetch [783ms]
2024-02-21 23:01:04.398 [info] > git config --get commit.template [10ms]
2024-02-21 23:01:04.399 [info] > git for-each-ref --format=%(refname)%00%(upstream:short)%00%(objectname)%00%(upstream:track)%00%(upstream:remotename)%00%(upstream:remoteref) refs/heads/master refs/remotes/master [3ms]
2024-02-21 23:01:04.411 [info] > git status -z -uall [2ms]
2024-02-21 23:01:05.465 [info] > git config --get commit.template [7ms]
2024-02-21 23:01:05.465 [info] > git for-each-ref --format=%(refname)%00%(upstream:short)%00%(objectname)%00%(upstream:track)%00%(upstream:remotename)%00%(upstream:remoteref) refs/heads/master refs/remotes/master [1ms]
2024-02-21 23:01:05.477 [info] > git status -z -uall [1ms]
2024-02-21 23:01:05.560 [info] > git ls-files --stage -- /home/sivasli_58/Documents/PROJECTS/MTahir_Bot/prototype1.py [3ms]
2024-02-21 23:01:05.568 [info] > git cat-file -s 85609942db2581e9e0d6dd0adc374e49f2673fda [1ms]
2024-02-21 23:01:05.583 [info] > git show --textconv :prototype1.py [4ms]
2024-02-21 23:01:18.607 [info] > git show --textconv :prototype1.py [8ms]
2024-02-21 23:01:18.609 [info] > git ls-files --stage -- /home/sivasli_58/Documents/PROJECTS/MTahir_Bot/prototype1.py [2ms]
2024-02-21 23:01:18.619 [info] > git cat-file -s 85609942db2581e9e0d6dd0adc374e49f2673fda [1ms]
2024-02-21 23:03:14.567 [info] > git show --textconv :test.py [25ms]
2024-02-21 23:03:14.571 [info] > git ls-files --stage -- /home/sivasli_58/Documents/PROJECTS/MTahir_Bot/test.py [7ms]
2024-02-21 23:03:14.595 [info] > git cat-file -s 45d4a3e784fe6ed0e7a43e0681e767057f905359 [4ms]
2024-02-21 23:03:15.343 [info] > git show --textconv :prototype1.py [17ms]
2024-02-21 23:03:15.346 [info] > git ls-files --stage -- /home/sivasli_58/Documents/PROJECTS/MTahir_Bot/prototype1.py [3ms]
2024-02-21 23:03:15.356 [info] > git cat-file -s 85609942db2581e9e0d6dd0adc374e49f2673fda [1ms]
2024-02-21 23:04:25.076 [info] > git fetch [6993ms]
2024-02-21 23:04:25.094 [info] > git config --get commit.template [7ms]
2024-02-21 23:04:25.095 [info] > git for-each-ref --format=%(refname)%00%(upstream:short)%00%(objectname)%00%(upstream:track)%00%(upstream:remotename)%00%(upstream:remoteref) refs/heads/master refs/remotes/master [1ms]
2024-02-21 23:04:25.103 [info] > git status -z -uall [1ms]
2024-02-21 23:04:34.293 [info] > git config --get commit.template [11ms]
2024-02-21 23:04:34.293 [info] > git for-each-ref --format=%(refname)%00%(upstream:short)%00%(objectname)%00%(upstream:track)%00%(upstream:remotename)%00%(upstream:remoteref) refs/heads/master refs/remotes/master [2ms]
2024-02-21 23:04:34.305 [info] > git status -z -uall [3ms]
2024-02-21 23:04:34.358 [info] > git ls-files --stage -- /home/sivasli_58/Documents/PROJECTS/MTahir_Bot/prototype1.py [3ms]
2024-02-21 23:04:34.368 [info] > git cat-file -s 85609942db2581e9e0d6dd0adc374e49f2673fda [2ms]
2024-02-21 23:04:34.381 [info] > git show --textconv :prototype1.py [3ms]
2024-02-21 23:07:59.392 [info] > git ls-files --stage -- /home/sivasli_58/Documents/PROJECTS/MTahir_Bot/prototype1.py [3ms]
2024-02-21 23:07:59.403 [info] > git cat-file -s 85609942db2581e9e0d6dd0adc374e49f2673fda [2ms]
2024-02-21 23:07:59.418 [info] > git show --textconv :prototype1.py [1ms]
2024-02-21 23:08:01.751 [info] > git fetch [4483ms]
2024-02-21 23:08:01.779 [info] > git config --get commit.template [10ms]
2024-02-21 23:08:01.779 [info] > git for-each-ref --format=%(refname)%00%(upstream:short)%00%(objectname)%00%(upstream:track)%00%(upstream:remotename)%00%(upstream:remoteref) refs/heads/master refs/remotes/master [1ms]
2024-02-21 23:08:01.788 [info] > git status -z -uall [1ms]
2024-02-21 23:08:20.913 [info] > git config --get commit.template [10ms]
2024-02-21 23:08:20.920 [info] > git ls-files --stage -- /home/sivasli_58/Documents/PROJECTS/MTahir_Bot/prototype1.py [8ms]
2024-02-21 23:08:20.930 [info] > git for-each-ref --format=%(refname)%00%(upstream:short)%00%(objectname)%00%(upstream:track)%00%(upstream:remotename)%00%(upstream:remoteref) refs/heads/master refs/remotes/master [10ms]
2024-02-21 23:08:20.930 [info] > git cat-file -s 85609942db2581e9e0d6dd0adc374e49f2673fda [3ms]
2024-02-21 23:08:20.947 [info] > git show --textconv :prototype1.py [7ms]
2024-02-21 23:08:20.949 [info] > git status -z -uall [3ms]
2024-02-21 23:11:44.925 [info] > git fetch [847ms]
2024-02-21 23:11:44.925 [info] Missing or invalid credentials.
Skip silent fetch commands
Missing or invalid credentials.
Skip silent fetch commands
remote: Repository not found.
fatal: Authentication failed for 'https://github.com/SivasliFerhat58/mtd-bot.git/'
2024-02-21 23:11:44.970 [info] > git config --get commit.template [24ms]
2024-02-21 23:11:44.972 [info] > git for-each-ref --format=%(refname)%00%(upstream:short)%00%(objectname)%00%(upstream:track)%00%(upstream:remotename)%00%(upstream:remoteref) refs/heads/master refs/remotes/master [4ms]
2024-02-21 23:11:44.984 [info] > git status -z -uall [1ms]
2024-02-21 23:11:45.289 [info] > git ls-files --stage -- /home/sivasli_58/Documents/PROJECTS/MTahir_Bot/prototype1.py [1ms]
2024-02-21 23:11:45.303 [info] > git cat-file -s 85609942db2581e9e0d6dd0adc374e49f2673fda [1ms]
2024-02-21 23:11:45.332 [info] > git show --textconv :prototype1.py [2ms]
