2024-02-21 23:40:29.100 [info] Reading sessions from keychain...
2024-02-21 23:40:29.100 [info] Getting sessions for all scopes...
2024-02-21 23:40:29.100 [info] Got stored sessions!
2024-02-21 23:40:29.100 [info] Got 2 verified sessions.
2024-02-21 23:40:29.100 [info] Got 2 sessions for ...
2024-02-21 23:40:29.100 [info] Getting sessions for read:user...
2024-02-21 23:40:29.100 [info] Got 0 sessions for read:user...
2024-02-21 23:40:29.100 [info] Getting sessions for read:user,repo,user:email,workflow...
2024-02-21 23:40:29.100 [info] Got 1 sessions for read:user,repo,user:email,workflow...
2024-02-21 23:40:29.420 [info] Getting sessions for user:email...
2024-02-21 23:40:29.420 [info] Got 1 sessions for user:email...
2024-02-21 23:40:30.241 [info] Getting sessions for all scopes...
2024-02-21 23:40:30.241 [info] Got 2 sessions for ...
2024-02-21 23:40:31.125 [info] Getting sessions for read:user,repo,user:email,workflow...
2024-02-21 23:40:31.125 [info] Got 1 sessions for read:user,repo,user:email,workflow...
2024-02-22 00:05:31.767 [info] Getting sessions for read:user...
2024-02-22 00:05:31.767 [info] Got 0 sessions for read:user...
2024-02-22 00:05:31.769 [info] Getting sessions for user:email...
2024-02-22 00:05:31.769 [info] Got 1 sessions for user:email...
2024-02-22 00:30:32.441 [info] Getting sessions for read:user...
2024-02-22 00:30:32.441 [info] Got 0 sessions for read:user...
2024-02-22 00:30:32.447 [info] Getting sessions for user:email...
2024-02-22 00:30:32.447 [info] Got 1 sessions for user:email...
2024-02-22 00:55:33.259 [info] Getting sessions for read:user...
2024-02-22 00:55:33.259 [info] Got 0 sessions for read:user...
2024-02-22 00:55:33.262 [info] Getting sessions for user:email...
2024-02-22 00:55:33.262 [info] Got 1 sessions for user:email...
2024-02-22 01:20:36.068 [info] Getting sessions for read:user...
2024-02-22 01:20:36.069 [info] Got 0 sessions for read:user...
2024-02-22 01:20:36.073 [info] Getting sessions for user:email...
2024-02-22 01:20:36.073 [info] Got 1 sessions for user:email...
