2024-02-22 21:53:06.161 [info] Log level: Info
2024-02-22 21:53:06.161 [info] Validating found git in: "git"
2024-02-22 21:53:06.161 [info] Using git "2.43.0" from "git"
2024-02-22 21:53:06.184 [info] > git rev-parse --show-toplevel [10ms]
2024-02-22 21:53:06.504 [info] > git rev-parse --git-dir --git-common-dir [57ms]
2024-02-22 21:53:06.530 [info] Open repository: /home/sivasli_58/Documents/PROJECTS/MTahir_Bot
2024-02-22 21:53:06.615 [info] > git rev-parse --show-toplevel [45ms]
2024-02-22 21:53:06.617 [info] > git config --get commit.template [55ms]
2024-02-22 21:53:06.645 [info] > git rev-parse --show-toplevel [17ms]
2024-02-22 21:53:06.648 [info] > git for-each-ref --format=%(refname)%00%(upstream:short)%00%(objectname)%00%(upstream:track)%00%(upstream:remotename)%00%(upstream:remoteref) refs/heads/master refs/remotes/master [9ms]
2024-02-22 21:53:06.676 [info] > git status -z -uall [9ms]
2024-02-22 21:53:06.723 [info] > git config --get commit.template [6ms]
2024-02-22 21:53:06.853 [info] > git for-each-ref --format=%(refname)%00%(upstream:short)%00%(objectname)%00%(upstream:track)%00%(upstream:remotename)%00%(upstream:remoteref) refs/heads/master refs/remotes/master [119ms]
2024-02-22 21:53:07.089 [info] > git status -z -uall [214ms]
2024-02-22 21:53:07.145 [info] > git check-ignore -v -z --stdin [34ms]
2024-02-22 21:53:12.178 [info] > git show --textconv :prototype1.py [11ms]
2024-02-22 21:53:12.179 [info] > git ls-files --stage -- /home/sivasli_58/Documents/PROJECTS/MTahir_Bot/prototype1.py [2ms]
2024-02-22 21:53:12.190 [info] > git cat-file -s 85609942db2581e9e0d6dd0adc374e49f2673fda [2ms]
2024-02-22 21:53:13.730 [info] > git fetch [2172ms]
2024-02-22 21:53:13.731 [info] Missing or invalid credentials.
Skip silent fetch commands
Missing or invalid credentials.
Skip silent fetch commands
remote: Repository not found.
fatal: Authentication failed for 'https://github.com/SivasliFerhat58/mtd-bot.git/'
2024-02-22 21:53:13.772 [info] > git config --get commit.template [20ms]
2024-02-22 21:53:13.773 [info] > git for-each-ref --format=%(refname)%00%(upstream:short)%00%(objectname)%00%(upstream:track)%00%(upstream:remotename)%00%(upstream:remoteref) refs/heads/master refs/remotes/master [3ms]
2024-02-22 21:53:13.797 [info] > git status -z -uall [4ms]
